{"numFailedTestSuites":0,"numFailedTests":0,"numPassedTestSuites":13,"numPassedTests":263,"numPendingTestSuites":0,"numPendingTests":1,"numRuntimeErrorTestSuites":0,"numTodoTests":0,"numTotalTestSuites":13,"numTotalTests":264,"openHandles":[],"snapshot":{"added":0,"didUpdate":false,"failure":false,"filesAdded":0,"filesRemoved":0,"filesRemovedList":[],"filesUnmatched":0,"filesUpdated":0,"matched":0,"total":0,"unchecked":0,"uncheckedKeysByFile":[],"unmatched":0,"updated":0},"startTime":1772241983737,"success":true,"testResults":[{"assertionResults":[{"ancestorTitles":["Document Expiry & Notifications","Document Creation with Expiry"],"duration":109,"failing":false,"failureDetails":[],"failureMessages":[],"fullName":"Document Expiry & Notifications Document Creation with Expiry should create document with expiry date","invocations":1,"location":null,"numPassingAsserts":2,"retryReasons":[],"startAt":1772241985432,"status":"passed","title":"should create document with expiry date"},{"ancestorTitles":["Document Expiry & Notifications","Document Creation with Expiry"],"duration":950,"failing":false,"failureDetails":[],"failureMessages":[],"fullName":"Document Expiry & Notifications Document Creation with Expiry should calculate compliance status based on expiry","invocations":1,"location":null,"numPassingAsserts":1,"retryReasons":[],"startAt":1772241985541,"status":"passed","title":"should calculate compliance status based on expiry"},{"ancestorTitles":["Document Expiry & Notifications","Dashboard Expiry Warnings"],"duration":47,"failing":false,"failureDetails":[],"failureMessages":[],"fullName":"Document Expiry & Notifications Dashboard Expiry Warnings supplier dashboard should show expiring documents","invocations":1,"location":null,"numPassingAsserts":2,"retryReasons":[],"startAt":1772241986492,"status":"passed","title":"supplier dashboard should show expiring documents"},{"ancestorTitles":["Document Expiry & Notifications","Dashboard Expiry Warnings"],"duration":76,"failing":false,"failureDetails":[],"failureMessages":[],"fullName":"Document Expiry & Notifications Dashboard Expiry Warnings buyer dashboard should show supplier documents expiring soon","invocations":1,"location":null,"numPassingAsserts":2,"retryReasons":[],"startAt":1772241986539,"status":"passed","title":"buyer dashboard should show supplier documents expiring soon"},{"ancestorTitles":["Document Expiry & Notifications","Notification Triggers"],"duration":896,"failing":false,"failureDetails":[],"failureMessages":[],"fullName":"Document Expiry & Notifications Notification Triggers should create notification when document expires within 30 days","invocations":1,"location":null,"numPassingAsserts":1,"retryReasons":[],"startAt":1772241986615,"status":"passed","title":"should create notification when document expires within 30 days"},{"ancestorTitles":["Document Expiry & Notifications","Notification Triggers"],"duration":183,"failing":false,"failureDetails":[],"failureMessages":[],"fullName":"Document Expiry & Notifications Notification Triggers should send notification to both supplier and buyer","invocations":1,"location":null,"numPassingAsserts":2,"retryReasons":[],"startAt":1772241987511,"status":"passed","title":"should send notification to both supplier and buyer"},{"ancestorTitles":["Document Expiry & Notifications","Document Status by Expiry"],"duration":324,"failing":false,"failureDetails":[],"failureMessages":[],"fullName":"Document Expiry & Notifications Document Status by Expiry should mark documents as VALID, EXPIRING, or EXPIRED","invocations":1,"location":null,"numPassingAsserts":4,"retryReasons":[],"startAt":1772241987695,"status":"passed","title":"should mark documents as VALID, EXPIRING, or EXPIRED"},{"ancestorTitles":["Document Expiry & Notifications","Dashboard Alert Display"],"duration":54,"failing":false,"failureDetails":[],"failureMessages":[],"fullName":"Document Expiry & Notifications Dashboard Alert Display should show alert banner on supplier dashboard for expiring docs","invocations":1,"location":null,"numPassingAsserts":3,"retryReasons":[],"startAt":1772241988020,"status":"passed","title":"should show alert banner on supplier dashboard for expiring docs"},{"ancestorTitles":["Document Expiry & Notifications","Dashboard Alert Display"],"duration":91,"failing":false,"failureDetails":[],"failureMessages":[],"fullName":"Document Expiry & Notifications Dashboard Alert Display should show warning on buyer dashboard for suppliers with expiring docs","invocations":1,"location":null,"numPassingAsserts":2,"retryReasons":[],"startAt":1772241988074,"status":"passed","title":"should show warning on buyer dashboard for suppliers with expiring docs"}],"endTime":1772241988389,"message":"","name":"/Users/shf/sdntech/backend/tests/integration/document-expiry-notifications.test.js","startTime":1772241983894,"status":"passed","summary":""},{"assertionResults":[{"ancestorTitles":["Supplier Integration Tests","Supplier CRUD Operations"],"duration":621,"failing":false,"failureDetails":[],"failureMessages":[],"fullName":"Supplier Integration Tests Supplier CRUD Operations POST /suppliers - Create supplier","invocations":1,"location":null,"numPassingAsserts":2,"retryReasons":[],"startAt":1772241984222,"status":"passed","title":"POST /suppliers - Create supplier"},{"ancestorTitles":["Supplier Integration Tests","Supplier CRUD Operations"],"duration":222,"failing":false,"failureDetails":[],"failureMessages":[],"fullName":"Supplier Integration Tests Supplier CRUD Operations GET /suppliers/:id - Get supplier by ID","invocations":1,"location":null,"numPassingAsserts":3,"retryReasons":[],"startAt":1772241984843,"status":"passed","title":"GET /suppliers/:id - Get supplier by ID"},{"ancestorTitles":["Supplier Integration Tests","Supplier CRUD Operations"],"duration":273,"failing":false,"failureDetails":[],"failureMessages":[],"fullName":"Supplier Integration Tests Supplier CRUD Operations PUT /suppliers/:id - Update supplier (triggers change request)","invocations":1,"location":null,"numPassingAsserts":1,"retryReasons":[],"startAt":1772241985065,"status":"passed","title":"PUT /suppliers/:id - Update supplier (triggers change request)"},{"ancestorTitles":["Supplier Integration Tests","Supplier CRUD Operations"],"duration":267,"failing":false,"failureDetails":[],"failureMessages":[],"fullName":"Supplier Integration Tests Supplier CRUD Operations GET /suppliers - List all suppliers (buyer)","invocations":1,"location":null,"numPassingAsserts":3,"retryReasons":[],"startAt":1772241985338,"status":"passed","title":"GET /suppliers - List all suppliers (buyer)"},{"ancestorTitles":["Supplier Integration Tests","Supplier CRUD Operations"],"duration":35,"failing":false,"failureDetails":[],"failureMessages":[],"fullName":"Supplier Integration Tests Supplier CRUD Operations GET /suppliers - Admin should not access supplier list","invocations":1,"location":null,"numPassingAsserts":1,"retryReasons":[],"startAt":1772241985605,"status":"passed","title":"GET /suppliers - Admin should not access supplier list"},{"ancestorTitles":["Supplier Integration Tests","Supplier Address Management"],"duration":859,"failing":false,"failureDetails":[],"failureMessages":[],"fullName":"Supplier Integration Tests Supplier Address Management POST /suppliers/:id/addresses - Add address","invocations":1,"location":null,"numPassingAsserts":2,"retryReasons":[],"startAt":1772241985641,"status":"passed","title":"POST /suppliers/:id/addresses - Add address"},{"ancestorTitles":["Supplier Integration Tests","Supplier Address Management"],"duration":114,"failing":false,"failureDetails":[],"failureMessages":[],"fullName":"Supplier Integration Tests Supplier Address Management GET /suppliers/:id/addresses - Get all addresses","invocations":1,"location":null,"numPassingAsserts":4,"retryReasons":[],"startAt":1772241986500,"status":"passed","title":"GET /suppliers/:id/addresses - Get all addresses"},{"ancestorTitles":["Supplier Integration Tests","Supplier Contact Management"],"duration":801,"failing":false,"failureDetails":[],"failureMessages":[],"fullName":"Supplier Integration Tests Supplier Contact Management POST /suppliers/:id/contacts - Add contact","invocations":1,"location":null,"numPassingAsserts":2,"retryReasons":[],"startAt":1772241986614,"status":"passed","title":"POST /suppliers/:id/contacts - Add contact"},{"ancestorTitles":["Supplier Integration Tests","Supplier Contact Management"],"duration":47,"failing":false,"failureDetails":[],"failureMessages":[],"fullName":"Supplier Integration Tests Supplier Contact Management GET /suppliers/:id/contacts - Get all contacts","invocations":1,"location":null,"numPassingAsserts":4,"retryReasons":[],"startAt":1772241987415,"status":"passed","title":"GET /suppliers/:id/contacts - Get all contacts"},{"ancestorTitles":["Supplier Integration Tests","Supplier Document Management"],"duration":95,"failing":false,"failureDetails":[],"failureMessages":[],"fullName":"Supplier Integration Tests Supplier Document Management GET /suppliers/:supplierId/documents - Get all documents","invocations":1,"location":null,"numPassingAsserts":2,"retryReasons":[],"startAt":1772241987462,"status":"passed","title":"GET /suppliers/:supplierId/documents - Get all documents"},{"ancestorTitles":["Supplier Integration Tests","Supplier Review Workflow"],"duration":671,"failing":false,"failureDetails":[],"failureMessages":[],"fullName":"Supplier Integration Tests Supplier Review Workflow POST /suppliers/:supplierId/reviews/submit - Submit for review","invocations":1,"location":null,"numPassingAsserts":1,"retryReasons":[],"startAt":1772241987557,"status":"passed","title":"POST /suppliers/:supplierId/reviews/submit - Submit for review"},{"ancestorTitles":["Supplier Integration Tests","Supplier Review Workflow"],"duration":45,"failing":false,"failureDetails":[],"failureMessages":[],"fullName":"Supplier Integration Tests Supplier Review Workflow GET /suppliers/:supplierId/reviews - Get reviews","invocations":1,"location":null,"numPassingAsserts":2,"retryReasons":[],"startAt":1772241988228,"status":"passed","title":"GET /suppliers/:supplierId/reviews - Get reviews"},{"ancestorTitles":["Supplier Integration Tests","Supplier Review Workflow"],"duration":736,"failing":false,"failureDetails":[],"failureMessages":[],"fullName":"Supplier Integration Tests Supplier Review Workflow POST /suppliers/:supplierId/reviews/decide - Approve section","invocations":1,"location":null,"numPassingAsserts":3,"retryReasons":[],"startAt":1772241988273,"status":"passed","title":"POST /suppliers/:supplierId/reviews/decide - Approve section"},{"ancestorTitles":["Supplier Integration Tests","Supplier Bulk Upload"],"duration":3,"failing":false,"failureDetails":[],"failureMessages":[],"fullName":"Supplier Integration Tests Supplier Bulk Upload GET /suppliers/bulk-upload/template - Download template","invocations":1,"location":null,"numPassingAsserts":3,"retryReasons":[],"startAt":1772241989009,"status":"passed","title":"GET /suppliers/bulk-upload/template - Download template"},{"ancestorTitles":["Supplier Integration Tests","Supplier Bulk Upload"],"duration":46,"failing":false,"failureDetails":[],"failureMessages":[],"fullName":"Supplier Integration Tests Supplier Bulk Upload POST /suppliers/bulk-upload - Requires admin or buyer admin","invocations":1,"location":null,"numPassingAsserts":1,"retryReasons":[],"startAt":1772241989012,"status":"passed","title":"POST /suppliers/bulk-upload - Requires admin or buyer admin"},{"ancestorTitles":["Supplier Integration Tests","Supplier Messages"],"duration":114,"failing":false,"failureDetails":[],"failureMessages":[],"fullName":"Supplier Integration Tests Supplier Messages GET /suppliers/:supplierId/messages - Get messages","invocations":1,"location":null,"numPassingAsserts":2,"retryReasons":[],"startAt":1772241989058,"status":"passed","title":"GET /suppliers/:supplierId/messages - Get messages"}],"endTime":1772241989778,"message":"","name":"/Users/shf/sdntech/backend/tests/integration/suppliers.test.js","startTime":1772241983905,"status":"passed","summary":""},{"assertionResults":[{"ancestorTitles":["Authentication Integration Tests","User Login"],"duration":583,"failing":false,"failureDetails":[],"failureMessages":[],"fullName":"Authentication Integration Tests User Login POST /auth/login - Valid credentials","invocations":1,"location":null,"numPassingAsserts":4,"retryReasons":[],"startAt":1772241984216,"status":"passed","title":"POST /auth/login - Valid credentials"},{"ancestorTitles":["Authentication Integration Tests","User Login"],"duration":144,"failing":false,"failureDetails":[],"failureMessages":[],"fullName":"Authentication Integration Tests User Login POST /auth/login - Invalid credentials","invocations":1,"location":null,"numPassingAsserts":1,"retryReasons":[],"startAt":1772241984800,"status":"passed","title":"POST /auth/login - Invalid credentials"},{"ancestorTitles":["Authentication Integration Tests","User Login"],"duration":4,"failing":false,"failureDetails":[],"failureMessages":[],"fullName":"Authentication Integration Tests User Login POST /auth/login - Missing credentials","invocations":1,"location":null,"numPassingAsserts":1,"retryReasons":[],"startAt":1772241984944,"status":"passed","title":"POST /auth/login - Missing credentials"},{"ancestorTitles":["Authentication Integration Tests","Token Validation"],"duration":262,"failing":false,"failureDetails":[],"failureMessages":[],"fullName":"Authentication Integration Tests Token Validation Valid token grants access","invocations":1,"location":null,"numPassingAsserts":1,"retryReasons":[],"startAt":1772241984948,"status":"passed","title":"Valid token grants access"},{"ancestorTitles":["Authentication Integration Tests","Token Validation"],"duration":2,"failing":false,"failureDetails":[],"failureMessages":[],"fullName":"Authentication Integration Tests Token Validation Invalid token is rejected","invocations":1,"location":null,"numPassingAsserts":1,"retryReasons":[],"startAt":1772241985210,"status":"passed","title":"Invalid token is rejected"},{"ancestorTitles":["Authentication Integration Tests","Token Validation"],"duration":1,"failing":false,"failureDetails":[],"failureMessages":[],"fullName":"Authentication Integration Tests Token Validation Missing token is rejected","invocations":1,"location":null,"numPassingAsserts":1,"retryReasons":[],"startAt":1772241985212,"status":"passed","title":"Missing token is rejected"},{"ancestorTitles":["Buyer Integration Tests","Buyer CRUD Operations"],"duration":2358,"failing":false,"failureDetails":[],"failureMessages":[],"fullName":"Buyer Integration Tests Buyer CRUD Operations POST /buyers - Create buyer","invocations":1,"location":null,"numPassingAsserts":2,"retryReasons":[],"startAt":1772241986001,"status":"passed","title":"POST /buyers - Create buyer"},{"ancestorTitles":["Buyer Integration Tests","Buyer CRUD Operations"],"duration":44,"failing":false,"failureDetails":[],"failureMessages":[],"fullName":"Buyer Integration Tests Buyer CRUD Operations GET /buyers/:id - Get buyer by ID","invocations":1,"location":null,"numPassingAsserts":3,"retryReasons":[],"startAt":1772241988359,"status":"passed","title":"GET /buyers/:id - Get buyer by ID"},{"ancestorTitles":["Buyer Integration Tests","Buyer CRUD Operations"],"duration":134,"failing":false,"failureDetails":[],"failureMessages":[],"fullName":"Buyer Integration Tests Buyer CRUD Operations PUT /buyers/:id - Update buyer","invocations":1,"location":null,"numPassingAsserts":2,"retryReasons":[],"startAt":1772241988403,"status":"passed","title":"PUT /buyers/:id - Update buyer"},{"ancestorTitles":["Buyer Integration Tests","Buyer CRUD Operations"],"duration":48,"failing":false,"failureDetails":[],"failureMessages":[],"fullName":"Buyer Integration Tests Buyer CRUD Operations GET /buyers - List all buyers","invocations":1,"location":null,"numPassingAsserts":4,"retryReasons":[],"startAt":1772241988537,"status":"passed","title":"GET /buyers - List all buyers"},{"ancestorTitles":["Buyer Integration Tests","Buyer Workflows"],"duration":136,"failing":false,"failureDetails":[],"failureMessages":[],"fullName":"Buyer Integration Tests Buyer Workflows POST /buyers/:id/workflows - Create workflow","invocations":1,"location":null,"numPassingAsserts":2,"retryReasons":[],"startAt":1772241988585,"status":"passed","title":"POST /buyers/:id/workflows - Create workflow"},{"ancestorTitles":["Buyer Integration Tests","Buyer Workflows"],"duration":154,"failing":false,"failureDetails":[],"failureMessages":[],"fullName":"Buyer Integration Tests Buyer Workflows GET /buyers/:id/workflows - Get workflows","invocations":1,"location":null,"numPassingAsserts":2,"retryReasons":[],"startAt":1772241988721,"status":"passed","title":"GET /buyers/:id/workflows - Get workflows"},{"ancestorTitles":["Buyer Integration Tests","Buyer Roles (RBAC)"],"duration":47,"failing":false,"failureDetails":[],"failureMessages":[],"fullName":"Buyer Integration Tests Buyer Roles (RBAC) GET /buyers/:id/roles - Get buyer roles","invocations":1,"location":null,"numPassingAsserts":2,"retryReasons":[],"startAt":1772241988876,"status":"passed","title":"GET /buyers/:id/roles - Get buyer roles"},{"ancestorTitles":["User Invitation Tests","Invitation Workflow"],"duration":90,"failing":false,"failureDetails":[],"failureMessages":[],"fullName":"User Invitation Tests Invitation Workflow POST /invitations - Create invitation","invocations":1,"location":null,"numPassingAsserts":2,"retryReasons":[],"startAt":1772241989216,"status":"passed","title":"POST /invitations - Create invitation"},{"ancestorTitles":["User Invitation Tests","Invitation Workflow"],"duration":47,"failing":false,"failureDetails":[],"failureMessages":[],"fullName":"User Invitation Tests Invitation Workflow GET /invitations - Get invitations","invocations":1,"location":null,"numPassingAsserts":2,"retryReasons":[],"startAt":1772241989306,"status":"passed","title":"GET /invitations - Get invitations"},{"ancestorTitles":["User Invitation Tests","Invitation Workflow"],"duration":46,"failing":false,"failureDetails":[],"failureMessages":[],"fullName":"User Invitation Tests Invitation Workflow GET /invitations/pending - Get pending invitations","invocations":1,"location":null,"numPassingAsserts":2,"retryReasons":[],"startAt":1772241989353,"status":"passed","title":"GET /invitations/pending - Get pending invitations"},{"ancestorTitles":["User Invitation Tests","Invitation Workflow"],"duration":134,"failing":false,"failureDetails":[],"failureMessages":[],"fullName":"User Invitation Tests Invitation Workflow POST /invitations/:id/resend - Resend invitation","invocations":1,"location":null,"numPassingAsserts":1,"retryReasons":[],"startAt":1772241989399,"status":"passed","title":"POST /invitations/:id/resend - Resend invitation"},{"ancestorTitles":["User Invitation Tests","Invitation Workflow"],"duration":145,"failing":false,"failureDetails":[],"failureMessages":[],"fullName":"User Invitation Tests Invitation Workflow DELETE /invitations/:id - Cancel invitation","invocations":1,"location":null,"numPassingAsserts":1,"retryReasons":[],"startAt":1772241989533,"status":"passed","title":"DELETE /invitations/:id - Cancel invitation"},{"ancestorTitles":["Password Management Tests"],"duration":47,"failing":false,"failureDetails":[],"failureMessages":[],"fullName":"Password Management Tests POST /auth/forgot-password - Request password reset","invocations":1,"location":null,"numPassingAsserts":1,"retryReasons":[],"startAt":1772241989764,"status":"passed","title":"POST /auth/forgot-password - Request password reset"},{"ancestorTitles":["Password Management Tests"],"duration":448,"failing":false,"failureDetails":[],"failureMessages":[],"fullName":"Password Management Tests POST /auth/reset-password - Reset password with valid token","invocations":1,"location":null,"numPassingAsserts":1,"retryReasons":[],"startAt":1772241989811,"status":"passed","title":"POST /auth/reset-password - Reset password with valid token"},{"ancestorTitles":["Password Management Tests"],"duration":121,"failing":false,"failureDetails":[],"failureMessages":[],"fullName":"Password Management Tests POST /auth/reset-password - Reject invalid token","invocations":1,"location":null,"numPassingAsserts":1,"retryReasons":[],"startAt":1772241990259,"status":"passed","title":"POST /auth/reset-password - Reject invalid token"}],"endTime":1772241990381,"message":"","name":"/Users/shf/sdntech/backend/tests/integration/auth-buyer.test.js","startTime":1772241983908,"status":"passed","summary":""},{"assertionResults":[{"ancestorTitles":["User Management Integration Tests","User CRUD Operations","POST /users - Create User"],"duration":244,"failing":false,"failureDetails":[],"failureMessages":[],"fullName":"User Management Integration Tests User CRUD Operations POST /users - Create User should create user with valid data","invocations":1,"location":null,"numPassingAsserts":5,"retryReasons":[],"startAt":1772241985258,"status":"passed","title":"should create user with valid data"},{"ancestorTitles":["User Management Integration Tests","User CRUD Operations","POST /users - Create User"],"duration":121,"failing":false,"failureDetails":[],"failureMessages":[],"fullName":"User Management Integration Tests User CRUD Operations POST /users - Create User should hash password before storing","invocations":1,"location":null,"numPassingAsserts":3,"retryReasons":[],"startAt":1772241985503,"status":"passed","title":"should hash password before storing"},{"ancestorTitles":["User Management Integration Tests","User CRUD Operations","POST /users - Create User"],"duration":914,"failing":false,"failureDetails":[],"failureMessages":[],"fullName":"User Management Integration Tests User CRUD Operations POST /users - Create User should reject duplicate username","invocations":1,"location":null,"numPassingAsserts":2,"retryReasons":[],"startAt":1772241985624,"status":"passed","title":"should reject duplicate username"},{"ancestorTitles":["User Management Integration Tests","User CRUD Operations","POST /users - Create User"],"duration":868,"failing":false,"failureDetails":[],"failureMessages":[],"fullName":"User Management Integration Tests User CRUD Operations POST /users - Create User should reject duplicate email","invocations":1,"location":null,"numPassingAsserts":2,"retryReasons":[],"startAt":1772241986539,"status":"passed","title":"should reject duplicate email"},{"ancestorTitles":["User Management Integration Tests","User CRUD Operations","POST /users - Create User"],"duration":2,"failing":false,"failureDetails":[],"failureMessages":[],"fullName":"User Management Integration Tests User CRUD Operations POST /users - Create User should validate password strength","invocations":1,"location":null,"numPassingAsserts":2,"retryReasons":[],"startAt":1772241987407,"status":"passed","title":"should validate password strength"},{"ancestorTitles":["User Management Integration Tests","User CRUD Operations","POST /users - Create User"],"duration":2,"failing":false,"failureDetails":[],"failureMessages":[],"fullName":"User Management Integration Tests User CRUD Operations POST /users - Create User should require valid role","invocations":1,"location":null,"numPassingAsserts":1,"retryReasons":[],"startAt":1772241987409,"status":"passed","title":"should require valid role"},{"ancestorTitles":["User Management Integration Tests","User CRUD Operations","GET /users - List Users"],"duration":431,"failing":false,"failureDetails":[],"failureMessages":[],"fullName":"User Management Integration Tests User CRUD Operations GET /users - List Users should list all users with pagination","invocations":1,"location":null,"numPassingAsserts":6,"retryReasons":[],"startAt":1772241987411,"status":"passed","title":"should list all users with pagination"},{"ancestorTitles":["User Management Integration Tests","User CRUD Operations","GET /users - List Users"],"duration":99,"failing":false,"failureDetails":[],"failureMessages":[],"fullName":"User Management Integration Tests User CRUD Operations GET /users - List Users should filter users by role","invocations":1,"location":null,"numPassingAsserts":11,"retryReasons":[],"startAt":1772241987842,"status":"passed","title":"should filter users by role"},{"ancestorTitles":["User Management Integration Tests","User CRUD Operations","GET /users - List Users"],"duration":111,"failing":false,"failureDetails":[],"failureMessages":[],"fullName":"User Management Integration Tests User CRUD Operations GET /users - List Users should filter users by buyer","invocations":1,"location":null,"numPassingAsserts":11,"retryReasons":[],"startAt":1772241987941,"status":"passed","title":"should filter users by buyer"},{"ancestorTitles":["User Management Integration Tests","User CRUD Operations","GET /users - List Users"],"duration":96,"failing":false,"failureDetails":[],"failureMessages":[],"fullName":"User Management Integration Tests User CRUD Operations GET /users - List Users should search users by name or email","invocations":1,"location":null,"numPassingAsserts":2,"retryReasons":[],"startAt":1772241988052,"status":"passed","title":"should search users by name or email"},{"ancestorTitles":["User Management Integration Tests","User CRUD Operations","GET /users - List Users"],"duration":98,"failing":false,"failureDetails":[],"failureMessages":[],"fullName":"User Management Integration Tests User CRUD Operations GET /users - List Users should hide passwords from list","invocations":1,"location":null,"numPassingAsserts":10,"retryReasons":[],"startAt":1772241988148,"status":"passed","title":"should hide passwords from list"},{"ancestorTitles":["User Management Integration Tests","User CRUD Operations","GET /users/:id - Get User Details"],"duration":46,"failing":false,"failureDetails":[],"failureMessages":[],"fullName":"User Management Integration Tests User CRUD Operations GET /users/:id - Get User Details should get user by ID","invocations":1,"location":null,"numPassingAsserts":5,"retryReasons":[],"startAt":1772241988246,"status":"passed","title":"should get user by ID"},{"ancestorTitles":["User Management Integration Tests","User CRUD Operations","GET /users/:id - Get User Details"],"duration":46,"failing":false,"failureDetails":[],"failureMessages":[],"fullName":"User Management Integration Tests User CRUD Operations GET /users/:id - Get User Details should return 404 for non-existent user","invocations":1,"location":null,"numPassingAsserts":1,"retryReasons":[],"startAt":1772241988292,"status":"passed","title":"should return 404 for non-existent user"},{"ancestorTitles":["User Management Integration Tests","User CRUD Operations","PUT /users/:id - Update User"],"duration":93,"failing":false,"failureDetails":[],"failureMessages":[],"fullName":"User Management Integration Tests User CRUD Operations PUT /users/:id - Update User should update user profile","invocations":1,"location":null,"numPassingAsserts":3,"retryReasons":[],"startAt":1772241988338,"status":"passed","title":"should update user profile"},{"ancestorTitles":["User Management Integration Tests","User CRUD Operations","PUT /users/:id - Update User"],"duration":1,"failing":false,"failureDetails":[],"failureMessages":[],"fullName":"User Management Integration Tests User CRUD Operations PUT /users/:id - Update User should not allow updating username","invocations":1,"location":null,"numPassingAsserts":2,"retryReasons":[],"startAt":1772241988431,"status":"passed","title":"should not allow updating username"},{"ancestorTitles":["User Management Integration Tests","User CRUD Operations","PUT /users/:id - Update User"],"duration":1,"failing":false,"failureDetails":[],"failureMessages":[],"fullName":"User Management Integration Tests User CRUD Operations PUT /users/:id - Update User should validate email format on update","invocations":1,"location":null,"numPassingAsserts":1,"retryReasons":[],"startAt":1772241988432,"status":"passed","title":"should validate email format on update"},{"ancestorTitles":["User Management Integration Tests","User CRUD Operations","PUT /users/:id/role - Change User Role"],"duration":92,"failing":false,"failureDetails":[],"failureMessages":[],"fullName":"User Management Integration Tests User CRUD Operations PUT /users/:id/role - Change User Role should change user role and subrole","invocations":1,"location":null,"numPassingAsserts":4,"retryReasons":[],"startAt":1772241988433,"status":"passed","title":"should change user role and subrole"},{"ancestorTitles":["User Management Integration Tests","User CRUD Operations","PUT /users/:id/role - Change User Role"],"duration":null,"failing":false,"failureDetails":[],"failureMessages":[],"fullName":"User Management Integration Tests User CRUD Operations PUT /users/:id/role - Change User Role should log role change in audit trail","invocations":1,"location":null,"numPassingAsserts":0,"retryReasons":[],"startAt":1772241988525,"status":"pending","title":"should log role change in audit trail"},{"ancestorTitles":["User Management Integration Tests","User CRUD Operations","PUT /users/:id/status - Activate/Deactivate User"],"duration":92,"failing":false,"failureDetails":[],"failureMessages":[],"fullName":"User Management Integration Tests User CRUD Operations PUT /users/:id/status - Activate/Deactivate User should deactivate user account","invocations":1,"location":null,"numPassingAsserts":2,"retryReasons":[],"startAt":1772241988525,"status":"passed","title":"should deactivate user account"},{"ancestorTitles":["User Management Integration Tests","User CRUD Operations","PUT /users/:id/status - Activate/Deactivate User"],"duration":46,"failing":false,"failureDetails":[],"failureMessages":[],"fullName":"User Management Integration Tests User CRUD Operations PUT /users/:id/status - Activate/Deactivate User should prevent deactivated user from logging in","invocations":1,"location":null,"numPassingAsserts":2,"retryReasons":[],"startAt":1772241988617,"status":"passed","title":"should prevent deactivated user from logging in"},{"ancestorTitles":["User Management Integration Tests","User CRUD Operations","PUT /users/:id/status - Activate/Deactivate User"],"duration":92,"failing":false,"failureDetails":[],"failureMessages":[],"fullName":"User Management Integration Tests User CRUD Operations PUT /users/:id/status - Activate/Deactivate User should reactivate user account","invocations":1,"location":null,"numPassingAsserts":2,"retryReasons":[],"startAt":1772241988663,"status":"passed","title":"should reactivate user account"},{"ancestorTitles":["User Management Integration Tests","User CRUD Operations","DELETE /users/:id - Delete User"],"duration":305,"failing":false,"failureDetails":[],"failureMessages":[],"fullName":"User Management Integration Tests User CRUD Operations DELETE /users/:id - Delete User should soft delete user","invocations":1,"location":null,"numPassingAsserts":2,"retryReasons":[],"startAt":1772241988755,"status":"passed","title":"should soft delete user"},{"ancestorTitles":["User Management Integration Tests","Role Management","GET /roles - List Roles"],"duration":112,"failing":false,"failureDetails":[],"failureMessages":[],"fullName":"User Management Integration Tests Role Management GET /roles - List Roles should list all predefined roles","invocations":1,"location":null,"numPassingAsserts":3,"retryReasons":[],"startAt":1772241989060,"status":"passed","title":"should list all predefined roles"},{"ancestorTitles":["User Management Integration Tests","Role Management","GET /roles - List Roles"],"duration":50,"failing":false,"failureDetails":[],"failureMessages":[],"fullName":"User Management Integration Tests Role Management GET /roles - List Roles should include role permissions","invocations":1,"location":null,"numPassingAsserts":3,"retryReasons":[],"startAt":1772241989172,"status":"passed","title":"should include role permissions"},{"ancestorTitles":["User Management Integration Tests","Role Management","GET /roles/:id - Get Role Details"],"duration":91,"failing":false,"failureDetails":[],"failureMessages":[],"fullName":"User Management Integration Tests Role Management GET /roles/:id - Get Role Details should get role with all permissions","invocations":1,"location":null,"numPassingAsserts":3,"retryReasons":[],"startAt":1772241989222,"status":"passed","title":"should get role with all permissions"},{"ancestorTitles":["User Management Integration Tests","Role Management","POST /roles - Create Custom Role"],"duration":93,"failing":false,"failureDetails":[],"failureMessages":[],"fullName":"User Management Integration Tests Role Management POST /roles - Create Custom Role should create custom role with permissions","invocations":1,"location":null,"numPassingAsserts":3,"retryReasons":[],"startAt":1772241989313,"status":"passed","title":"should create custom role with permissions"},{"ancestorTitles":["User Management Integration Tests","Role Management","POST /roles - Create Custom Role"],"duration":1,"failing":false,"failureDetails":[],"failureMessages":[],"fullName":"User Management Integration Tests Role Management POST /roles - Create Custom Role should validate permission names","invocations":1,"location":null,"numPassingAsserts":1,"retryReasons":[],"startAt":1772241989406,"status":"passed","title":"should validate permission names"},{"ancestorTitles":["User Management Integration Tests","Role Management","PUT /roles/:id/permissions - Update Role Permissions"],"duration":92,"failing":false,"failureDetails":[],"failureMessages":[],"fullName":"User Management Integration Tests Role Management PUT /roles/:id/permissions - Update Role Permissions should add permissions to role","invocations":1,"location":null,"numPassingAsserts":2,"retryReasons":[],"startAt":1772241989407,"status":"passed","title":"should add permissions to role"},{"ancestorTitles":["User Management Integration Tests","Role Management","PUT /roles/:id/permissions - Update Role Permissions"],"duration":91,"failing":false,"failureDetails":[],"failureMessages":[],"fullName":"User Management Integration Tests Role Management PUT /roles/:id/permissions - Update Role Permissions should remove permissions from role","invocations":1,"location":null,"numPassingAsserts":2,"retryReasons":[],"startAt":1772241989499,"status":"passed","title":"should remove permissions from role"},{"ancestorTitles":["User Management Integration Tests","Role Management","DELETE /roles/:id - Delete Role"],"duration":159,"failing":false,"failureDetails":[],"failureMessages":[],"fullName":"User Management Integration Tests Role Management DELETE /roles/:id - Delete Role should delete custom role","invocations":1,"location":null,"numPassingAsserts":1,"retryReasons":[],"startAt":1772241989590,"status":"passed","title":"should delete custom role"},{"ancestorTitles":["User Management Integration Tests","Role Management","DELETE /roles/:id - Delete Role"],"duration":45,"failing":false,"failureDetails":[],"failureMessages":[],"fullName":"User Management Integration Tests Role Management DELETE /roles/:id - Delete Role should not allow deleting system roles","invocations":1,"location":null,"numPassingAsserts":0,"retryReasons":[],"startAt":1772241989749,"status":"passed","title":"should not allow deleting system roles"},{"ancestorTitles":["User Management Integration Tests","Authorization & Permission Checks","Resource-Level Permissions"],"duration":44,"failing":false,"failureDetails":[],"failureMessages":[],"fullName":"User Management Integration Tests Authorization & Permission Checks Resource-Level Permissions should allow user to access their own resources","invocations":1,"location":null,"numPassingAsserts":1,"retryReasons":[],"startAt":1772241989794,"status":"passed","title":"should allow user to access their own resources"},{"ancestorTitles":["User Management Integration Tests","Authorization & Permission Checks","Resource-Level Permissions"],"duration":2,"failing":false,"failureDetails":[],"failureMessages":[],"fullName":"User Management Integration Tests Authorization & Permission Checks Resource-Level Permissions should deny access to other users without permission","invocations":1,"location":null,"numPassingAsserts":1,"retryReasons":[],"startAt":1772241989838,"status":"passed","title":"should deny access to other users without permission"},{"ancestorTitles":["User Management Integration Tests","Authorization & Permission Checks","Action-Based Permissions"],"duration":281,"failing":false,"failureDetails":[],"failureMessages":[],"fullName":"User Management Integration Tests Authorization & Permission Checks Action-Based Permissions should verify user can perform allowed actions","invocations":1,"location":null,"numPassingAsserts":1,"retryReasons":[],"startAt":1772241989840,"status":"passed","title":"should verify user can perform allowed actions"},{"ancestorTitles":["User Management Integration Tests","Authorization & Permission Checks","Action-Based Permissions"],"duration":70,"failing":false,"failureDetails":[],"failureMessages":[],"fullName":"User Management Integration Tests Authorization & Permission Checks Action-Based Permissions should deny action without permission","invocations":1,"location":null,"numPassingAsserts":1,"retryReasons":[],"startAt":1772241990121,"status":"passed","title":"should deny action without permission"},{"ancestorTitles":["User Management Integration Tests","User Profile Management","PUT /users/:id/profile - Update Profile"],"duration":133,"failing":false,"failureDetails":[],"failureMessages":[],"fullName":"User Management Integration Tests User Profile Management PUT /users/:id/profile - Update Profile should allow user to update own profile","invocations":1,"location":null,"numPassingAsserts":1,"retryReasons":[],"startAt":1772241990191,"status":"passed","title":"should allow user to update own profile"},{"ancestorTitles":["User Management Integration Tests","User Profile Management","PUT /users/:id/profile - Update Profile"],"duration":1,"failing":false,"failureDetails":[],"failureMessages":[],"fullName":"User Management Integration Tests User Profile Management PUT /users/:id/profile - Update Profile should not allow updating sensitive fields via profile","invocations":1,"location":null,"numPassingAsserts":1,"retryReasons":[],"startAt":1772241990324,"status":"passed","title":"should not allow updating sensitive fields via profile"},{"ancestorTitles":["User Management Integration Tests","User Profile Management","POST /users/:id/password - Change Password"],"duration":870,"failing":false,"failureDetails":[],"failureMessages":[],"fullName":"User Management Integration Tests User Profile Management POST /users/:id/password - Change Password should allow user to change own password","invocations":1,"location":null,"numPassingAsserts":2,"retryReasons":[],"startAt":1772241990325,"status":"passed","title":"should allow user to change own password"},{"ancestorTitles":["User Management Integration Tests","User Profile Management","POST /users/:id/password - Change Password"],"duration":189,"failing":false,"failureDetails":[],"failureMessages":[],"fullName":"User Management Integration Tests User Profile Management POST /users/:id/password - Change Password should reject incorrect current password","invocations":1,"location":null,"numPassingAsserts":1,"retryReasons":[],"startAt":1772241991195,"status":"passed","title":"should reject incorrect current password"},{"ancestorTitles":["User Management Integration Tests","User Profile Management","POST /users/:id/password - Change Password"],"duration":1,"failing":false,"failureDetails":[],"failureMessages":[],"fullName":"User Management Integration Tests User Profile Management POST /users/:id/password - Change Password should validate new password strength","invocations":1,"location":null,"numPassingAsserts":1,"retryReasons":[],"startAt":1772241991384,"status":"passed","title":"should validate new password strength"}],"endTime":1772241991481,"message":"","name":"/Users/shf/sdntech/backend/tests/integration/users.test.js","startTime":1772241983907,"status":"focused","summary":""},{"assertionResults":[{"ancestorTitles":["Analytics & Reporting Integration Tests","Dashboard Statistics","GET /analytics/dashboard - Get Dashboard Stats"],"duration":367,"failing":false,"failureDetails":[],"failureMessages":[],"fullName":"Analytics & Reporting Integration Tests Dashboard Statistics GET /analytics/dashboard - Get Dashboard Stats should return dashboard overview statistics","invocations":1,"location":null,"numPassingAsserts":5,"retryReasons":[],"startAt":1772241984842,"status":"passed","title":"should return dashboard overview statistics"},{"ancestorTitles":["Analytics & Reporting Integration Tests","Dashboard Statistics","GET /analytics/dashboard - Get Dashboard Stats"],"duration":1289,"failing":false,"failureDetails":[],"failureMessages":[],"fullName":"Analytics & Reporting Integration Tests Dashboard Statistics GET /analytics/dashboard - Get Dashboard Stats should filter stats by role (Buyer Summary)","invocations":1,"location":null,"numPassingAsserts":2,"retryReasons":[],"startAt":1772241985210,"status":"passed","title":"should filter stats by role (Buyer Summary)"},{"ancestorTitles":["Analytics & Reporting Integration Tests","Dashboard Statistics","GET /analytics/dashboard - Get Dashboard Stats"],"duration":114,"failing":false,"failureDetails":[],"failureMessages":[],"fullName":"Analytics & Reporting Integration Tests Dashboard Statistics GET /analytics/dashboard - Get Dashboard Stats should return real-time data from global compliance","invocations":1,"location":null,"numPassingAsserts":2,"retryReasons":[],"startAt":1772241986500,"status":"passed","title":"should return real-time data from global compliance"},{"ancestorTitles":["Analytics & Reporting Integration Tests","Dashboard Statistics","GET /analytics/trends - Get Trends Data"],"duration":845,"failing":false,"failureDetails":[],"failureMessages":[],"fullName":"Analytics & Reporting Integration Tests Dashboard Statistics GET /analytics/trends - Get Trends Data should return supplier onboarding trends","invocations":1,"location":null,"numPassingAsserts":4,"retryReasons":[],"startAt":1772241986614,"status":"passed","title":"should return supplier onboarding trends"},{"ancestorTitles":["Analytics & Reporting Integration Tests","Dashboard Statistics","GET /analytics/trends - Get Trends Data"],"duration":203,"failing":false,"failureDetails":[],"failureMessages":[],"fullName":"Analytics & Reporting Integration Tests Dashboard Statistics GET /analytics/trends - Get Trends Data should support different time periods","invocations":1,"location":null,"numPassingAsserts":4,"retryReasons":[],"startAt":1772241987459,"status":"passed","title":"should support different time periods"},{"ancestorTitles":["Analytics & Reporting Integration Tests","Supplier Metrics","GET /analytics/supplier-metrics - Supplier Statistics"],"duration":140,"failing":false,"failureDetails":[],"failureMessages":[],"fullName":"Analytics & Reporting Integration Tests Supplier Metrics GET /analytics/supplier-metrics - Supplier Statistics should return supplier status breakdown","invocations":1,"location":null,"numPassingAsserts":5,"retryReasons":[],"startAt":1772241987662,"status":"passed","title":"should return supplier status breakdown"},{"ancestorTitles":["Analytics & Reporting Integration Tests","Supplier Metrics","GET /analytics/supplier-metrics - Supplier Statistics"],"duration":156,"failing":false,"failureDetails":[],"failureMessages":[],"fullName":"Analytics & Reporting Integration Tests Supplier Metrics GET /analytics/supplier-metrics - Supplier Statistics should return supplier distribution by country","invocations":1,"location":null,"numPassingAsserts":3,"retryReasons":[],"startAt":1772241987802,"status":"passed","title":"should return supplier distribution by country"},{"ancestorTitles":["Analytics & Reporting Integration Tests","Supplier Metrics","GET /analytics/supplier-metrics - Supplier Statistics"],"duration":138,"failing":false,"failureDetails":[],"failureMessages":[],"fullName":"Analytics & Reporting Integration Tests Supplier Metrics GET /analytics/supplier-metrics - Supplier Statistics should return onboarding progress metrics","invocations":1,"location":null,"numPassingAsserts":5,"retryReasons":[],"startAt":1772241987958,"status":"passed","title":"should return onboarding progress metrics"},{"ancestorTitles":["Analytics & Reporting Integration Tests","Supplier Metrics","GET /analytics/supplier-metrics - Supplier Statistics"],"duration":138,"failing":false,"failureDetails":[],"failureMessages":[],"fullName":"Analytics & Reporting Integration Tests Supplier Metrics GET /analytics/supplier-metrics - Supplier Statistics should calculate average onboarding time","invocations":1,"location":null,"numPassingAsserts":3,"retryReasons":[],"startAt":1772241988096,"status":"passed","title":"should calculate average onboarding time"},{"ancestorTitles":["Analytics & Reporting Integration Tests","Team Performance","GET /analytics/performance - Team Metrics"],"duration":1,"failing":false,"failureDetails":[],"failureMessages":[],"fullName":"Analytics & Reporting Integration Tests Team Performance GET /analytics/performance - Team Metrics should return team performance statistics","invocations":1,"location":null,"numPassingAsserts":4,"retryReasons":[],"startAt":1772241988234,"status":"passed","title":"should return team performance statistics"},{"ancestorTitles":["Analytics & Reporting Integration Tests","Team Performance","GET /analytics/performance - Team Metrics"],"duration":43,"failing":false,"failureDetails":[],"failureMessages":[],"fullName":"Analytics & Reporting Integration Tests Team Performance GET /analytics/performance - Team Metrics should list approvals by each user","invocations":1,"location":null,"numPassingAsserts":2,"retryReasons":[],"startAt":1772241988235,"status":"passed","title":"should list approvals by each user"},{"ancestorTitles":["Analytics & Reporting Integration Tests","Team Performance","GET /analytics/performance - Team Metrics"],"duration":44,"failing":false,"failureDetails":[],"failureMessages":[],"fullName":"Analytics & Reporting Integration Tests Team Performance GET /analytics/performance - Team Metrics should calculate completion rate by role","invocations":1,"location":null,"numPassingAsserts":2,"retryReasons":[],"startAt":1772241988278,"status":"passed","title":"should calculate completion rate by role"},{"ancestorTitles":["Analytics & Reporting Integration Tests","Team Performance","GET /analytics/performance - Team Metrics"],"duration":44,"failing":false,"failureDetails":[],"failureMessages":[],"fullName":"Analytics & Reporting Integration Tests Team Performance GET /analytics/performance - Team Metrics should return workload distribution","invocations":1,"location":null,"numPassingAsserts":2,"retryReasons":[],"startAt":1772241988322,"status":"passed","title":"should return workload distribution"},{"ancestorTitles":["Analytics & Reporting Integration Tests","Team Performance","GET /analytics/productivity - Productivity Metrics"],"duration":2,"failing":false,"failureDetails":[],"failureMessages":[],"fullName":"Analytics & Reporting Integration Tests Team Performance GET /analytics/productivity - Productivity Metrics should return daily productivity stats","invocations":1,"location":null,"numPassingAsserts":4,"retryReasons":[],"startAt":1772241988366,"status":"passed","title":"should return daily productivity stats"},{"ancestorTitles":["Analytics & Reporting Integration Tests","Team Performance","GET /analytics/productivity - Productivity Metrics"],"duration":1,"failing":false,"failureDetails":[],"failureMessages":[],"fullName":"Analytics & Reporting Integration Tests Team Performance GET /analytics/productivity - Productivity Metrics should return weekly productivity stats","invocations":1,"location":null,"numPassingAsserts":2,"retryReasons":[],"startAt":1772241988368,"status":"passed","title":"should return weekly productivity stats"},{"ancestorTitles":["Analytics & Reporting Integration Tests","Report Generation","POST /reports/generate - Generate Report"],"duration":88,"failing":false,"failureDetails":[],"failureMessages":[],"fullName":"Analytics & Reporting Integration Tests Report Generation POST /reports/generate - Generate Report should generate supplier report","invocations":1,"location":null,"numPassingAsserts":3,"retryReasons":[],"startAt":1772241988369,"status":"passed","title":"should generate supplier report"},{"ancestorTitles":["Analytics & Reporting Integration Tests","Report Generation","POST /reports/generate - Generate Report"],"duration":87,"failing":false,"failureDetails":[],"failureMessages":[],"fullName":"Analytics & Reporting Integration Tests Report Generation POST /reports/generate - Generate Report should generate change request report","invocations":1,"location":null,"numPassingAsserts":2,"retryReasons":[],"startAt":1772241988457,"status":"passed","title":"should generate change request report"},{"ancestorTitles":["Analytics & Reporting Integration Tests","Report Generation","POST /reports/generate - Generate Report"],"duration":33,"failing":false,"failureDetails":[],"failureMessages":[],"fullName":"Analytics & Reporting Integration Tests Report Generation POST /reports/generate - Generate Report should reject invalid report type","invocations":1,"location":null,"numPassingAsserts":1,"retryReasons":[],"startAt":1772241988544,"status":"passed","title":"should reject invalid report type"},{"ancestorTitles":["Analytics & Reporting Integration Tests","Report Generation","POST /reports/generate - Generate Report"],"duration":3,"failing":false,"failureDetails":[],"failureMessages":[],"fullName":"Analytics & Reporting Integration Tests Report Generation POST /reports/generate - Generate Report should require valid format","invocations":1,"location":null,"numPassingAsserts":1,"retryReasons":[],"startAt":1772241988577,"status":"passed","title":"should require valid format"},{"ancestorTitles":["Analytics & Reporting Integration Tests","Report Generation","GET /reports/:id - Get Report Status"],"duration":131,"failing":false,"failureDetails":[],"failureMessages":[],"fullName":"Analytics & Reporting Integration Tests Report Generation GET /reports/:id - Get Report Status should return report generation status","invocations":1,"location":null,"numPassingAsserts":4,"retryReasons":[],"startAt":1772241988580,"status":"passed","title":"should return report generation status"},{"ancestorTitles":["Analytics & Reporting Integration Tests","Report Generation","GET /reports/:id - Get Report Status"],"duration":44,"failing":false,"failureDetails":[],"failureMessages":[],"fullName":"Analytics & Reporting Integration Tests Report Generation GET /reports/:id - Get Report Status should return 404 for non-existent report","invocations":1,"location":null,"numPassingAsserts":1,"retryReasons":[],"startAt":1772241988711,"status":"passed","title":"should return 404 for non-existent report"},{"ancestorTitles":["Analytics & Reporting Integration Tests","Report Generation","GET /reports - List Reports"],"duration":199,"failing":false,"failureDetails":[],"failureMessages":[],"fullName":"Analytics & Reporting Integration Tests Report Generation GET /reports - List Reports should list user reports","invocations":1,"location":null,"numPassingAsserts":2,"retryReasons":[],"startAt":1772241988755,"status":"passed","title":"should list user reports"},{"ancestorTitles":["Analytics & Reporting Integration Tests","Report Generation","GET /reports - List Reports"],"duration":49,"failing":false,"failureDetails":[],"failureMessages":[],"fullName":"Analytics & Reporting Integration Tests Report Generation GET /reports - List Reports should support pagination","invocations":1,"location":null,"numPassingAsserts":3,"retryReasons":[],"startAt":1772241988954,"status":"passed","title":"should support pagination"},{"ancestorTitles":["Analytics & Reporting Integration Tests","Report Generation","GET /reports - List Reports"],"duration":46,"failing":false,"failureDetails":[],"failureMessages":[],"fullName":"Analytics & Reporting Integration Tests Report Generation GET /reports - List Reports should filter by report type","invocations":1,"location":null,"numPassingAsserts":11,"retryReasons":[],"startAt":1772241989003,"status":"passed","title":"should filter by report type"},{"ancestorTitles":["Analytics & Reporting Integration Tests","Report Generation","POST /reports/:id/download - Download Report"],"duration":389,"failing":false,"failureDetails":[],"failureMessages":[],"fullName":"Analytics & Reporting Integration Tests Report Generation POST /reports/:id/download - Download Report should provide download URL when ready","invocations":1,"location":null,"numPassingAsserts":0,"retryReasons":[],"startAt":1772241989049,"status":"passed","title":"should provide download URL when ready"},{"ancestorTitles":["Analytics & Reporting Integration Tests","Report Generation","DELETE /reports/:id - Cancel/Delete Report"],"duration":132,"failing":false,"failureDetails":[],"failureMessages":[],"fullName":"Analytics & Reporting Integration Tests Report Generation DELETE /reports/:id - Cancel/Delete Report should cancel in-progress report","invocations":1,"location":null,"numPassingAsserts":1,"retryReasons":[],"startAt":1772241989438,"status":"passed","title":"should cancel in-progress report"},{"ancestorTitles":["Analytics & Reporting Integration Tests","Data Export","POST /analytics/export - Export Data"],"duration":90,"failing":false,"failureDetails":[],"failureMessages":[],"fullName":"Analytics & Reporting Integration Tests Data Export POST /analytics/export - Export Data should export suppliers to CSV","invocations":1,"location":null,"numPassingAsserts":3,"retryReasons":[],"startAt":1772241989570,"status":"passed","title":"should export suppliers to CSV"},{"ancestorTitles":["Analytics & Reporting Integration Tests","Data Export","POST /analytics/export - Export Data"],"duration":94,"failing":false,"failureDetails":[],"failureMessages":[],"fullName":"Analytics & Reporting Integration Tests Data Export POST /analytics/export - Export Data should export to Excel format","invocations":1,"location":null,"numPassingAsserts":2,"retryReasons":[],"startAt":1772241989660,"status":"passed","title":"should export to Excel format"},{"ancestorTitles":["Analytics & Reporting Integration Tests","Data Export","POST /analytics/export - Export Data"],"duration":156,"failing":false,"failureDetails":[],"failureMessages":[],"fullName":"Analytics & Reporting Integration Tests Data Export POST /analytics/export - Export Data should export with date range filter","invocations":1,"location":null,"numPassingAsserts":1,"retryReasons":[],"startAt":1772241989754,"status":"passed","title":"should export with date range filter"},{"ancestorTitles":["Analytics & Reporting Integration Tests","Data Export","POST /analytics/export - Export Data"],"duration":211,"failing":false,"failureDetails":[],"failureMessages":[],"fullName":"Analytics & Reporting Integration Tests Data Export POST /analytics/export - Export Data should export specific fields only","invocations":1,"location":null,"numPassingAsserts":1,"retryReasons":[],"startAt":1772241989910,"status":"passed","title":"should export specific fields only"},{"ancestorTitles":["Analytics & Reporting Integration Tests","Data Export","POST /analytics/export - Export Data"],"duration":70,"failing":false,"failureDetails":[],"failureMessages":[],"fullName":"Analytics & Reporting Integration Tests Data Export POST /analytics/export - Export Data should reject invalid entity type","invocations":1,"location":null,"numPassingAsserts":1,"retryReasons":[],"startAt":1772241990121,"status":"passed","title":"should reject invalid entity type"},{"ancestorTitles":["Analytics & Reporting Integration Tests","Data Export","GET /analytics/exports - List Exports"],"duration":276,"failing":false,"failureDetails":[],"failureMessages":[],"fullName":"Analytics & Reporting Integration Tests Data Export GET /analytics/exports - List Exports should list user exports","invocations":1,"location":null,"numPassingAsserts":2,"retryReasons":[],"startAt":1772241990191,"status":"passed","title":"should list user exports"},{"ancestorTitles":["Analytics & Reporting Integration Tests","Data Export","GET /analytics/exports - List Exports"],"duration":253,"failing":false,"failureDetails":[],"failureMessages":[],"fullName":"Analytics & Reporting Integration Tests Data Export GET /analytics/exports - List Exports should show export status","invocations":1,"location":null,"numPassingAsserts":2,"retryReasons":[],"startAt":1772241990467,"status":"passed","title":"should show export status"},{"ancestorTitles":["Analytics & Reporting Integration Tests","Real-time Analytics","GET /analytics/realtime - Real-time Stats"],"duration":1,"failing":false,"failureDetails":[],"failureMessages":[],"fullName":"Analytics & Reporting Integration Tests Real-time Analytics GET /analytics/realtime - Real-time Stats should return concurrent user count","invocations":1,"location":null,"numPassingAsserts":3,"retryReasons":[],"startAt":1772241990720,"status":"passed","title":"should return concurrent user count"},{"ancestorTitles":["Analytics & Reporting Integration Tests","Real-time Analytics","GET /analytics/realtime - Real-time Stats"],"duration":1,"failing":false,"failureDetails":[],"failureMessages":[],"fullName":"Analytics & Reporting Integration Tests Real-time Analytics GET /analytics/realtime - Real-time Stats should return recent activity stream","invocations":1,"location":null,"numPassingAsserts":2,"retryReasons":[],"startAt":1772241990721,"status":"passed","title":"should return recent activity stream"},{"ancestorTitles":["Analytics & Reporting Integration Tests","Real-time Analytics","WebSocket-based Updates"],"duration":1,"failing":false,"failureDetails":[],"failureMessages":[],"fullName":"Analytics & Reporting Integration Tests Real-time Analytics WebSocket-based Updates should push dashboard updates on data change","invocations":1,"location":null,"numPassingAsserts":2,"retryReasons":[],"startAt":1772241990722,"status":"passed","title":"should push dashboard updates on data change"},{"ancestorTitles":["Analytics & Reporting Integration Tests","Custom Analytics","POST /analytics/custom - Custom Query"],"duration":1,"failing":false,"failureDetails":[],"failureMessages":[],"fullName":"Analytics & Reporting Integration Tests Custom Analytics POST /analytics/custom - Custom Query should execute custom analytics query","invocations":1,"location":null,"numPassingAsserts":2,"retryReasons":[],"startAt":1772241990723,"status":"passed","title":"should execute custom analytics query"},{"ancestorTitles":["Analytics & Reporting Integration Tests","Custom Analytics","POST /analytics/custom - Custom Query"],"duration":1,"failing":false,"failureDetails":[],"failureMessages":[],"fullName":"Analytics & Reporting Integration Tests Custom Analytics POST /analytics/custom - Custom Query should validate query parameters","invocations":1,"location":null,"numPassingAsserts":1,"retryReasons":[],"startAt":1772241990724,"status":"passed","title":"should validate query parameters"},{"ancestorTitles":["Analytics & Reporting Integration Tests","Custom Analytics","POST /analytics/custom - Custom Query"],"duration":1,"failing":false,"failureDetails":[],"failureMessages":[],"fullName":"Analytics & Reporting Integration Tests Custom Analytics POST /analytics/custom - Custom Query should enforce query limits","invocations":1,"location":null,"numPassingAsserts":2,"retryReasons":[],"startAt":1772241990725,"status":"passed","title":"should enforce query limits"},{"ancestorTitles":["Analytics & Reporting Integration Tests","Custom Analytics","GET /analytics/saved - Saved Queries"],"duration":0,"failing":false,"failureDetails":[],"failureMessages":[],"fullName":"Analytics & Reporting Integration Tests Custom Analytics GET /analytics/saved - Saved Queries should list saved analytics queries","invocations":1,"location":null,"numPassingAsserts":2,"retryReasons":[],"startAt":1772241990726,"status":"passed","title":"should list saved analytics queries"},{"ancestorTitles":["Analytics & Reporting Integration Tests","Custom Analytics","GET /analytics/saved - Saved Queries"],"duration":2,"failing":false,"failureDetails":[],"failureMessages":[],"fullName":"Analytics & Reporting Integration Tests Custom Analytics GET /analytics/saved - Saved Queries should allow saving custom queries","invocations":1,"location":null,"numPassingAsserts":2,"retryReasons":[],"startAt":1772241990726,"status":"passed","title":"should allow saving custom queries"},{"ancestorTitles":["Analytics & Reporting Integration Tests","Analytics Caching","Cache Management"],"duration":231,"failing":false,"failureDetails":[],"failureMessages":[],"fullName":"Analytics & Reporting Integration Tests Analytics Caching Cache Management should cache dashboard stats","invocations":1,"location":null,"numPassingAsserts":1,"retryReasons":[],"startAt":1772241990728,"status":"passed","title":"should cache dashboard stats"},{"ancestorTitles":["Analytics & Reporting Integration Tests","Analytics Caching","Cache Management"],"duration":916,"failing":false,"failureDetails":[],"failureMessages":[],"fullName":"Analytics & Reporting Integration Tests Analytics Caching Cache Management should clear cache on data update","invocations":1,"location":null,"numPassingAsserts":1,"retryReasons":[],"startAt":1772241990959,"status":"passed","title":"should clear cache on data update"}],"endTime":1772241992056,"message":"","name":"/Users/shf/sdntech/backend/tests/integration/analytics.test.js","startTime":1772241983894,"status":"passed","summary":""},{"assertionResults":[{"ancestorTitles":["Bulk Operations Tests","Bulk Invite Suppliers"],"duration":1834,"failing":false,"failureDetails":[],"failureMessages":[],"fullName":"Bulk Operations Tests Bulk Invite Suppliers should send multiple invitations","invocations":1,"location":null,"numPassingAsserts":4,"retryReasons":[],"startAt":1772241984826,"status":"passed","title":"should send multiple invitations"},{"ancestorTitles":["Bulk Operations Tests","Bulk Invite Suppliers"],"duration":895,"failing":false,"failureDetails":[],"failureMessages":[],"fullName":"Bulk Operations Tests Bulk Invite Suppliers should handle duplicate emails in bulk invite","invocations":1,"location":null,"numPassingAsserts":2,"retryReasons":[],"startAt":1772241986661,"status":"passed","title":"should handle duplicate emails in bulk invite"},{"ancestorTitles":["Bulk Operations Tests","Bulk Invite Suppliers"],"duration":141,"failing":false,"failureDetails":[],"failureMessages":[],"fullName":"Bulk Operations Tests Bulk Invite Suppliers should validate all email addresses before sending","invocations":1,"location":null,"numPassingAsserts":3,"retryReasons":[],"startAt":1772241987556,"status":"passed","title":"should validate all email addresses before sending"},{"ancestorTitles":["Bulk Operations Tests","Bulk Invite Suppliers"],"duration":397,"failing":false,"failureDetails":[],"failureMessages":[],"fullName":"Bulk Operations Tests Bulk Invite Suppliers should track bulk invitation progress","invocations":1,"location":null,"numPassingAsserts":3,"retryReasons":[],"startAt":1772241987697,"status":"passed","title":"should track bulk invitation progress"},{"ancestorTitles":["Bulk Operations Tests","Bulk Add Suppliers from ERP"],"duration":472,"failing":false,"failureDetails":[],"failureMessages":[],"fullName":"Bulk Operations Tests Bulk Add Suppliers from ERP should import suppliers from CSV file","invocations":1,"location":null,"numPassingAsserts":3,"retryReasons":[],"startAt":1772241988094,"status":"passed","title":"should import suppliers from CSV file"},{"ancestorTitles":["Bulk Operations Tests","Bulk Add Suppliers from ERP"],"duration":49,"failing":false,"failureDetails":[],"failureMessages":[],"fullName":"Bulk Operations Tests Bulk Add Suppliers from ERP should validate CSV format and data types","invocations":1,"location":null,"numPassingAsserts":3,"retryReasons":[],"startAt":1772241988566,"status":"passed","title":"should validate CSV format and data types"},{"ancestorTitles":["Bulk Operations Tests","Bulk Add Suppliers from ERP"],"duration":260,"failing":false,"failureDetails":[],"failureMessages":[],"fullName":"Bulk Operations Tests Bulk Add Suppliers from ERP should handle duplicate records in ERP import","invocations":1,"location":null,"numPassingAsserts":2,"retryReasons":[],"startAt":1772241988615,"status":"passed","title":"should handle duplicate records in ERP import"},{"ancestorTitles":["Bulk Operations Tests","Bulk Add Suppliers from ERP"],"duration":1199,"failing":false,"failureDetails":[],"failureMessages":[],"fullName":"Bulk Operations Tests Bulk Add Suppliers from ERP should track import progress and provide status","invocations":1,"location":null,"numPassingAsserts":4,"retryReasons":[],"startAt":1772241988875,"status":"passed","title":"should track import progress and provide status"},{"ancestorTitles":["Bulk Operations Tests","Bulk Document Upload"],"duration":694,"failing":false,"failureDetails":[],"failureMessages":[],"fullName":"Bulk Operations Tests Bulk Document Upload should upload multiple documents for validation","invocations":1,"location":null,"numPassingAsserts":3,"retryReasons":[],"startAt":1772241990074,"status":"passed","title":"should upload multiple documents for validation"},{"ancestorTitles":["Bulk Operations Tests","Bulk Document Upload"],"duration":32,"failing":false,"failureDetails":[],"failureMessages":[],"fullName":"Bulk Operations Tests Bulk Document Upload should validate document types in bulk upload","invocations":1,"location":null,"numPassingAsserts":2,"retryReasons":[],"startAt":1772241990768,"status":"passed","title":"should validate document types in bulk upload"},{"ancestorTitles":["Bulk Operations Tests","Bulk Document Upload"],"duration":183,"failing":false,"failureDetails":[],"failureMessages":[],"fullName":"Bulk Operations Tests Bulk Document Upload should enforce file size limits","invocations":1,"location":null,"numPassingAsserts":1,"retryReasons":[],"startAt":1772241990800,"status":"passed","title":"should enforce file size limits"},{"ancestorTitles":["Bulk Operations Tests","Bulk User Creation"],"duration":447,"failing":false,"failureDetails":[],"failureMessages":[],"fullName":"Bulk Operations Tests Bulk User Creation should create multiple users at once","invocations":1,"location":null,"numPassingAsserts":4,"retryReasons":[],"startAt":1772241990983,"status":"passed","title":"should create multiple users at once"},{"ancestorTitles":["Bulk Operations Tests","Bulk User Creation"],"duration":218,"failing":false,"failureDetails":[],"failureMessages":[],"fullName":"Bulk Operations Tests Bulk User Creation should validate all users before bulk creation","invocations":1,"location":null,"numPassingAsserts":3,"retryReasons":[],"startAt":1772241991430,"status":"passed","title":"should validate all users before bulk creation"},{"ancestorTitles":["Bulk Operations Tests","Bulk User Creation"],"duration":399,"failing":false,"failureDetails":[],"failureMessages":[],"fullName":"Bulk Operations Tests Bulk User Creation should hash passwords for all users in bulk creation","invocations":1,"location":null,"numPassingAsserts":13,"retryReasons":[],"startAt":1772241991648,"status":"passed","title":"should hash passwords for all users in bulk creation"}],"endTime":1772241992270,"message":"","name":"/Users/shf/sdntech/backend/tests/integration/bulk-operations.test.js","startTime":1772241983915,"status":"passed","summary":""},{"assertionResults":[{"ancestorTitles":["Circle Management Integration Tests","Circle CRUD Operations","POST /circles - Create Circle"],"duration":149,"failing":false,"failureDetails":[],"failureMessages":[],"fullName":"Circle Management Integration Tests Circle CRUD Operations POST /circles - Create Circle should create circle with valid data","invocations":1,"location":null,"numPassingAsserts":3,"retryReasons":[],"startAt":1772241984917,"status":"passed","title":"should create circle with valid data"},{"ancestorTitles":["Circle Management Integration Tests","Circle CRUD Operations","POST /circles - Create Circle"],"duration":129,"failing":false,"failureDetails":[],"failureMessages":[],"fullName":"Circle Management Integration Tests Circle CRUD Operations POST /circles - Create Circle should reject duplicate circle name","invocations":1,"location":null,"numPassingAsserts":2,"retryReasons":[],"startAt":1772241985066,"status":"passed","title":"should reject duplicate circle name"},{"ancestorTitles":["Circle Management Integration Tests","Circle CRUD Operations","POST /circles - Create Circle"],"duration":2,"failing":false,"failureDetails":[],"failureMessages":[],"fullName":"Circle Management Integration Tests Circle CRUD Operations POST /circles - Create Circle should reject circle with empty name","invocations":1,"location":null,"numPassingAsserts":1,"retryReasons":[],"startAt":1772241985195,"status":"passed","title":"should reject circle with empty name"},{"ancestorTitles":["Circle Management Integration Tests","Circle CRUD Operations","POST /circles - Create Circle"],"duration":1,"failing":false,"failureDetails":[],"failureMessages":[],"fullName":"Circle Management Integration Tests Circle CRUD Operations POST /circles - Create Circle should reject non-admin from creating circle","invocations":1,"location":null,"numPassingAsserts":1,"retryReasons":[],"startAt":1772241985197,"status":"passed","title":"should reject non-admin from creating circle"},{"ancestorTitles":["Circle Management Integration Tests","Circle CRUD Operations","GET /circles - List Circles"],"duration":47,"failing":false,"failureDetails":[],"failureMessages":[],"fullName":"Circle Management Integration Tests Circle CRUD Operations GET /circles - List Circles should list all circles for buyer","invocations":1,"location":null,"numPassingAsserts":5,"retryReasons":[],"startAt":1772241985198,"status":"passed","title":"should list all circles for buyer"},{"ancestorTitles":["Circle Management Integration Tests","Circle CRUD Operations","GET /circles - List Circles"],"duration":163,"failing":false,"failureDetails":[],"failureMessages":[],"fullName":"Circle Management Integration Tests Circle CRUD Operations GET /circles - List Circles should filter circles by buyerId","invocations":1,"location":null,"numPassingAsserts":27,"retryReasons":[],"startAt":1772241985245,"status":"passed","title":"should filter circles by buyerId"},{"ancestorTitles":["Circle Management Integration Tests","Circle CRUD Operations","GET /circles/:id - Get Circle Details"],"duration":48,"failing":false,"failureDetails":[],"failureMessages":[],"fullName":"Circle Management Integration Tests Circle CRUD Operations GET /circles/:id - Get Circle Details should get circle by ID","invocations":1,"location":null,"numPassingAsserts":4,"retryReasons":[],"startAt":1772241985408,"status":"passed","title":"should get circle by ID"},{"ancestorTitles":["Circle Management Integration Tests","Circle CRUD Operations","GET /circles/:id - Get Circle Details"],"duration":51,"failing":false,"failureDetails":[],"failureMessages":[],"fullName":"Circle Management Integration Tests Circle CRUD Operations GET /circles/:id - Get Circle Details should return 404 for non-existent circle","invocations":1,"location":null,"numPassingAsserts":1,"retryReasons":[],"startAt":1772241985456,"status":"passed","title":"should return 404 for non-existent circle"},{"ancestorTitles":["Circle Management Integration Tests","Circle CRUD Operations","PUT /circles/:id - Update Circle"],"duration":96,"failing":false,"failureDetails":[],"failureMessages":[],"fullName":"Circle Management Integration Tests Circle CRUD Operations PUT /circles/:id - Update Circle should update circle details","invocations":1,"location":null,"numPassingAsserts":2,"retryReasons":[],"startAt":1772241985507,"status":"passed","title":"should update circle details"},{"ancestorTitles":["Circle Management Integration Tests","Circle CRUD Operations","PUT /circles/:id - Update Circle"],"duration":1950,"failing":false,"failureDetails":[],"failureMessages":[],"fullName":"Circle Management Integration Tests Circle CRUD Operations PUT /circles/:id - Update Circle should reject update to duplicate name","invocations":1,"location":null,"numPassingAsserts":1,"retryReasons":[],"startAt":1772241985603,"status":"passed","title":"should reject update to duplicate name"},{"ancestorTitles":["Circle Management Integration Tests","Circle CRUD Operations","DELETE /circles/:id - Delete Circle"],"duration":269,"failing":false,"failureDetails":[],"failureMessages":[],"fullName":"Circle Management Integration Tests Circle CRUD Operations DELETE /circles/:id - Delete Circle should delete circle and remove members","invocations":1,"location":null,"numPassingAsserts":2,"retryReasons":[],"startAt":1772241987553,"status":"passed","title":"should delete circle and remove members"},{"ancestorTitles":["Circle Management Integration Tests","Circle Member Management","POST /circles/:id/suppliers - Add Supplier to Circle"],"duration":139,"failing":false,"failureDetails":[],"failureMessages":[],"fullName":"Circle Management Integration Tests Circle Member Management POST /circles/:id/suppliers - Add Supplier to Circle should add supplier to circle","invocations":1,"location":null,"numPassingAsserts":2,"retryReasons":[],"startAt":1772241987823,"status":"passed","title":"should add supplier to circle"},{"ancestorTitles":["Circle Management Integration Tests","Circle Member Management","POST /circles/:id/suppliers - Add Supplier to Circle"],"duration":144,"failing":false,"failureDetails":[],"failureMessages":[],"fullName":"Circle Management Integration Tests Circle Member Management POST /circles/:id/suppliers - Add Supplier to Circle should reject duplicate supplier addition","invocations":1,"location":null,"numPassingAsserts":2,"retryReasons":[],"startAt":1772241987963,"status":"passed","title":"should reject duplicate supplier addition"},{"ancestorTitles":["Circle Management Integration Tests","Circle Member Management","POST /circles/:id/suppliers - Add Supplier to Circle"],"duration":668,"failing":false,"failureDetails":[],"failureMessages":[],"fullName":"Circle Management Integration Tests Circle Member Management POST /circles/:id/suppliers - Add Supplier to Circle should reject supplier from different buyer","invocations":1,"location":null,"numPassingAsserts":2,"retryReasons":[],"startAt":1772241988107,"status":"passed","title":"should reject supplier from different buyer"},{"ancestorTitles":["Circle Management Integration Tests","Circle Member Management","GET /circles/:id/suppliers - List Circle Members"],"duration":148,"failing":false,"failureDetails":[],"failureMessages":[],"fullName":"Circle Management Integration Tests Circle Member Management GET /circles/:id/suppliers - List Circle Members should list all suppliers in circle","invocations":1,"location":null,"numPassingAsserts":4,"retryReasons":[],"startAt":1772241988775,"status":"passed","title":"should list all suppliers in circle"},{"ancestorTitles":["Circle Management Integration Tests","Circle Member Management","GET /circles/:id/suppliers - List Circle Members"],"duration":94,"failing":false,"failureDetails":[],"failureMessages":[],"fullName":"Circle Management Integration Tests Circle Member Management GET /circles/:id/suppliers - List Circle Members should support pagination","invocations":1,"location":null,"numPassingAsserts":4,"retryReasons":[],"startAt":1772241988923,"status":"passed","title":"should support pagination"},{"ancestorTitles":["Circle Management Integration Tests","Circle Member Management","DELETE /circles/:id/suppliers/:supplierId - Remove Supplier"],"duration":201,"failing":false,"failureDetails":[],"failureMessages":[],"fullName":"Circle Management Integration Tests Circle Member Management DELETE /circles/:id/suppliers/:supplierId - Remove Supplier should remove supplier from circle","invocations":1,"location":null,"numPassingAsserts":2,"retryReasons":[],"startAt":1772241989017,"status":"passed","title":"should remove supplier from circle"},{"ancestorTitles":["Circle Management Integration Tests","Circle Member Management","POST /circles/:id/suppliers/bulk - Bulk Add Suppliers"],"duration":1175,"failing":false,"failureDetails":[],"failureMessages":[],"fullName":"Circle Management Integration Tests Circle Member Management POST /circles/:id/suppliers/bulk - Bulk Add Suppliers should add multiple suppliers to circle","invocations":1,"location":null,"numPassingAsserts":2,"retryReasons":[],"startAt":1772241989218,"status":"passed","title":"should add multiple suppliers to circle"},{"ancestorTitles":["Circle Management Integration Tests","Circle Member Management","POST /circles/:id/suppliers/bulk - Bulk Add Suppliers"],"duration":376,"failing":false,"failureDetails":[],"failureMessages":[],"fullName":"Circle Management Integration Tests Circle Member Management POST /circles/:id/suppliers/bulk - Bulk Add Suppliers should handle partial failures in bulk add","invocations":1,"location":null,"numPassingAsserts":3,"retryReasons":[],"startAt":1772241990393,"status":"passed","title":"should handle partial failures in bulk add"},{"ancestorTitles":["Circle Management Integration Tests","Circle Workflows","POST /circles/:id/workflows - Assign Workflow"],"duration":264,"failing":false,"failureDetails":[],"failureMessages":[],"fullName":"Circle Management Integration Tests Circle Workflows POST /circles/:id/workflows - Assign Workflow should assign workflow to circle","invocations":1,"location":null,"numPassingAsserts":1,"retryReasons":[],"startAt":1772241991384,"status":"passed","title":"should assign workflow to circle"},{"ancestorTitles":["Circle Management Integration Tests","Circle Workflows","POST /circles/:id/workflows - Assign Workflow"],"duration":302,"failing":false,"failureDetails":[],"failureMessages":[],"fullName":"Circle Management Integration Tests Circle Workflows POST /circles/:id/workflows - Assign Workflow should reject duplicate workflow assignment","invocations":1,"location":null,"numPassingAsserts":1,"retryReasons":[],"startAt":1772241991648,"status":"passed","title":"should reject duplicate workflow assignment"},{"ancestorTitles":["Circle Management Integration Tests","Circle Workflows","GET /circles/:id/workflows - Get Circle Workflows"],"duration":45,"failing":false,"failureDetails":[],"failureMessages":[],"fullName":"Circle Management Integration Tests Circle Workflows GET /circles/:id/workflows - Get Circle Workflows should list workflows assigned to circle","invocations":1,"location":null,"numPassingAsserts":3,"retryReasons":[],"startAt":1772241991950,"status":"passed","title":"should list workflows assigned to circle"},{"ancestorTitles":["Circle Management Integration Tests","Circle Workflows","DELETE /circles/:id/workflows/:workflowId - Remove Workflow"],"duration":50,"failing":false,"failureDetails":[],"failureMessages":[],"fullName":"Circle Management Integration Tests Circle Workflows DELETE /circles/:id/workflows/:workflowId - Remove Workflow should remove workflow from circle","invocations":1,"location":null,"numPassingAsserts":1,"retryReasons":[],"startAt":1772241991995,"status":"passed","title":"should remove workflow from circle"},{"ancestorTitles":["Circle Management Integration Tests","Circle Statistics"],"duration":88,"failing":false,"failureDetails":[],"failureMessages":[],"fullName":"Circle Management Integration Tests Circle Statistics GET /circles/:id/stats - Get circle statistics","invocations":1,"location":null,"numPassingAsserts":4,"retryReasons":[],"startAt":1772241992045,"sta
[...]
↔ User","API Response: Memberships"],"duration":136,"failing":false,"failureDetails":[],"failureMessages":[],"fullName":"Many-to-Many Relationship: Buyer ↔ Supplier ↔ User API Response: Memberships GET /auth/me returns user memberships","invocations":1,"location":null,"numPassingAsserts":2,"retryReasons":[],"startAt":1772241992976,"status":"passed","title":"GET /auth/me returns user memberships"},{"ancestorTitles":["Many-to-Many Relationship: Buyer ↔ Supplier ↔ User","API Response: Memberships"],"duration":192,"failing":false,"failureDetails":[],"failureMessages":[],"fullName":"Many-to-Many Relationship: Buyer ↔ Supplier ↔ User API Response: Memberships memberships include supplier details","invocations":1,"location":null,"numPassingAsserts":2,"retryReasons":[],"startAt":1772241993112,"status":"passed","title":"memberships include supplier details"}],"endTime":1772241993481,"message":"","name":"/Users/shf/sdntech/backend/tests/integration/many-to-many-relationships.test.js","startTime":1772241991490,"status":"passed","summary":""},{"assertionResults":[{"ancestorTitles":["Workflow Engine Integration Tests","Workflow CRUD Operations","POST /workflows - Create Workflow"],"duration":418,"failing":false,"failureDetails":[],"failureMessages":[],"fullName":"Workflow Engine Integration Tests Workflow CRUD Operations POST /workflows - Create Workflow should create workflow with valid steps","invocations":1,"location":null,"numPassingAsserts":4,"retryReasons":[],"startAt":1772241984842,"status":"passed","title":"should create workflow with valid steps"},{"ancestorTitles":["Workflow Engine Integration Tests","Workflow CRUD Operations","POST /workflows - Create Workflow"],"duration":32,"failing":false,"failureDetails":[],"failureMessages":[],"fullName":"Workflow Engine Integration Tests Workflow CRUD Operations POST /workflows - Create Workflow should reject workflow without steps","invocations":1,"location":null,"numPassingAsserts":2,"retryReasons":[],"startAt":1772241985260,"status":"passed","title":"should reject workflow without steps"},{"ancestorTitles":["Workflow Engine Integration Tests","Workflow CRUD Operations","POST /workflows - Create Workflow"],"duration":162,"failing":false,"failureDetails":[],"failureMessages":[],"fullName":"Workflow Engine Integration Tests Workflow CRUD Operations POST /workflows - Create Workflow should reject workflow with duplicate step orders","invocations":1,"location":null,"numPassingAsserts":1,"retryReasons":[],"startAt":1772241985293,"status":"passed","title":"should reject workflow with duplicate step orders"},{"ancestorTitles":["Workflow Engine Integration Tests","Workflow CRUD Operations","GET /workflows - List Workflows"],"duration":1025,"failing":false,"failureDetails":[],"failureMessages":[],"fullName":"Workflow Engine Integration Tests Workflow CRUD Operations GET /workflows - List Workflows should list all workflows for buyer","invocations":1,"location":null,"numPassingAsserts":4,"retryReasons":[],"startAt":1772241985455,"status":"passed","title":"should list all workflows for buyer"},{"ancestorTitles":["Workflow Engine Integration Tests","Workflow CRUD Operations","GET /workflows - List Workflows"],"duration":897,"failing":false,"failureDetails":[],"failureMessages":[],"fullName":"Workflow Engine Integration Tests Workflow CRUD Operations GET /workflows - List Workflows should include step definitions in list","invocations":1,"location":null,"numPassingAsserts":3,"retryReasons":[],"startAt":1772241986480,"status":"passed","title":"should include step definitions in list"},{"ancestorTitles":["Workflow Engine Integration Tests","Workflow CRUD Operations","GET /workflows/:id - Get Workflow Details"],"duration":95,"failing":false,"failureDetails":[],"failureMessages":[],"fullName":"Workflow Engine Integration Tests Workflow CRUD Operations GET /workflows/:id - Get Workflow Details should get workflow with all steps","invocations":1,"location":null,"numPassingAsserts":4,"retryReasons":[],"startAt":1772241987377,"status":"passed","title":"should get workflow with all steps"},{"ancestorTitles":["Workflow Engine Integration Tests","Workflow CRUD Operations","GET /workflows/:id - Get Workflow Details"],"duration":45,"failing":false,"failureDetails":[],"failureMessages":[],"fullName":"Workflow Engine Integration Tests Workflow CRUD Operations GET /workflows/:id - Get Workflow Details should return 404 for non-existent workflow","invocations":1,"location":null,"numPassingAsserts":1,"retryReasons":[],"startAt":1772241987472,"status":"passed","title":"should return 404 for non-existent workflow"},{"ancestorTitles":["Workflow Engine Integration Tests","Workflow CRUD Operations","PUT /workflows/:id - Update Workflow"],"duration":247,"failing":false,"failureDetails":[],"failureMessages":[],"fullName":"Workflow Engine Integration Tests Workflow CRUD Operations PUT /workflows/:id - Update Workflow should update workflow details","invocations":1,"location":null,"numPassingAsserts":2,"retryReasons":[],"startAt":1772241987517,"status":"passed","title":"should update workflow details"},{"ancestorTitles":["Workflow Engine Integration Tests","Workflow CRUD Operations","PUT /workflows/:id - Update Workflow"],"duration":392,"failing":false,"failureDetails":[],"failureMessages":[],"fullName":"Workflow Engine Integration Tests Workflow CRUD Operations PUT /workflows/:id - Update Workflow should add new steps to workflow","invocations":1,"location":null,"numPassingAsserts":2,"retryReasons":[],"startAt":1772241987764,"status":"passed","title":"should add new steps to workflow"},{"ancestorTitles":["Workflow Engine Integration Tests","Workflow CRUD Operations","DELETE /workflows/:id - Delete Workflow"],"duration":524,"failing":false,"failureDetails":[],"failureMessages":[],"fullName":"Workflow Engine Integration Tests Workflow CRUD Operations DELETE /workflows/:id - Delete Workflow should delete workflow and all steps","invocations":1,"location":null,"numPassingAsserts":2,"retryReasons":[],"startAt":1772241988156,"status":"passed","title":"should delete workflow and all steps"},{"ancestorTitles":["Workflow Engine Integration Tests","Workflow Execution","POST /workflows/:id/execute - Start Execution"],"duration":340,"failing":false,"failureDetails":[],"failureMessages":[],"fullName":"Workflow Engine Integration Tests Workflow Execution POST /workflows/:id/execute - Start Execution should start workflow execution","invocations":1,"location":null,"numPassingAsserts":4,"retryReasons":[],"startAt":1772241989017,"status":"passed","title":"should start workflow execution"},{"ancestorTitles":["Workflow Engine Integration Tests","Workflow Execution","POST /workflows/:id/execute - Start Execution"],"duration":92,"failing":false,"failureDetails":[],"failureMessages":[],"fullName":"Workflow Engine Integration Tests Workflow Execution POST /workflows/:id/execute - Start Execution should initialize first step as active","invocations":1,"location":null,"numPassingAsserts":3,"retryReasons":[],"startAt":1772241989357,"status":"passed","title":"should initialize first step as active"},{"ancestorTitles":["Workflow Engine Integration Tests","Workflow Execution","GET /executions - List Executions"],"duration":47,"failing":false,"failureDetails":[],"failureMessages":[],"fullName":"Workflow Engine Integration Tests Workflow Execution GET /executions - List Executions should list active executions","invocations":1,"location":null,"numPassingAsserts":3,"retryReasons":[],"startAt":1772241989449,"status":"passed","title":"should list active executions"},{"ancestorTitles":["Workflow Engine Integration Tests","Workflow Execution","GET /executions - List Executions"],"duration":48,"failing":false,"failureDetails":[],"failureMessages":[],"fullName":"Workflow Engine Integration Tests Workflow Execution GET /executions - List Executions should filter executions by user","invocations":1,"location":null,"numPassingAsserts":1,"retryReasons":[],"startAt":1772241989496,"status":"passed","title":"should filter executions by user"},{"ancestorTitles":["Workflow Engine Integration Tests","Workflow Execution","GET /executions - List Executions"],"duration":46,"failing":false,"failureDetails":[],"failureMessages":[],"fullName":"Workflow Engine Integration Tests Workflow Execution GET /executions - List Executions should support pagination","invocations":1,"location":null,"numPassingAsserts":3,"retryReasons":[],"startAt":1772241989544,"status":"passed","title":"should support pagination"},{"ancestorTitles":["Workflow Engine Integration Tests","Workflow Execution","POST /executions/:id/advance - Advance to Next Step"],"duration":652,"failing":false,"failureDetails":[],"failureMessages":[],"fullName":"Workflow Engine Integration Tests Workflow Execution POST /executions/:id/advance - Advance to Next Step should advance to next step on approval","invocations":1,"location":null,"numPassingAsserts":3,"retryReasons":[],"startAt":1772241989590,"status":"passed","title":"should advance to next step on approval"},{"ancestorTitles":["Workflow Engine Integration Tests","Workflow Execution","POST /executions/:id/advance - Advance to Next Step"],"duration":1,"failing":false,"failureDetails":[],"failureMessages":[],"fullName":"Workflow Engine Integration Tests Workflow Execution POST /executions/:id/advance - Advance to Next Step should record step completion history","invocations":1,"location":null,"numPassingAsserts":5,"retryReasons":[],"startAt":1772241990242,"status":"passed","title":"should record step completion history"},{"ancestorTitles":["Workflow Engine Integration Tests","Workflow Execution","POST /executions/:id/assign - Assign Step to User"],"duration":1,"failing":false,"failureDetails":[],"failureMessages":[],"fullName":"Workflow Engine Integration Tests Workflow Execution POST /executions/:id/assign - Assign Step to User should assign current step to specific user","invocations":1,"location":null,"numPassingAsserts":2,"retryReasons":[],"startAt":1772241990244,"status":"passed","title":"should assign current step to specific user"},{"ancestorTitles":["Workflow Engine Integration Tests","Workflow Execution","POST /executions/:id/assign - Assign Step to User"],"duration":950,"failing":false,"failureDetails":[],"failureMessages":[],"fullName":"Workflow Engine Integration Tests Workflow Execution POST /executions/:id/assign - Assign Step to User should verify assignee can complete step","invocations":1,"location":null,"numPassingAsserts":2,"retryReasons":[],"startAt":1772241990245,"status":"passed","title":"should verify assignee can complete step"},{"ancestorTitles":["Workflow Engine Integration Tests","Workflow Execution","POST /executions/:id/complete - Complete Workflow"],"duration":890,"failing":false,"failureDetails":[],"failureMessages":[],"fullName":"Workflow Engine Integration Tests Workflow Execution POST /executions/:id/complete - Complete Workflow should complete workflow after final step","invocations":1,"location":null,"numPassingAsserts":3,"retryReasons":[],"startAt":1772241991195,"status":"passed","title":"should complete workflow after final step"},{"ancestorTitles":["Workflow Engine Integration Tests","Workflow Execution","POST /executions/:id/complete - Complete Workflow"],"duration":141,"failing":false,"failureDetails":[],"failureMessages":[],"fullName":"Workflow Engine Integration Tests Workflow Execution POST /executions/:id/complete - Complete Workflow should not allow actions after completion","invocations":1,"location":null,"numPassingAsserts":2,"retryReasons":[],"startAt":1772241992085,"status":"passed","title":"should not allow actions after completion"},{"ancestorTitles":["Workflow Engine Integration Tests","Workflow Execution","POST /executions/:id/reject - Reject Workflow"],"duration":995,"failing":false,"failureDetails":[],"failureMessages":[],"fullName":"Workflow Engine Integration Tests Workflow Execution POST /executions/:id/reject - Reject Workflow should reject workflow at any step","invocations":1,"location":null,"numPassingAsserts":3,"retryReasons":[],"startAt":1772241992226,"status":"passed","title":"should reject workflow at any step"},{"ancestorTitles":["Workflow Engine Integration Tests","Workflow Templates","GET /workflows/templates - Get Templates"],"duration":1,"failing":false,"failureDetails":[],"failureMessages":[],"fullName":"Workflow Engine Integration Tests Workflow Templates GET /workflows/templates - Get Templates should return predefined workflow templates","invocations":1,"location":null,"numPassingAsserts":2,"retryReasons":[],"startAt":1772241993221,"status":"passed","title":"should return predefined workflow templates"},{"ancestorTitles":["Workflow Engine Integration Tests","Workflow Templates","POST /workflows/from-template - Create from Template"],"duration":1,"failing":false,"failureDetails":[],"failureMessages":[],"fullName":"Workflow Engine Integration Tests Workflow Templates POST /workflows/from-template - Create from Template should create workflow from template","invocations":1,"location":null,"numPassingAsserts":0,"retryReasons":[],"startAt":1772241993222,"status":"passed","title":"should create workflow from template"},{"ancestorTitles":["Workflow Engine Integration Tests","Workflow Cloning"],"duration":507,"failing":false,"failureDetails":[],"failureMessages":[],"fullName":"Workflow Engine Integration Tests Workflow Cloning POST /workflows/:id/clone - Clone existing workflow","invocations":1,"location":null,"numPassingAsserts":4,"retryReasons":[],"startAt":1772241993223,"status":"passed","title":"POST /workflows/:id/clone - Clone existing workflow"},{"ancestorTitles":["Workflow Engine Integration Tests","Workflow Statistics"],"duration":2,"failing":false,"failureDetails":[],"failureMessages":[],"fullName":"Workflow Engine Integration Tests Workflow Statistics GET /workflows/:id/stats - Get workflow statistics","invocations":1,"location":null,"numPassingAsserts":5,"retryReasons":[],"startAt":1772241993730,"status":"passed","title":"GET /workflows/:id/stats - Get workflow statistics"}],"endTime":1772241994062,"message":"","name":"/Users/shf/sdntech/backend/tests/integration/workflows.test.js","startTime":1772241983915,"status":"passed","summary":""},{"assertionResults":[{"ancestorTitles":["Change Request Integration Tests","Change Request Creation"],"duration":2741,"failing":false,"failureDetails":[],"failureMessages":[],"fullName":"Change Request Integration Tests Change Request Creation Supplier update triggers change request","invocations":1,"location":null,"numPassingAsserts":1,"retryReasons":[],"startAt":1772241985307,"status":"passed","title":"Supplier update triggers change request"},{"ancestorTitles":["Change Request Integration Tests","Buyer View - Pending Requests"],"duration":225,"failing":false,"failureDetails":[],"failureMessages":[],"fullName":"Change Request Integration Tests Buyer View - Pending Requests GET /change-requests/pending - Buyer admin sees all pending requests","invocations":1,"location":null,"numPassingAsserts":3,"retryReasons":[],"startAt":1772241988049,"status":"passed","title":"GET /change-requests/pending - Buyer admin sees all pending requests"},{"ancestorTitles":["Change Request Integration Tests","Buyer View - Pending Requests"],"duration":87,"failing":false,"failureDetails":[],"failureMessages":[],"fullName":"Change Request Integration Tests Buyer View - Pending Requests GET /change-requests/:id - Get request details","invocations":1,"location":null,"numPassingAsserts":4,"retryReasons":[],"startAt":1772241988275,"status":"passed","title":"GET /change-requests/:id - Get request details"},{"ancestorTitles":["Change Request Integration Tests","Role-Based Visibility"],"duration":221,"failing":false,"failureDetails":[],"failureMessages":[],"fullName":"Change Request Integration Tests Role-Based Visibility Finance Manager sees bankName changes","invocations":1,"location":null,"numPassingAsserts":2,"retryReasons":[],"startAt":1772241988362,"status":"passed","title":"Finance Manager sees bankName changes"},{"ancestorTitles":["Change Request Integration Tests","Role-Based Visibility"],"duration":288,"failing":false,"failureDetails":[],"failureMessages":[],"fullName":"Change Request Integration Tests Role-Based Visibility Compliance Officer sees legalName changes","invocations":1,"location":null,"numPassingAsserts":2,"retryReasons":[],"startAt":1772241988583,"status":"passed","title":"Compliance Officer sees legalName changes"},{"ancestorTitles":["Change Request Integration Tests","Role-Based Visibility"],"duration":300,"failing":false,"failureDetails":[],"failureMessages":[],"fullName":"Change Request Integration Tests Role-Based Visibility Procurement sees website changes","invocations":1,"location":null,"numPassingAsserts":2,"retryReasons":[],"startAt":1772241988872,"status":"passed","title":"Procurement sees website changes"},{"ancestorTitles":["Change Request Integration Tests","Item-Level Actions"],"duration":578,"failing":false,"failureDetails":[],"failureMessages":[],"fullName":"Change Request Integration Tests Item-Level Actions POST /change-requests/items/:itemId/approve - Finance approves bank change","invocations":1,"location":null,"numPassingAsserts":1,"retryReasons":[],"startAt":1772241989172,"status":"passed","title":"POST /change-requests/items/:itemId/approve - Finance approves bank change"},{"ancestorTitles":["Change Request Integration Tests","Item-Level Actions"],"duration":970,"failing":false,"failureDetails":[],"failureMessages":[],"fullName":"Change Request Integration Tests Item-Level Actions POST /change-requests/items/:itemId/reject - Compliance rejects legal name change","invocations":1,"location":null,"numPassingAsserts":1,"retryReasons":[],"startAt":1772241989750,"status":"passed","title":"POST /change-requests/items/:itemId/reject - Compliance rejects legal name change"},{"ancestorTitles":["Change Request Integration Tests","Item-Level Actions"],"duration":1412,"failing":false,"failureDetails":[],"failureMessages":[],"fullName":"Change Request Integration Tests Item-Level Actions POST /change-requests/items/:itemId/approve - Procurement approves website change","invocations":1,"location":null,"numPassingAsserts":1,"retryReasons":[],"startAt":1772241990720,"status":"passed","title":"POST /change-requests/items/:itemId/approve - Procurement approves website change"},{"ancestorTitles":["Change Request Integration Tests","Request-Level Actions"],"duration":2065,"failing":false,"failureDetails":[],"failureMessages":[],"fullName":"Change Request Integration Tests Request-Level Actions POST /change-requests/:id/approve - Full request approval","invocations":1,"location":null,"numPassingAsserts":1,"retryReasons":[],"startAt":1772241992132,"status":"passed","title":"POST /change-requests/:id/approve - Full request approval"},{"ancestorTitles":["Change Request Integration Tests","Request-Level Actions"],"duration":1367,"failing":false,"failureDetails":[],"failureMessages":[],"fullName":"Change Request Integration Tests Request-Level Actions POST /change-requests/:id/reject - Full request rejection","invocations":1,"location":null,"numPassingAsserts":1,"retryReasons":[],"startAt":1772241994197,"status":"passed","title":"POST /change-requests/:id/reject - Full request rejection"},{"ancestorTitles":["Change Request Integration Tests","Supplier View - My Requests"],"duration":50,"failing":false,"failureDetails":[],"failureMessages":[],"fullName":"Change Request Integration Tests Supplier View - My Requests GET /change-requests/my-requests - Supplier sees own requests","invocations":1,"location":null,"numPassingAsserts":3,"retryReasons":[],"startAt":1772241995565,"status":"passed","title":"GET /change-requests/my-requests - Supplier sees own requests"}],"endTime":1772241995750,"message":"","name":"/Users/shf/sdntech/backend/tests/integration/change-requests.test.js","startTime":1772241983915,"status":"passed","summary":""}],"wasInterrupted":false}
