{"/Users/shf/sdntech/backend/config/database.js": {"path":"/Users/shf/sdntech/backend/config/database.js","statementMap":{"0":{"start":{"line":1,"column":21},"end":{"line":1,"column":47}},"1":{"start":{"line":2,"column":0},"end":{"line":6,"column":1}},"2":{"start":{"line":3,"column":4},"end":{"line":3,"column":74}},"3":{"start":{"line":7,"column":17},"end":{"line":7,"column":30}},"4":{"start":{"line":8,"column":15},"end":{"line":8,"column":34}},"5":{"start":{"line":9,"column":13},"end":{"line":9,"column":28}},"6":{"start":{"line":10,"column":11},"end":{"line":10,"column":24}},"7":{"start":{"line":11,"column":0},"end":{"line":11,"column":42}},"8":{"start":{"line":12,"column":0},"end":{"line":12,"column":123}},"9":{"start":{"line":13,"column":35},"end":{"line":13,"column":83}},"10":{"start":{"line":14,"column":31},"end":{"line":14,"column":59}},"11":{"start":{"line":15,"column":19},"end":{"line":15,"column":49}},"12":{"start":{"line":18,"column":19},"end":{"line":18,"column":23}},"13":{"start":{"line":21,"column":20},"end":{"line":21,"column":22}},"14":{"start":{"line":26,"column":21},"end":{"line":26,"column":113}},"15":{"start":{"line":27,"column":21},"end":{"line":27,"column":84}},"16":{"start":{"line":28,"column":21},"end":{"line":28,"column":82}},"17":{"start":{"line":29,"column":23},"end":{"line":29,"column":60}},"18":{"start":{"line":30,"column":23},"end":{"line":30,"column":91}},"19":{"start":{"line":32,"column":8},"end":{"line":34,"column":9}},"20":{"start":{"line":33,"column":12},"end":{"line":33,"column":118}},"21":{"start":{"line":37,"column":24},"end":{"line":37,"column":48}},"22":{"start":{"line":40,"column":29},"end":{"line":40,"column":100}},"23":{"start":{"line":43,"column":8},"end":{"line":45,"column":9}},"24":{"start":{"line":44,"column":12},"end":{"line":44,"column":61}},"25":{"start":{"line":47,"column":8},"end":{"line":47,"column":125}},"26":{"start":{"line":51,"column":8},"end":{"line":73,"column":9}},"27":{"start":{"line":52,"column":12},"end":{"line":52,"column":68}},"28":{"start":{"line":53,"column":12},"end":{"line":72,"column":13}},"29":{"start":{"line":54,"column":38},"end":{"line":59,"column":17}},"30":{"start":{"line":62,"column":16},"end":{"line":66,"column":17}},"31":{"start":{"line":63,"column":20},"end":{"line":65,"column":23}},"32":{"start":{"line":68,"column":31},"end":{"line":68,"column":56}},"33":{"start":{"line":69,"column":16},"end":{"line":69,"column":61}},"34":{"start":{"line":69,"column":39},"end":{"line":69,"column":60}},"35":{"start":{"line":71,"column":16},"end":{"line":71,"column":71}},"36":{"start":{"line":75,"column":33},"end":{"line":85,"column":9}},"37":{"start":{"line":87,"column":8},"end":{"line":89,"column":9}},"38":{"start":{"line":88,"column":12},"end":{"line":88,"column":40}},"39":{"start":{"line":91,"column":8},"end":{"line":91,"column":39}},"40":{"start":{"line":92,"column":8},"end":{"line":92,"column":47}},"41":{"start":{"line":95,"column":8},"end":{"line":100,"column":9}},"42":{"start":{"line":96,"column":12},"end":{"line":96,"column":42}},"43":{"start":{"line":97,"column":12},"end":{"line":97,"column":65}},"44":{"start":{"line":99,"column":12},"end":{"line":99,"column":102}},"45":{"start":{"line":102,"column":8},"end":{"line":104,"column":11}},"46":{"start":{"line":103,"column":12},"end":{"line":103,"column":66}},"47":{"start":{"line":106,"column":8},"end":{"line":106,"column":82}},"48":{"start":{"line":109,"column":8},"end":{"line":109,"column":24}},"49":{"start":{"line":110,"column":8},"end":{"line":110,"column":32}},"50":{"start":{"line":115,"column":16},"end":{"line":115,"column":17}},"51":{"start":{"line":117,"column":19},"end":{"line":117,"column":54}},"52":{"start":{"line":117,"column":44},"end":{"line":117,"column":53}},"53":{"start":{"line":120,"column":8},"end":{"line":123,"column":9}},"54":{"start":{"line":121,"column":12},"end":{"line":121,"column":93}},"55":{"start":{"line":122,"column":12},"end":{"line":122,"column":59}},"56":{"start":{"line":127,"column":8},"end":{"line":132,"column":9}},"57":{"start":{"line":129,"column":12},"end":{"line":131,"column":13}},"58":{"start":{"line":130,"column":16},"end":{"line":130,"column":39}},"59":{"start":{"line":134,"column":8},"end":{"line":134,"column":20}},"60":{"start":{"line":143,"column":32},"end":{"line":143,"column":122}},"61":{"start":{"line":143,"column":56},"end":{"line":143,"column":121}},"62":{"start":{"line":145,"column":8},"end":{"line":145,"column":74}},"63":{"start":{"line":146,"column":8},"end":{"line":146,"column":29}},"64":{"start":{"line":150,"column":8},"end":{"line":153,"column":9}},"65":{"start":{"line":152,"column":12},"end":{"line":152,"column":19}},"66":{"start":{"line":154,"column":8},"end":{"line":154,"column":44}},"67":{"start":{"line":154,"column":37},"end":{"line":154,"column":44}},"68":{"start":{"line":156,"column":8},"end":{"line":156,"column":31}},"69":{"start":{"line":157,"column":21},"end":{"line":157,"column":39}},"70":{"start":{"line":158,"column":21},"end":{"line":158,"column":51}},"71":{"start":{"line":162,"column":8},"end":{"line":206,"column":9}},"72":{"start":{"line":163,"column":12},"end":{"line":165,"column":13}},"73":{"start":{"line":164,"column":16},"end":{"line":164,"column":108}},"74":{"start":{"line":166,"column":12},"end":{"line":166,"column":93}},"75":{"start":{"line":167,"column":24},"end":{"line":167,"column":64}},"76":{"start":{"line":168,"column":12},"end":{"line":168,"column":74}},"77":{"start":{"line":171,"column":28},"end":{"line":171,"column":46}},"78":{"start":{"line":172,"column":31},"end":{"line":172,"column":66}},"79":{"start":{"line":173,"column":25},"end":{"line":173,"column":46}},"80":{"start":{"line":174,"column":12},"end":{"line":176,"column":13}},"81":{"start":{"line":175,"column":16},"end":{"line":175,"column":114}},"82":{"start":{"line":179,"column":12},"end":{"line":189,"column":13}},"83":{"start":{"line":180,"column":28},"end":{"line":180,"column":35}},"84":{"start":{"line":181,"column":16},"end":{"line":181,"column":55}},"85":{"start":{"line":182,"column":30},"end":{"line":182,"column":88}},"86":{"start":{"line":182,"column":57},"end":{"line":182,"column":87}},"87":{"start":{"line":183,"column":16},"end":{"line":188,"column":17}},"88":{"start":{"line":184,"column":20},"end":{"line":184,"column":45}},"89":{"start":{"line":185,"column":20},"end":{"line":185,"column":85}},"90":{"start":{"line":187,"column":20},"end":{"line":187,"column":88}},"91":{"start":{"line":191,"column":12},"end":{"line":195,"column":13}},"92":{"start":{"line":192,"column":16},"end":{"line":194,"column":52}},"93":{"start":{"line":192,"column":41},"end":{"line":192,"column":81}},"94":{"start":{"line":193,"column":21},"end":{"line":194,"column":52}},"95":{"start":{"line":193,"column":46},"end":{"line":193,"column":83}},"96":{"start":{"line":194,"column":21},"end":{"line":194,"column":52}},"97":{"start":{"line":197,"column":12},"end":{"line":197,"column":140}},"98":{"start":{"line":198,"column":12},"end":{"line":198,"column":61}},"99":{"start":{"line":198,"column":31},"end":{"line":198,"column":61}},"100":{"start":{"line":200,"column":12},"end":{"line":200,"column":36}},"101":{"start":{"line":201,"column":12},"end":{"line":201,"column":94}},"102":{"start":{"line":203,"column":12},"end":{"line":205,"column":13}},"103":{"start":{"line":204,"column":16},"end":{"line":204,"column":37}},"104":{"start":{"line":213,"column":8},"end":{"line":213,"column":33}},"105":{"start":{"line":213,"column":22},"end":{"line":213,"column":33}},"106":{"start":{"line":217,"column":8},"end":{"line":220,"column":9}},"107":{"start":{"line":218,"column":12},"end":{"line":218,"column":30}},"108":{"start":{"line":219,"column":12},"end":{"line":219,"column":24}},"109":{"start":{"line":221,"column":8},"end":{"line":221,"column":52}},"110":{"start":{"line":225,"column":8},"end":{"line":228,"column":9}},"111":{"start":{"line":226,"column":12},"end":{"line":226,"column":30}},"112":{"start":{"line":227,"column":12},"end":{"line":227,"column":24}},"113":{"start":{"line":229,"column":8},"end":{"line":229,"column":52}},"114":{"start":{"line":233,"column":8},"end":{"line":236,"column":9}},"115":{"start":{"line":234,"column":12},"end":{"line":234,"column":30}},"116":{"start":{"line":235,"column":12},"end":{"line":235,"column":24}},"117":{"start":{"line":237,"column":8},"end":{"line":237,"column":52}},"118":{"start":{"line":241,"column":8},"end":{"line":246,"column":9}},"119":{"start":{"line":242,"column":32},"end":{"line":242,"column":41}},"120":{"start":{"line":243,"column":12},"end":{"line":243,"column":29}},"121":{"start":{"line":244,"column":12},"end":{"line":244,"column":36}},"122":{"start":{"line":245,"column":12},"end":{"line":245,"column":60}},"123":{"start":{"line":250,"column":8},"end":{"line":250,"column":37}},"124":{"start":{"line":250,"column":30},"end":{"line":250,"column":37}},"125":{"start":{"line":252,"column":8},"end":{"line":252,"column":55}},"126":{"start":{"line":256,"column":26},"end":{"line":867,"column":9}},"127":{"start":{"line":258,"column":35},"end":{"line":293,"column":13}},"128":{"start":{"line":260,"column":16},"end":{"line":275,"column":19}},"129":{"start":{"line":261,"column":20},"end":{"line":274,"column":21}},"130":{"start":{"line":262,"column":39},"end":{"line":269,"column":25}},"131":{"start":{"line":270,"column":24},"end":{"line":272,"column":27}},"132":{"start":{"line":271,"column":28},"end":{"line":271,"column":161}},"133":{"start":{"line":273,"column":24},"end":{"line":273,"column":61}},"134":{"start":{"line":278,"column":16},"end":{"line":292,"column":19}},"135":{"start":{"line":279,"column":20},"end":{"line":291,"column":21}},"136":{"start":{"line":280,"column":41},"end":{"line":286,"column":25}},"137":{"start":{"line":287,"column":24},"end":{"line":289,"column":27}},"138":{"start":{"line":288,"column":28},"end":{"line":288,"column":162}},"139":{"start":{"line":290,"column":24},"end":{"line":290,"column":63}},"140":{"start":{"line":295,"column":30},"end":{"line":317,"column":13}},"141":{"start":{"line":296,"column":16},"end":{"line":309,"column":19}},"142":{"start":{"line":297,"column":20},"end":{"line":308,"column":21}},"143":{"start":{"line":298,"column":24},"end":{"line":307,"column":57}},"144":{"start":{"line":299,"column":51},"end":{"line":299,"column":93}},"145":{"start":{"line":300,"column":28},"end":{"line":306,"column":30}},"146":{"start":{"line":303,"column":36},"end":{"line":304,"column":75}},"147":{"start":{"line":303,"column":45},"end":{"line":303,"column":87}},"148":{"start":{"line":304,"column":41},"end":{"line":304,"column":75}},"149":{"start":{"line":307,"column":38},"end":{"line":307,"column":55}},"150":{"start":{"line":312,"column":16},"end":{"line":316,"column":19}},"151":{"start":{"line":313,"column":20},"end":{"line":315,"column":21}},"152":{"start":{"line":314,"column":24},"end":{"line":314,"column":73}},"153":{"start":{"line":319,"column":30},"end":{"line":616,"column":13}},"154":{"start":{"line":619,"column":12},"end":{"line":631,"column":15}},"155":{"start":{"line":620,"column":16},"end":{"line":630,"column":19}},"156":{"start":{"line":621,"column":20},"end":{"line":629,"column":21}},"157":{"start":{"line":622,"column":24},"end":{"line":622,"column":70}},"158":{"start":{"line":623,"column":24},"end":{"line":623,"column":36}},"159":{"start":{"line":625,"column":24},"end":{"line":625,"column":84}},"160":{"start":{"line":627,"column":24},"end":{"line":627,"column":36}},"161":{"start":{"line":628,"column":24},"end":{"line":628,"column":34}},"162":{"start":{"line":634,"column":33},"end":{"line":652,"column":13}},"163":{"start":{"line":653,"column":12},"end":{"line":659,"column":15}},"164":{"start":{"line":654,"column":16},"end":{"line":658,"column":19}},"165":{"start":{"line":655,"column":20},"end":{"line":656,"column":73}},"166":{"start":{"line":655,"column":29},"end":{"line":655,"column":111}},"167":{"start":{"line":656,"column":25},"end":{"line":656,"column":73}},"168":{"start":{"line":657,"column":20},"end":{"line":657,"column":30}},"169":{"start":{"line":662,"column":34},"end":{"line":716,"column":13}},"170":{"start":{"line":718,"column":12},"end":{"line":724,"column":15}},"171":{"start":{"line":719,"column":16},"end":{"line":723,"column":19}},"172":{"start":{"line":720,"column":20},"end":{"line":721,"column":81}},"173":{"start":{"line":720,"column":29},"end":{"line":720,"column":89}},"174":{"start":{"line":721,"column":25},"end":{"line":721,"column":81}},"175":{"start":{"line":722,"column":20},"end":{"line":722,"column":30}},"176":{"start":{"line":727,"column":36},"end":{"line":729,"column":13}},"177":{"start":{"line":730,"column":12},"end":{"line":747,"column":15}},"178":{"start":{"line":731,"column":16},"end":{"line":746,"column":19}},"179":{"start":{"line":732,"column":20},"end":{"line":744,"column":21}},"180":{"start":{"line":732,"column":29},"end":{"line":732,"column":91}},"181":{"start":{"line":735,"column":24},"end":{"line":743,"column":27}},"182":{"start":{"line":736,"column":28},"end":{"line":742,"column":29}},"183":{"start":{"line":737,"column":32},"end":{"line":737,"column":104}},"184":{"start":{"line":738,"column":32},"end":{"line":741,"column":35}},"185":{"start":{"line":739,"column":49},"end":{"line":739,"column":115}},"186":{"start":{"line":740,"column":36},"end":{"line":740,"column":145}},"187":{"start":{"line":745,"column":20},"end":{"line":745,"column":30}},"188":{"start":{"line":750,"column":34},"end":{"line":752,"column":13}},"189":{"start":{"line":754,"column":12},"end":{"line":760,"column":15}},"190":{"start":{"line":755,"column":16},"end":{"line":759,"column":19}},"191":{"start":{"line":756,"column":20},"end":{"line":757,"column":88}},"192":{"start":{"line":756,"column":29},"end":{"line":756,"column":93}},"193":{"start":{"line":757,"column":25},"end":{"line":757,"column":88}},"194":{"start":{"line":758,"column":20},"end":{"line":758,"column":30}},"195":{"start":{"line":763,"column":35},"end":{"line":765,"column":13}},"196":{"start":{"line":767,"column":12},"end":{"line":773,"column":15}},"197":{"start":{"line":768,"column":16},"end":{"line":772,"column":19}},"198":{"start":{"line":769,"column":20},"end":{"line":770,"column":85}},"199":{"start":{"line":769,"column":29},"end":{"line":769,"column":90}},"200":{"start":{"line":770,"column":25},"end":{"line":770,"column":85}},"201":{"start":{"line":771,"column":20},"end":{"line":771,"column":30}},"202":{"start":{"line":776,"column":34},"end":{"line":779,"column":13}},"203":{"start":{"line":781,"column":12},"end":{"line":787,"column":15}},"204":{"start":{"line":782,"column":16},"end":{"line":786,"column":19}},"205":{"start":{"line":783,"column":20},"end":{"line":784,"column":92}},"206":{"start":{"line":783,"column":29},"end":{"line":783,"column":97}},"207":{"start":{"line":784,"column":25},"end":{"line":784,"column":92}},"208":{"start":{"line":785,"column":20},"end":{"line":785,"column":30}},"209":{"start":{"line":790,"column":42},"end":{"line":793,"column":13}},"210":{"start":{"line":795,"column":12},"end":{"line":801,"column":15}},"211":{"start":{"line":796,"column":16},"end":{"line":800,"column":19}},"212":{"start":{"line":797,"column":20},"end":{"line":798,"column":101}},"213":{"start":{"line":797,"column":29},"end":{"line":797,"column":106}},"214":{"start":{"line":798,"column":25},"end":{"line":798,"column":101}},"215":{"start":{"line":799,"column":20},"end":{"line":799,"column":30}},"216":{"start":{"line":804,"column":34},"end":{"line":813,"column":13}},"217":{"start":{"line":814,"column":12},"end":{"line":829,"column":15}},"218":{"start":{"line":815,"column":16},"end":{"line":828,"column":19}},"219":{"start":{"line":816,"column":20},"end":{"line":826,"column":21}},"220":{"start":{"line":816,"column":29},"end":{"line":816,"column":95}},"221":{"start":{"line":818,"column":24},"end":{"line":818,"column":79}},"222":{"start":{"line":820,"column":24},"end":{"line":825,"column":27}},"223":{"start":{"line":827,"column":20},"end":{"line":827,"column":30}},"224":{"start":{"line":832,"column":34},"end":{"line":859,"column":13}},"225":{"start":{"line":860,"column":12},"end":{"line":866,"column":15}},"226":{"start":{"line":861,"column":16},"end":{"line":865,"column":19}},"227":{"start":{"line":862,"column":20},"end":{"line":863,"column":81}},"228":{"start":{"line":862,"column":29},"end":{"line":862,"column":89}},"229":{"start":{"line":863,"column":25},"end":{"line":863,"column":81}},"230":{"start":{"line":864,"column":20},"end":{"line":864,"column":30}},"231":{"start":{"line":869,"column":8},"end":{"line":869,"column":26}},"232":{"start":{"line":870,"column":8},"end":{"line":870,"column":32}},"233":{"start":{"line":876,"column":0},"end":{"line":876,"column":27}},"234":{"start":{"line":879,"column":0},"end":{"line":879,"column":20}}},"fnMap":{"0":{"name":"(anonymous_0)","decl":{"start":{"line":23,"column":4},"end":{"line":23,"column":5}},"loc":{"start":{"line":23,"column":18},"end":{"line":111,"column":5}},"line":23},"1":{"name":"(anonymous_1)","decl":{"start":{"line":69,"column":33},"end":{"line":69,"column":34}},"loc":{"start":{"line":69,"column":39},"end":{"line":69,"column":60}},"line":69},"2":{"name":"(anonymous_2)","decl":{"start":{"line":102,"column":30},"end":{"line":102,"column":31}},"loc":{"start":{"line":102,"column":39},"end":{"line":104,"column":9}},"line":102},"3":{"name":"(anonymous_3)","decl":{"start":{"line":114,"column":4},"end":{"line":114,"column":5}},"loc":{"start":{"line":114,"column":25},"end":{"line":135,"column":5}},"line":114},"4":{"name":"(anonymous_4)","decl":{"start":{"line":117,"column":38},"end":{"line":117,"column":39}},"loc":{"start":{"line":117,"column":44},"end":{"line":117,"column":53}},"line":117},"5":{"name":"(anonymous_5)","decl":{"start":{"line":138,"column":4},"end":{"line":138,"column":5}},"loc":{"start":{"line":138,"column":42},"end":{"line":147,"column":5}},"line":138},"6":{"name":"(anonymous_6)","decl":{"start":{"line":143,"column":51},"end":{"line":143,"column":52}},"loc":{"start":{"line":143,"column":56},"end":{"line":143,"column":121}},"line":143},"7":{"name":"(anonymous_7)","decl":{"start":{"line":149,"column":4},"end":{"line":149,"column":5}},"loc":{"start":{"line":149,"column":26},"end":{"line":207,"column":5}},"line":149},"8":{"name":"(anonymous_8)","decl":{"start":{"line":182,"column":52},"end":{"line":182,"column":53}},"loc":{"start":{"line":182,"column":57},"end":{"line":182,"column":87}},"line":182},"9":{"name":"(anonymous_9)","decl":{"start":{"line":209,"column":4},"end":{"line":209,"column":5}},"loc":{"start":{"line":209,"column":24},"end":{"line":214,"column":5}},"line":209},"10":{"name":"(anonymous_10)","decl":{"start":{"line":216,"column":4},"end":{"line":216,"column":5}},"loc":{"start":{"line":216,"column":36},"end":{"line":222,"column":5}},"line":216},"11":{"name":"(anonymous_11)","decl":{"start":{"line":224,"column":4},"end":{"line":224,"column":5}},"loc":{"start":{"line":224,"column":36},"end":{"line":230,"column":5}},"line":224},"12":{"name":"(anonymous_12)","decl":{"start":{"line":232,"column":4},"end":{"line":232,"column":5}},"loc":{"start":{"line":232,"column":36},"end":{"line":238,"column":5}},"line":232},"13":{"name":"(anonymous_13)","decl":{"start":{"line":240,"column":4},"end":{"line":240,"column":5}},"loc":{"start":{"line":240,"column":18},"end":{"line":247,"column":5}},"line":240},"14":{"name":"(anonymous_14)","decl":{"start":{"line":249,"column":4},"end":{"line":249,"column":5}},"loc":{"start":{"line":249,"column":17},"end":{"line":871,"column":5}},"line":249},"15":{"name":"(anonymous_15)","decl":{"start":{"line":256,"column":26},"end":{"line":256,"column":27}},"loc":{"start":{"line":256,"column":38},"end":{"line":867,"column":9}},"line":256},"16":{"name":"(anonymous_16)","decl":{"start":{"line":258,"column":35},"end":{"line":258,"column":36}},"loc":{"start":{"line":258,"column":60},"end":{"line":293,"column":13}},"line":258},"17":{"name":"(anonymous_17)","decl":{"start":{"line":260,"column":69},"end":{"line":260,"column":70}},"loc":{"start":{"line":260,"column":83},"end":{"line":275,"column":17}},"line":260},"18":{"name":"(anonymous_18)","decl":{"start":{"line":270,"column":39},"end":{"line":270,"column":40}},"loc":{"start":{"line":270,"column":44},"end":{"line":272,"column":25}},"line":270},"19":{"name":"(anonymous_19)","decl":{"start":{"line":278,"column":71},"end":{"line":278,"column":72}},"loc":{"start":{"line":278,"column":85},"end":{"line":292,"column":17}},"line":278},"20":{"name":"(anonymous_20)","decl":{"start":{"line":287,"column":41},"end":{"line":287,"column":42}},"loc":{"start":{"line":287,"column":46},"end":{"line":289,"column":25}},"line":287},"21":{"name":"(anonymous_21)","decl":{"start":{"line":295,"column":30},"end":{"line":295,"column":31}},"loc":{"start":{"line":295,"column":36},"end":{"line":317,"column":13}},"line":295},"22":{"name":"(anonymous_22)","decl":{"start":{"line":296,"column":79},"end":{"line":296,"column":80}},"loc":{"start":{"line":296,"column":99},"end":{"line":309,"column":17}},"line":296},"23":{"name":"(anonymous_23)","decl":{"start":{"line":302,"column":32},"end":{"line":302,"column":33}},"loc":{"start":{"line":302,"column":41},"end":{"line":305,"column":33}},"line":302},"24":{"name":"(anonymous_24)","decl":{"start":{"line":312,"column":82},"end":{"line":312,"column":83}},"loc":{"start":{"line":312,"column":96},"end":{"line":316,"column":17}},"line":312},"25":{"name":"(anonymous_25)","decl":{"start":{"line":619,"column":30},"end":{"line":619,"column":31}},"loc":{"start":{"line":619,"column":51},"end":{"line":631,"column":13}},"line":619},"26":{"name":"(anonymous_26)","decl":{"start":{"line":620,"column":40},"end":{"line":620,"column":41}},"loc":{"start":{"line":620,"column":49},"end":{"line":630,"column":17}},"line":620},"27":{"name":"(anonymous_27)","decl":{"start":{"line":653,"column":30},"end":{"line":653,"column":31}},"loc":{"start":{"line":653,"column":43},"end":{"line":659,"column":13}},"line":653},"28":{"name":"(anonymous_28)","decl":{"start":{"line":654,"column":43},"end":{"line":654,"column":44}},"loc":{"start":{"line":654,"column":52},"end":{"line":658,"column":17}},"line":654},"29":{"name":"(anonymous_29)","decl":{"start":{"line":718,"column":30},"end":{"line":718,"column":31}},"loc":{"start":{"line":718,"column":43},"end":{"line":724,"column":13}},"line":718},"30":{"name":"(anonymous_30)","decl":{"start":{"line":719,"column":44},"end":{"line":719,"column":45}},"loc":{"start":{"line":719,"column":53},"end":{"line":723,"column":17}},"line":719},"31":{"name":"(anonymous_31)","decl":{"start":{"line":730,"column":30},"end":{"line":730,"column":31}},"loc":{"start":{"line":730,"column":43},"end":{"line":747,"column":13}},"line":730},"32":{"name":"(anonymous_32)","decl":{"start":{"line":731,"column":46},"end":{"line":731,"column":47}},"loc":{"start":{"line":731,"column":61},"end":{"line":746,"column":17}},"line":731},"33":{"name":"(anonymous_33)","decl":{"start":{"line":735,"column":100},"end":{"line":735,"column":101}},"loc":{"start":{"line":735,"column":115},"end":{"line":743,"column":25}},"line":735},"34":{"name":"(anonymous_34)","decl":{"start":{"line":738,"column":45},"end":{"line":738,"column":46}},"loc":{"start":{"line":738,"column":50},"end":{"line":741,"column":33}},"line":738},"35":{"name":"(anonymous_35)","decl":{"start":{"line":754,"column":30},"end":{"line":754,"column":31}},"loc":{"start":{"line":754,"column":43},"end":{"line":760,"column":13}},"line":754},"36":{"name":"(anonymous_36)","decl":{"start":{"line":755,"column":44},"end":{"line":755,"column":45}},"loc":{"start":{"line":755,"column":53},"end":{"line":759,"column":17}},"line":755},"37":{"name":"(anonymous_37)","decl":{"start":{"line":767,"column":30},"end":{"line":767,"column":31}},"loc":{"start":{"line":767,"column":43},"end":{"line":773,"column":13}},"line":767},"38":{"name":"(anonymous_38)","decl":{"start":{"line":768,"column":45},"end":{"line":768,"column":46}},"loc":{"start":{"line":768,"column":54},"end":{"line":772,"column":17}},"line":768},"39":{"name":"(anonymous_39)","decl":{"start":{"line":781,"column":30},"end":{"line":781,"column":31}},"loc":{"start":{"line":781,"column":43},"end":{"line":787,"column":13}},"line":781},"40":{"name":"(anonymous_40)","decl":{"start":{"line":782,"column":44},"end":{"line":782,"column":45}},"loc":{"start":{"line":782,"column":53},"end":{"line":786,"column":17}},"line":782},"41":{"name":"(anonymous_41)","decl":{"start":{"line":795,"column":30},"end":{"line":795,"column":31}},"loc":{"start":{"line":795,"column":43},"end":{"line":801,"column":13}},"line":795},"42":{"name":"(anonymous_42)","decl":{"start":{"line":796,"column":52},"end":{"line":796,"column":53}},"loc":{"start":{"line":796,"column":61},"end":{"line":800,"column":17}},"line":796},"43":{"name":"(anonymous_43)","decl":{"start":{"line":814,"column":30},"end":{"line":814,"column":31}},"loc":{"start":{"line":814,"column":43},"end":{"line":829,"column":13}},"line":814},"44":{"name":"(anonymous_44)","decl":{"start":{"line":815,"column":44},"end":{"line":815,"column":45}},"loc":{"start":{"line":815,"column":53},"end":{"line":828,"column":17}},"line":815},"45":{"name":"(anonymous_45)","decl":{"start":{"line":860,"column":30},"end":{"line":860,"column":31}},"loc":{"start":{"line":860,"column":43},"end":{"line":866,"column":13}},"line":860},"46":{"name":"(anonymous_46)","decl":{"start":{"line":861,"column":44},"end":{"line":861,"column":45}},"loc":{"start":{"line":861,"column":53},"end":{"line":865,"column":17}},"line":861}},"branchMap":{"0":{"loc":{"start":{"line":2,"column":0},"end":{"line":6,"column":1}},"type":"if","locations":[{"start":{"line":2,"column":0},"end":{"line":6,"column":1}},{"start":{"line":4,"column":7},"end":{"line":6,"column":1}}],"line":2},"1":{"loc":{"start":{"line":12,"column":35},"end":{"line":12,"column":77}},"type":"cond-expr","locations":[{"start":{"line":12,"column":56},"end":{"line":12,"column":65}},{"start":{"line":12,"column":68},"end":{"line":12,"column":77}}],"line":12},"2":{"loc":{"start":{"line":12,"column":92},"end":{"line":12,"column":121}},"type":"binary-expr","locations":[{"start":{"line":12,"column":92},"end":{"line":12,"column":110}},{"start":{"line":12,"column":114},"end":{"line":12,"column":121}}],"line":12},"3":{"loc":{"start":{"line":26,"column":21},"end":{"line":26,"column":113}},"type":"binary-expr","locations":[{"start":{"line":26,"column":21},"end":{"line":26,"column":39}},{"start":{"line":26,"column":43},"end":{"line":26,"column":68}},{"start":{"line":26,"column":73},"end":{"line":26,"column":112}}],"line":26},"4":{"loc":{"start":{"line":26,"column":73},"end":{"line":26,"column":112}},"type":"cond-expr","locations":[{"start":{"line":26,"column":94},"end":{"line":26,"column":98}},{"start":{"line":26,"column":101},"end":{"line":26,"column":112}}],"line":26},"5":{"loc":{"start":{"line":27,"column":28},"end":{"line":27,"column":83}},"type":"binary-expr","locations":[{"start":{"line":27,"column":28},"end":{"line":27,"column":46}},{"start":{"line":27,"column":50},"end":{"line":27,"column":75}},{"start":{"line":27,"column":79},"end":{"line":27,"column":83}}],"line":27},"6":{"loc":{"start":{"line":28,"column":21},"end":{"line":28,"column":82}},"type":"binary-expr","locations":[{"start":{"line":28,"column":21},"end":{"line":28,"column":39}},{"start":{"line":28,"column":43},"end":{"line":28,"column":68}},{"start":{"line":28,"column":72},"end":{"line":28,"column":82}}],"line":28},"7":{"loc":{"start":{"line":29,"column":23},"end":{"line":29,"column":60}},"type":"binary-expr","locations":[{"start":{"line":29,"column":23},"end":{"line":29,"column":45}},{"start":{"line":29,"column":49},"end":{"line":29,"column":60}}],"line":29},"8":{"loc":{"start":{"line":30,"column":23},"end":{"line":30,"column":91}},"type":"binary-expr","locations":[{"start":{"line":30,"column":23},"end":{"line":30,"column":45}},{"start":{"line":30,"column":49},"end":{"line":30,"column":78}},{"start":{"line":30,"column":82},"end":{"line":30,"column":91}}],"line":30},"9":{"loc":{"start":{"line":32,"column":8},"end":{"line":34,"column":9}},"type":"if","locations":[{"start":{"line":32,"column":8},"end":{"line":34,"column":9}},{"start":{},"end":{}}],"line":32},"10":{"loc":{"start":{"line":32,"column":12},"end":{"line":32,"column":39}},"type":"binary-expr","locations":[{"start":{"line":32,"column":12},"end":{"line":32,"column":17}},{"start":{"line":32,"column":21},"end":{"line":32,"column":39}}],"line":32},"11":{"loc":{"start":{"line":40,"column":29},"end":{"line":40,"column":100}},"type":"binary-expr","locations":[{"start":{"line":40,"column":29},"end":{"line":40,"column":51}},{"start":{"line":40,"column":55},"end":{"line":40,"column":84}},{"start":{"line":40,"column":88},"end":{"line":40,"column":100}}],"line":40},"12":{"loc":{"start":{"line":43,"column":8},"end":{"line":45,"column":9}},"type":"if","locations":[{"start":{"line":43,"column":8},"end":{"line":45,"column":9}},{"start":{},"end":{}}],"line":43},"13":{"loc":{"start":{"line":43,"column":12},"end":{"line":43,"column":26}},"type":"binary-expr","locations":[{"start":{"line":43,"column":12},"end":{"line":43,"column":17}},{"start":{"line":43,"column":21},"end":{"line":43,"column":26}}],"line":43},"14":{"loc":{"start":{"line":47,"column":94},"end":{"line":47,"column":121}},"type":"cond-expr","locations":[{"start":{"line":47,"column":104},"end":{"line":47,"column":109}},{"start":{"line":47,"column":112},"end":{"line":47,"column":121}}],"line":47},"15":{"loc":{"start":{"line":51,"column":8},"end":{"line":73,"column":9}},"type":"if","locations":[{"start":{"line":51,"column":8},"end":{"line":73,"column":9}},{"start":{},"end":{}}],"line":51},"16":{"loc":{"start":{"line":51,"column":12},"end":{"line":51,"column":82}},"type":"binary-expr","locations":[{"start":{"line":51,"column":12},"end":{"line":51,"column":19}},{"start":{"line":51,"column":24},"end":{"line":51,"column":62}},{"start":{"line":51,"column":66},"end":{"line":51,"column":81}}],"line":51},"17":{"loc":{"start":{"line":62,"column":16},"end":{"line":66,"column":17}},"type":"if","locations":[{"start":{"line":62,"column":16},"end":{"line":66,"column":17}},{"start":{},"end":{}}],"line":62},"18":{"loc":{"start":{"line":82,"column":17},"end":{"line":82,"column":44}},"type":"cond-expr","locations":[{"start":{"line":82,"column":38},"end":{"line":82,"column":39}},{"start":{"line":82,"column":42},"end":{"line":82,"column":44}}],"line":82},"19":{"loc":{"start":{"line":87,"column":8},"end":{"line":89,"column":9}},"type":"if","locations":[{"start":{"line":87,"column":8},"end":{"line":89,"column":9}},{"start":{},"end":{}}],"line":87},"20":{"loc":{"start":{"line":87,"column":12},"end":{"line":87,"column":56}},"type":"binary-expr","locations":[{"start":{"line":87,"column":12},"end":{"line":87,"column":32}},{"start":{"line":87,"column":36},"end":{"line":87,"column":56}}],"line":87},"21":{"loc":{"start":{"line":120,"column":8},"end":{"line":123,"column":9}},"type":"if","locations":[{"start":{"line":120,"column":8},"end":{"line":123,"column":9}},{"start":{},"end":{}}],"line":120},"22":{"loc":{"start":{"line":127,"column":8},"end":{"line":132,"column":9}},"type":"if","locations":[{"start":{"line":127,"column":8},"end":{"line":132,"column":9}},{"start":{},"end":{}}],"line":127},"23":{"loc":{"start":{"line":129,"column":12},"end":{"line":131,"column":13}},"type":"if","locations":[{"start":{"line":129,"column":12},"end":{"line":131,"column":13}},{"start":{},"end":{}}],"line":129},"24":{"loc":{"start":{"line":143,"column":33},"end":{"line":143,"column":45}},"type":"binary-expr","locations":[{"start":{"line":143,"column":33},"end":{"line":143,"column":39}},{"start":{"line":143,"column":43},"end":{"line":143,"column":45}}],"line":143},"25":{"loc":{"start":{"line":143,"column":56},"end":{"line":143,"column":121}},"type":"cond-expr","locations":[{"start":{"line":143,"column":113},"end":{"line":143,"column":117}},{"start":{"line":143,"column":120},"end":{"line":143,"column":121}}],"line":143},"26":{"loc":{"start":{"line":143,"column":57},"end":{"line":143,"column":109}},"type":"binary-expr","locations":[{"start":{"line":143,"column":57},"end":{"line":143,"column":69}},{"start":{"line":143,"column":73},"end":{"line":143,"column":90}},{"start":{"line":143,"column":94},"end":{"line":143,"column":109}}],"line":143},"27":{"loc":{"start":{"line":150,"column":8},"end":{"line":153,"column":9}},"type":"if","locations":[{"start":{"line":150,"column":8},"end":{"line":153,"column":9}},{"start":{},"end":{}}],"line":150},"28":{"loc":{"start":{"line":154,"column":8},"end":{"line":154,"column":44}},"type":"if","locations":[{"start":{"line":154,"column":8},"end":{"line":154,"column":44}},{"start":{},"end":{}}],"line":154},"29":{"loc":{"start":{"line":163,"column":12},"end":{"line":165,"column":13}},"type":"if","locations":[{"start":{"line":163,"column":12},"end":{"line":165,"column":13}},{"start":{},"end":{}}],"line":163},"30":{"loc":{"start":{"line":172,"column":31},"end":{"line":172,"column":66}},"type":"cond-expr","locations":[{"start":{"line":172,"column":41},"end":{"line":172,"column":60}},{"start":{"line":172,"column":63},"end":{"line":172,"column":66}}],"line":172},"31":{"loc":{"start":{"line":173,"column":25},"end":{"line":173,"column":46}},"type":"binary-expr","locations":[{"start":{"line":173,"column":25},"end":{"line":173,"column":40}},{"start":{"line":173,"column":44},"end":{"line":173,"column":46}}],"line":173},"32":{"loc":{"start":{"line":174,"column":12},"end":{"line":176,"column":13}},"type":"if","locations":[{"start":{"line":174,"column":12},"end":{"line":176,"column":13}},{"start":{},"end":{}}],"line":174},"33":{"loc":{"start":{"line":179,"column":12},"end":{"line":189,"column":13}},"type":"if","locations":[{"start":{"line":179,"column":12},"end":{"line":189,"column":13}},{"start":{},"end":{}}],"line":179},"34":{"loc":{"start":{"line":179,"column":16},"end":{"line":179,"column":71}},"type":"binary-expr","locations":[{"start":{"line":179,"column":16},"end":{"line":179,"column":24}},{"start":{"line":179,"column":28},"end":{"line":179,"column":52}},{"start":{"line":179,"column":56},"end":{"line":179,"column":71}}],"line":179},"35":{"loc":{"start":{"line":183,"column":16},"end":{"line":188,"column":17}},"type":"if","locations":[{"start":{"line":183,"column":16},"end":{"line":188,"column":17}},{"start":{"line":186,"column":23},"end":{"line":188,"column":17}}],"line":183},"36":{"loc":{"start":{"line":191,"column":12},"end":{"line":195,"column":13}},"type":"if","locations":[{"start":{"line":191,"column":12},"end":{"line":195,"column":13}},{"start":{},"end":{}}],"line":191},"37":{"loc":{"start":{"line":192,"column":16},"end":{"line":194,"column":52}},"type":"if","locations":[{"start":{"line":192,"column":16},"end":{"line":194,"column":52}},{"start":{"line":193,"column":21},"end":{"line":194,"column":52}}],"line":192},"38":{"loc":{"start":{"line":193,"column":21},"end":{"line":194,"column":52}},"type":"if","locations":[{"start":{"line":193,"column":21},"end":{"line":194,"column":52}},{"start":{"line":194,"column":21},"end":{"line":194,"column":52}}],"line":193},"39":{"loc":{"start":{"line":198,"column":12},"end":{"line":198,"column":61}},"type":"if","locations":[{"start":{"line":198,"column":12},"end":{"line":198,"column":61}},{"start":{},"end":{}}],"line":198},"40":{"loc":{"start":{"line":203,"column":12},"end":{"line":205,"column":13}},"type":"if","locations":[{"start":{"line":203,"column":12},"end":{"line":205,"column":13}},{"start":{},"end":{}}],"line":203},"41":{"loc":{"start":{"line":213,"column":8},"end":{"line":213,"column":33}},"type":"if","locations":[{"start":{"line":213,"column":8},"end":{"line":213,"column":33}},{"start":{},"end":{}}],"line":213},"42":{"loc":{"start":{"line":216,"column":13},"end":{"line":216,"column":24}},"type":"default-arg","locations":[{"start":{"line":216,"column":22},"end":{"line":216,"column":24}}],"line":216},"43":{"loc":{"start":{"line":217,"column":8},"end":{"line":220,"column":9}},"type":"if","locations":[{"start":{"line":217,"column":8},"end":{"line":220,"column":9}},{"start":{},"end":{}}],"line":217},"44":{"loc":{"start":{"line":224,"column":13},"end":{"line":224,"column":24}},"type":"default-arg","locations":[{"start":{"line":224,"column":22},"end":{"line":224,"column":24}}],"line":224},"45":{"loc":{"start":{"line":225,"column":8},"end":{"line":228,"column":9}},"type":"if","locations":[{"start":{"line":225,"column":8},"end":{"line":228,"column":9}},{"start":{},"end":{}}],"line":225},"46":{"loc":{"start":{"line":232,"column":13},"end":{"line":232,"column":24}},"type":"default-arg","locations":[{"start":{"line":232,"column":22},"end":{"line":232,"column":24}}],"line":232},"47":{"loc":{"start":{"line":233,"column":8},"end":{"line":236,"column":9}},"type":"if","locations":[{"start":{"line":233,"column":8},"end":{"line":236,"column":9}},{"start":{},"end":{}}],"line":233},"48":{"loc":{"start":{"line":241,"column":8},"end":{"line":246,"column":9}},"type":"if","locations":[{"start":{"line":241,"column":8},"end":{"line":246,"column":9}},{"start":{},"end":{}}],"line":241},"49":{"loc":{"start":{"line":250,"column":8},"end":{"line":250,"column":37}},"type":"if","locations":[{"start":{"line":250,"column":8},"end":{"line":250,"column":37}},{"start":{},"end":{}}],"line":250},"50":{"loc":{"start":{"line":261,"column":20},"end":{"line":274,"column":21}},"type":"if","locations":[{"start":{"line":261,"column":20},"end":{"line":274,"column":21}},{"start":{},"end":{}}],"line":261},"51":{"loc":{"start":{"line":261,"column":24},"end":{"line":261,"column":46}},"type":"binary-expr","locations":[{"start":{"line":261,"column":24},"end":{"line":261,"column":28}},{"start":{"line":261,"column":32},"end":{"line":261,"column":46}}],"line":261},"52":{"loc":{"start":{"line":279,"column":20},"end":{"line":291,"column":21}},"type":"if","locations":[{"start":{"line":279,"column":20},"end":{"line":291,"column":21}},{"start":{},"end":{}}],"line":279},"53":{"loc":{"start":{"line":279,"column":24},"end":{"line":279,"column":46}},"type":"binary-expr","locations":[{"start":{"line":279,"column":24},"end":{"line":279,"column":28}},{"start":{"line":279,"column":32},"end":{"line":279,"column":46}}],"line":279},"54":{"loc":{"start":{"line":297,"column":20},"end":{"line":308,"column":21}},"type":"if","locations":[{"start":{"line":297,"column":20},"end":{"line":308,"column":21}},{"start":{},"end":{}}],"line":297},"55":{"loc":{"start":{"line":297,"column":24},"end":{"line":297,"column":36}},"type":"binary-expr","locations":[{"start":{"line":297,"column":24},"end":{"line":297,"column":28}},{"start":{"line":297,"column":32},"end":{"line":297,"column":36}}],"line":297},"56":{"loc":{"start":{"line":303,"column":36},"end":{"line":304,"column":75}},"type":"if","locations":[{"start":{"line":303,"column":36},"end":{"line":304,"column":75}},{"start":{"line":304,"column":41},"end":{"line":304,"column":75}}],"line":303},"57":{"loc":{"start":{"line":313,"column":20},"end":{"line":315,"column":21}},"type":"if","locations":[{"start":{"line":313,"column":20},"end":{"line":315,"column":21}},{"start":{},"end":{}}],"line":313},"58":{"loc":{"start":{"line":313,"column":24},"end":{"line":313,"column":45}},"type":"binary-expr","locations":[{"start":{"line":313,"column":24},"end":{"line":313,"column":27}},{"start":{"line":313,"column":31},"end":{"line":313,"column":45}}],"line":313},"59":{"loc":{"start":{"line":314,"column":55},"end":{"line":314,"column":71}},"type":"binary-expr","locations":[{"start":{"line":314,"column":55},"end":{"line":314,"column":66}},{"start":{"line":314,"column":70},"end":{"line":314,"column":71}}],"line":314},"60":{"loc":{"start":{"line":621,"column":20},"end":{"line":629,"column":21}},"type":"if","locations":[{"start":{"line":621,"column":20},"end":{"line":629,"column":21}},{"start":{"line":624,"column":27},"end":{"line":629,"column":21}}],"line":621},"61":{"loc":{"start":{"line":655,"column":20},"end":{"line":656,"column":73}},"type":"if","locations":[{"start":{"line":655,"column":20},"end":{"line":656,"column":73}},{"start":{"line":656,"column":25},"end":{"line":656,"column":73}}],"line":655},"62":{"loc":{"start":{"line":720,"column":20},"end":{"line":721,"column":81}},"type":"if","locations":[{"start":{"line":720,"column":20},"end":{"line":721,"column":81}},{"start":{"line":721,"column":25},"end":{"line":721,"column":81}}],"line":720},"63":{"loc":{"start":{"line":732,"column":20},"end":{"line":744,"column":21}},"type":"if","locations":[{"start":{"line":732,"column":20},"end":{"line":744,"column":21}},{"start":{"line":733,"column":25},"end":{"line":744,"column":21}}],"line":732},"64":{"loc":{"start":{"line":736,"column":28},"end":{"line":742,"column":29}},"type":"if","locations":[{"start":{"line":736,"column":28},"end":{"line":742,"column":29}},{"start":{},"end":{}}],"line":736},"65":{"loc":{"start":{"line":736,"column":32},"end":{"line":736,"column":63}},"type":"binary-expr","locations":[{"start":{"line":736,"column":32},"end":{"line":736,"column":36}},{"start":{"line":736,"column":40},"end":{"line":736,"column":44}},{"start":{"line":736,"column":48},"end":{"line":736,"column":63}}],"line":736},"66":{"loc":{"start":{"line":739,"column":67},"end":{"line":739,"column":95}},"type":"binary-expr","locations":[{"start":{"line":739,"column":67},"end":{"line":739,"column":79}},{"start":{"line":739,"column":83},"end":{"line":739,"column":95}}],"line":739},"67":{"loc":{"start":{"line":740,"column":114},"end":{"line":740,"column":142}},"type":"binary-expr","locations":[{"start":{"line":740,"column":114},"end":{"line":740,"column":126}},{"start":{"line":740,"column":130},"end":{"line":740,"column":142}}],"line":740},"68":{"loc":{"start":{"line":756,"column":20},"end":{"line":757,"column":88}},"type":"if","locations":[{"start":{"line":756,"column":20},"end":{"line":757,"column":88}},{"start":{"line":757,"column":25},"end":{"line":757,"column":88}}],"line":756},"69":{"loc":{"start":{"line":769,"column":20},"end":{"line":770,"column":85}},"type":"if","locations":[{"start":{"line":769,"column":20},"end":{"line":770,"column":85}},{"start":{"line":770,"column":25},"end":{"line":770,"column":85}}],"line":769},"70":{"loc":{"start":{"line":783,"column":20},"end":{"line":784,"column":92}},"type":"if","locations":[{"start":{"line":783,"column":20},"end":{"line":784,"column":92}},{"start":{"line":784,"column":25},"end":{"line":784,"column":92}}],"line":783},"71":{"loc":{"start":{"line":797,"column":20},"end":{"line":798,"column":101}},"type":"if","locations":[{"start":{"line":797,"column":20},"end":{"line":798,"column":101}},{"start":{"line":798,"column":25},"end":{"line":798,"column":101}}],"line":797},"72":{"loc":{"start":{"line":816,"column":20},"end":{"line":826,"column":21}},"type":"if","locations":[{"start":{"line":816,"column":20},"end":{"line":826,"column":21}},{"start":{"line":817,"column":25},"end":{"line":826,"column":21}}],"line":816},"73":{"loc":{"start":{"line":862,"column":20},"end":{"line":863,"column":81}},"type":"if","locations":[{"start":{"line":862,"column":20},"end":{"line":863,"column":81}},{"start":{"line":863,"column":25},"end":{"line":863,"column":81}}],"line":862}},"s":{"0":13,"1":13,"2":0,"3":13,"4":13,"5":13,"6":13,"7":13,"8":13,"9":13,"10":13,"11":13,"12":13,"13":13,"14":13,"15":13,"16":13,"17":13,"18":13,"19":13,"20":0,"21":13,"22":13,"23":13,"24":0,"25":13,"26":13,"27":0,"28":0,"29":0,"30":0,"31":0,"32":0,"33":0,"34":0,"35":0,"36":13,"37":13,"38":0,"39":13,"40":13,"41":13,"42":13,"43":13,"44":0,"45":13,"46":0,"47":13,"48":13,"49":13,"50":145,"51":145,"52":30,"53":145,"54":0,"55":0,"56":145,"57":43,"58":21,"59":145,"60":145,"61":301,"62":145,"63":145,"64":147,"65":2,"66":145,"67":0,"68":145,"69":145,"70":145,"71":145,"72":145,"73":0,"74":145,"75":145,"76":141,"77":141,"78":141,"79":141,"80":141,"81":55,"82":141,"83":41,"84":41,"85":41,"86":41,"87":41,"88":41,"89":41,"90":0,"91":141,"92":141,"93":9,"94":132,"95":56,"96":76,"97":4,"98":4,"99":4,"100":145,"101":145,"102":145,"103":2,"104":0,"105":0,"106":80,"107":1,"108":1,"109":80,"110":9,"111":0,"112":0,"113":9,"114":56,"115":0,"116":0,"117":56,"118":0,"119":0,"120":0,"121":0,"122":0,"123":0,"124":0,"125":0,"126":0,"127":0,"128":0,"129":0,"130":0,"131":0,"132":0,"133":0,"134":0,"135":0,"136":0,"137":0,"138":0,"139":0,"140":0,"141":0,"142":0,"143":0,"144":0,"145":0,"146":0,"147":0,"148":0,"149":0,"150":0,"151":0,"152":0,"153":0,"154":0,"155":0,"156":0,"157":0,"158":0,"159":0,"160":0,"161":0,"162":0,"163":0,"164":0,"165":0,"166":0,"167":0,"168":0,"169":0,"170":0,"171":0,"172":0,"173":0,"174":0,"175":0,"176":0,"177":0,"178":0,"179":0,"180":0,"181":0,"182":0,"183":0,"184":0,"185":0,"186":0,"187":0,"188":0,"189":0,"190":0,"191":0,"192":0,"193":0,"194":0,"195":0,"196":0,"197":0,"198":0,"199":0,"200":0,"201":0,"202":0,"203":0,"204":0,"205":0,"206":0,"207":0,"208":0,"209":0,"210":0,"211":0,"212":0,"213":0,"214":0,"215":0,"216":0,"217":0,"218":0,"219":0,"220":0,"221":0,"222":0,"223":0,"224":0,"225":0,"226":0,"227":0,"228":0,"229":0,"230":0,"231":0,"232":0,"233":13,"234":13},"f":{"0":13,"1":0,"2":0,"3":145,"4":30,"5":145,"6":301,"7":147,"8":41,"9":0,"10":80,"11":9,"12":56,"13":0,"14":0,"15":0,"16":0,"17":0,"18":0,"19":0,"20":0,"21":0,"22":0,"23":0,"24":0,"25":0,"26":0,"27":0,"28":0,"29":0,"30":0,"31":0,"32":0,"33":0,"34":0,"35":0,"36":0,"37":0,"38":0,"39":0,"40":0,"41":0,"42":0,"43":0,"44":0,"45":0,"46":0},"b":{"0":[0,13],"1":[13,0],"2":[13,13],"3":[13,0,0],"4":[0,0],"5":[13,0,0],"6":[13,0,0],"7":[13,0],"8":[13,0,0],"9":[0,13],"10":[13,0],"11":[13,0,0],"12":[0,13],"13":[13,13],"14":[13,0],"15":[0,13],"16":[13,13,13],"17":[0,0],"18":[0,13],"19":[0,13],"20":[13,13],"21":[0,145],"22":[43,102],"23":[21,22],"24":[145,0],"25":[0,301],"26":[301,301,301],"27":[2,145],"28":[0,145],"29":[0,145],"30":[0,141],"31":[141,0],"32":[55,86],"33":[41,100],"34":[141,141,41],"35":[41,0],"36":[141,0],"37":[9,132],"38":[56,76],"39":[4,0],"40":[2,143],"41":[0,0],"42":[0],"43":[1,79],"44":[0],"45":[0,9],"46":[1],"47":[0,56],"48":[0,0],"49":[0,0],"50":[0,0],"51":[0,0],"52":[0,0],"53":[0,0],"54":[0,0],"55":[0,0],"56":[0,0],"57":[0,0],"58":[0,0],"59":[0,0],"60":[0,0],"61":[0,0],"62":[0,0],"63":[0,0],"64":[0,0],"65":[0,0,0],"66":[0,0],"67":[0,0],"68":[0,0],"69":[0,0],"70":[0,0],"71":[0,0],"72":[0,0],"73":[0,0]},"_coverageSchema":"1a1c01bbd47fc00a2c39e90264f33305004495a9","hash":"e6aaf0ef87431595d383687044b9ae027fd125a1"}
,"/Users/shf/sdntech/backend/services/WorkflowService.js": {"path":"/Users/shf/sdntech/backend/services/WorkflowService.js","statementMap":{"0":{"start":{"line":1,"column":11},"end":{"line":1,"column":40}},"1":{"start":{"line":5,"column":17},"end":{"line":5,"column":39}},"2":{"start":{"line":6,"column":4},"end":{"line":6,"column":57}},"3":{"start":{"line":6,"column":37},"end":{"line":6,"column":57}},"4":{"start":{"line":7,"column":4},"end":{"line":7,"column":51}},"5":{"start":{"line":7,"column":34},"end":{"line":7,"column":51}},"6":{"start":{"line":8,"column":4},"end":{"line":8,"column":69}},"7":{"start":{"line":8,"column":57},"end":{"line":8,"column":69}},"8":{"start":{"line":9,"column":4},"end":{"line":9,"column":21}},"9":{"start":{"line":15,"column":8},"end":{"line":23,"column":11}},"10":{"start":{"line":16,"column":12},"end":{"line":22,"column":14}},"11":{"start":{"line":19,"column":20},"end":{"line":20,"column":38}},"12":{"start":{"line":19,"column":29},"end":{"line":19,"column":41}},"13":{"start":{"line":20,"column":25},"end":{"line":20,"column":38}},"14":{"start":{"line":27,"column":8},"end":{"line":32,"column":11}},"15":{"start":{"line":28,"column":12},"end":{"line":31,"column":15}},"16":{"start":{"line":29,"column":16},"end":{"line":30,"column":35}},"17":{"start":{"line":29,"column":25},"end":{"line":29,"column":37}},"18":{"start":{"line":30,"column":21},"end":{"line":30,"column":35}},"19":{"start":{"line":36,"column":22},"end":{"line":43,"column":9}},"20":{"start":{"line":45,"column":8},"end":{"line":45,"column":80}},"21":{"start":{"line":47,"column":24},"end":{"line":47,"column":26}},"22":{"start":{"line":50,"column":8},"end":{"line":66,"column":9}},"23":{"start":{"line":51,"column":12},"end":{"line":65,"column":13}},"24":{"start":{"line":53,"column":33},"end":{"line":55,"column":18}},"25":{"start":{"line":54,"column":20},"end":{"line":54,"column":146}},"26":{"start":{"line":54,"column":132},"end":{"line":54,"column":144}},"27":{"start":{"line":57,"column":16},"end":{"line":62,"column":17}},"28":{"start":{"line":58,"column":20},"end":{"line":58,"column":76}},"29":{"start":{"line":60,"column":32},"end":{"line":60,"column":96}},"30":{"start":{"line":61,"column":20},"end":{"line":61,"column":52}},"31":{"start":{"line":64,"column":16},"end":{"line":64,"column":78}},"32":{"start":{"line":70,"column":22},"end":{"line":75,"column":9}},"33":{"start":{"line":78,"column":27},"end":{"line":78,"column":62}},"34":{"start":{"line":78,"column":45},"end":{"line":78,"column":61}},"35":{"start":{"line":80,"column":8},"end":{"line":114,"column":9}},"36":{"start":{"line":81,"column":12},"end":{"line":81,"column":87}},"37":{"start":{"line":84,"column":31},"end":{"line":86,"column":14}},"38":{"start":{"line":85,"column":16},"end":{"line":85,"column":161}},"39":{"start":{"line":85,"column":147},"end":{"line":85,"column":159}},"40":{"start":{"line":89,"column":12},"end":{"line":103,"column":13}},"41":{"start":{"line":90,"column":16},"end":{"line":90,"column":76}},"42":{"start":{"line":91,"column":16},"end":{"line":91,"column":112}},"43":{"start":{"line":94,"column":16},"end":{"line":99,"column":17}},"44":{"start":{"line":95,"column":20},"end":{"line":98,"column":23}},"45":{"start":{"line":96,"column":24},"end":{"line":97,"column":87}},"46":{"start":{"line":97,"column":80},"end":{"line":97,"column":85}},"47":{"start":{"line":101,"column":27},"end":{"line":101,"column":185}},"48":{"start":{"line":102,"column":16},"end":{"line":102,"column":43}},"49":{"start":{"line":106,"column":12},"end":{"line":113,"column":13}},"50":{"start":{"line":107,"column":16},"end":{"line":107,"column":67}},"51":{"start":{"line":109,"column":16},"end":{"line":111,"column":19}},"52":{"start":{"line":110,"column":20},"end":{"line":110,"column":123}},"53":{"start":{"line":110,"column":116},"end":{"line":110,"column":121}},"54":{"start":{"line":112,"column":16},"end":{"line":112,"column":123}},"55":{"start":{"line":119,"column":8},"end":{"line":119,"column":118}},"56":{"start":{"line":121,"column":8},"end":{"line":183,"column":11}},"57":{"start":{"line":122,"column":12},"end":{"line":182,"column":13}},"58":{"start":{"line":124,"column":16},"end":{"line":126,"column":17}},"59":{"start":{"line":125,"column":20},"end":{"line":125,"column":73}},"60":{"start":{"line":127,"column":31},"end":{"line":127,"column":69}},"61":{"start":{"line":127,"column":46},"end":{"line":127,"column":68}},"62":{"start":{"line":128,"column":16},"end":{"line":130,"column":17}},"63":{"start":{"line":129,"column":20},"end":{"line":129,"column":86}},"64":{"start":{"line":133,"column":33},"end":{"line":135,"column":18}},"65":{"start":{"line":134,"column":20},"end":{"line":134,"column":135}},"66":{"start":{"line":134,"column":125},"end":{"line":134,"column":133}},"67":{"start":{"line":137,"column":16},"end":{"line":141,"column":17}},"68":{"start":{"line":138,"column":20},"end":{"line":138,"column":108}},"69":{"start":{"line":139,"column":36},"end":{"line":139,"column":109}},"70":{"start":{"line":140,"column":20},"end":{"line":140,"column":79}},"71":{"start":{"line":143,"column":16},"end":{"line":179,"column":18}},"72":{"start":{"line":146,"column":24},"end":{"line":149,"column":25}},"73":{"start":{"line":147,"column":28},"end":{"line":147,"column":101}},"74":{"start":{"line":148,"column":28},"end":{"line":148,"column":47}},"75":{"start":{"line":151,"column":43},"end":{"line":151,"column":85}},"76":{"start":{"line":152,"column":24},"end":{"line":152,"column":112}},"77":{"start":{"line":152,"column":41},"end":{"line":152,"column":112}},"78":{"start":{"line":154,"column":24},"end":{"line":154,"column":125}},"79":{"start":{"line":156,"column":24},"end":{"line":177,"column":25}},"80":{"start":{"line":157,"column":49},"end":{"line":164,"column":30}},"81":{"start":{"line":158,"column":32},"end":{"line":163,"column":35}},"82":{"start":{"line":159,"column":36},"end":{"line":162,"column":38}},"83":{"start":{"line":161,"column":49},"end":{"line":161,"column":86}},"84":{"start":{"line":166,"column":28},"end":{"line":174,"column":35}},"85":{"start":{"line":168,"column":36},"end":{"line":168,"column":115}},"86":{"start":{"line":169,"column":36},"end":{"line":169,"column":94}},"87":{"start":{"line":172,"column":36},"end":{"line":172,"column":105}},"88":{"start":{"line":173,"column":36},"end":{"line":173,"column":46}},"89":{"start":{"line":176,"column":28},"end":{"line":176,"column":86}},"90":{"start":{"line":181,"column":16},"end":{"line":181,"column":28}},"91":{"start":{"line":187,"column":8},"end":{"line":224,"column":11}},"92":{"start":{"line":188,"column":24},"end":{"line":200,"column":33}},"93":{"start":{"line":202,"column":25},"end":{"line":202,"column":27}},"94":{"start":{"line":203,"column":12},"end":{"line":206,"column":13}},"95":{"start":{"line":204,"column":16},"end":{"line":204,"column":48}},"96":{"start":{"line":205,"column":16},"end":{"line":205,"column":37}},"97":{"start":{"line":208,"column":12},"end":{"line":223,"column":15}},"98":{"start":{"line":209,"column":16},"end":{"line":209,"column":44}},"99":{"start":{"line":209,"column":25},"end":{"line":209,"column":44}},"100":{"start":{"line":212,"column":16},"end":{"line":222,"column":17}},"101":{"start":{"line":213,"column":41},"end":{"line":218,"column":23}},"102":{"start":{"line":214,"column":38},"end":{"line":216,"column":26}},"103":{"start":{"line":215,"column":28},"end":{"line":215,"column":254}},"104":{"start":{"line":215,"column":233},"end":{"line":215,"column":252}},"105":{"start":{"line":217,"column":24},"end":{"line":217,"column":48}},"106":{"start":{"line":219,"column":20},"end":{"line":219,"column":42}},"107":{"start":{"line":221,"column":20},"end":{"line":221,"column":30}},"108":{"start":{"line":228,"column":8},"end":{"line":255,"column":11}},"109":{"start":{"line":229,"column":12},"end":{"line":254,"column":15}},"110":{"start":{"line":230,"column":16},"end":{"line":230,"column":44}},"111":{"start":{"line":230,"column":25},"end":{"line":230,"column":44}},"112":{"start":{"line":231,"column":16},"end":{"line":231,"column":52}},"113":{"start":{"line":231,"column":31},"end":{"line":231,"column":52}},"114":{"start":{"line":233,"column":16},"end":{"line":253,"column":18}},"115":{"start":{"line":249,"column":24},"end":{"line":249,"column":52}},"116":{"start":{"line":249,"column":33},"end":{"line":249,"column":52}},"117":{"start":{"line":250,"column":24},"end":{"line":250,"column":47}},"118":{"start":{"line":251,"column":24},"end":{"line":251,"column":42}},"119":{"start":{"line":259,"column":8},"end":{"line":274,"column":11}},"120":{"start":{"line":261,"column":12},"end":{"line":273,"column":15}},"121":{"start":{"line":262,"column":16},"end":{"line":262,"column":44}},"122":{"start":{"line":262,"column":25},"end":{"line":262,"column":44}},"123":{"start":{"line":264,"column":35},"end":{"line":264,"column":81}},"124":{"start":{"line":265,"column":16},"end":{"line":267,"column":17}},"125":{"start":{"line":266,"column":20},"end":{"line":266,"column":132}},"126":{"start":{"line":269,"column":16},"end":{"line":272,"column":19}},"127":{"start":{"line":270,"column":20},"end":{"line":271,"column":35}},"128":{"start":{"line":270,"column":29},"end":{"line":270,"column":41}},"129":{"start":{"line":271,"column":25},"end":{"line":271,"column":35}},"130":{"start":{"line":279,"column":8},"end":{"line":292,"column":11}},"131":{"start":{"line":280,"column":12},"end":{"line":291,"column":15}},"132":{"start":{"line":281,"column":16},"end":{"line":281,"column":44}},"133":{"start":{"line":281,"column":25},"end":{"line":281,"column":44}},"134":{"start":{"line":282,"column":16},"end":{"line":282,"column":47}},"135":{"start":{"line":282,"column":26},"end":{"line":282,"column":47}},"136":{"start":{"line":283,"column":16},"end":{"line":290,"column":19}},"137":{"start":{"line":296,"column":8},"end":{"line":306,"column":11}},"138":{"start":{"line":298,"column":12},"end":{"line":305,"column":15}},"139":{"start":{"line":299,"column":16},"end":{"line":299,"column":44}},"140":{"start":{"line":299,"column":25},"end":{"line":299,"column":44}},"141":{"start":{"line":301,"column":16},"end":{"line":304,"column":19}},"142":{"start":{"line":302,"column":20},"end":{"line":303,"column":102}},"143":{"start":{"line":302,"column":29},"end":{"line":302,"column":41}},"144":{"start":{"line":303,"column":25},"end":{"line":303,"column":102}},"145":{"start":{"line":310,"column":8},"end":{"line":315,"column":11}},"146":{"start":{"line":311,"column":12},"end":{"line":314,"column":15}},"147":{"start":{"line":312,"column":16},"end":{"line":313,"column":118}},"148":{"start":{"line":312,"column":25},"end":{"line":312,"column":37}},"149":{"start":{"line":313,"column":21},"end":{"line":313,"column":118}},"150":{"start":{"line":320,"column":8},"end":{"line":345,"column":11}},"151":{"start":{"line":321,"column":12},"end":{"line":344,"column":15}},"152":{"start":{"line":322,"column":16},"end":{"line":322,"column":44}},"153":{"start":{"line":322,"column":25},"end":{"line":322,"column":44}},"154":{"start":{"line":324,"column":35},"end":{"line":324,"column":95}},"155":{"start":{"line":325,"column":16},"end":{"line":343,"column":17}},"156":{"start":{"line":327,"column":20},"end":{"line":330,"column":23}},"157":{"start":{"line":328,"column":24},"end":{"line":329,"column":83}},"158":{"start":{"line":328,"column":33},"end":{"line":328,"column":45}},"159":{"start":{"line":329,"column":29},"end":{"line":329,"column":83}},"160":{"start":{"line":333,"column":38},"end":{"line":333,"column":76}},"161":{"start":{"line":334,"column":20},"end":{"line":342,"column":21}},"162":{"start":{"line":335,"column":24},"end":{"line":335,"column":54}},"163":{"start":{"line":338,"column":24},"end":{"line":341,"column":27}},"164":{"start":{"line":339,"column":28},"end":{"line":340,"column":87}},"165":{"start":{"line":339,"column":37},"end":{"line":339,"column":49}},"166":{"start":{"line":340,"column":33},"end":{"line":340,"column":87}},"167":{"start":{"line":350,"column":8},"end":{"line":350,"column":137}},"168":{"start":{"line":352,"column":33},"end":{"line":358,"column":10}},"169":{"start":{"line":353,"column":12},"end":{"line":357,"column":14}},"170":{"start":{"line":356,"column":30},"end":{"line":356,"column":62}},"171":{"start":{"line":360,"column":8},"end":{"line":373,"column":9}},"172":{"start":{"line":361,"column":31},"end":{"line":361,"column":89}},"173":{"start":{"line":362,"column":12},"end":{"line":362,"column":142}},"174":{"start":{"line":365,"column":12},"end":{"line":370,"column":15}},"175":{"start":{"line":366,"column":16},"end":{"line":369,"column":19}},"176":{"start":{"line":367,"column":20},"end":{"line":368,"column":35}},"177":{"start":{"line":367,"column":29},"end":{"line":367,"column":41}},"178":{"start":{"line":368,"column":25},"end":{"line":368,"column":35}},"179":{"start":{"line":372,"column":12},"end":{"line":372,"column":30}},"180":{"start":{"line":376,"column":25},"end":{"line":378,"column":10}},"181":{"start":{"line":377,"column":12},"end":{"line":377,"column":153}},"182":{"start":{"line":377,"column":121},"end":{"line":377,"column":151}},"183":{"start":{"line":380,"column":8},"end":{"line":380,"column":113}},"184":{"start":{"line":382,"column":22},"end":{"line":387,"column":11}},"185":{"start":{"line":382,"column":49},"end":{"line":387,"column":9}},"186":{"start":{"line":389,"column":8},"end":{"line":392,"column":9}},"187":{"start":{"line":390,"column":12},"end":{"line":390,"column":91}},"188":{"start":{"line":391,"column":12},"end":{"line":391,"column":53}},"189":{"start":{"line":395,"column":8},"end":{"line":425,"column":11}},"190":{"start":{"line":396,"column":12},"end":{"line":396,"column":113}},"191":{"start":{"line":397,"column":12},"end":{"line":424,"column":14}},"192":{"start":{"line":400,"column":20},"end":{"line":403,"column":21}},"193":{"start":{"line":401,"column":24},"end":{"line":401,"column":95}},"194":{"start":{"line":402,"column":24},"end":{"line":402,"column":43}},"195":{"start":{"line":404,"column":39},"end":{"line":404,"column":71}},"196":{"start":{"line":405,"column":20},"end":{"line":405,"column":95}},"197":{"start":{"line":408,"column":20},"end":{"line":422,"column":21}},"198":{"start":{"line":409,"column":24},"end":{"line":417,"column":25}},"199":{"start":{"line":410,"column":28},"end":{"line":410,"column":128}},"200":{"start":{"line":411,"column":28},"end":{"line":416,"column":31}},"201":{"start":{"line":412,"column":32},"end":{"line":415,"column":34}},"202":{"start":{"line":414,"column":43},"end":{"line":414,"column":61}},"203":{"start":{"line":418,"column":24},"end":{"line":418,"column":44}},"204":{"start":{"line":420,"column":24},"end":{"line":420,"column":92}},"205":{"start":{"line":421,"column":24},"end":{"line":421,"column":34}},"206":{"start":{"line":434,"column":26},"end":{"line":434,"column":105}},"207":{"start":{"line":435,"column":29},"end":{"line":435,"column":70}},"208":{"start":{"line":435,"column":49},"end":{"line":435,"column":59}},"209":{"start":{"line":438,"column":22},"end":{"line":445,"column":10}},"210":{"start":{"line":439,"column":31},"end":{"line":439,"column":89}},"211":{"start":{"line":439,"column":51},"end":{"line":439,"column":75}},"212":{"start":{"line":440,"column":12},"end":{"line":444,"column":14}},"213":{"start":{"line":442,"column":48},"end":{"line":442,"column":84}},"214":{"start":{"line":443,"column":31},"end":{"line":443,"column":64}},"215":{"start":{"line":448,"column":8},"end":{"line":475,"column":11}},"216":{"start":{"line":449,"column":12},"end":{"line":474,"column":14}},"217":{"start":{"line":452,"column":20},"end":{"line":452,"column":48}},"218":{"start":{"line":452,"column":29},"end":{"line":452,"column":48}},"219":{"start":{"line":453,"column":39},"end":{"line":453,"column":53}},"220":{"start":{"line":456,"column":41},"end":{"line":468,"column":22}},"221":{"start":{"line":457,"column":38},"end":{"line":457,"column":90}},"222":{"start":{"line":458,"column":41},"end":{"line":460,"column":100}},"223":{"start":{"line":462,"column":24},"end":{"line":467,"column":27}},"224":{"start":{"line":463,"column":28},"end":{"line":466,"column":30}},"225":{"start":{"line":465,"column":39},"end":{"line":465,"column":57}},"226":{"start":{"line":470,"column":20},"end":{"line":470,"column":52}},"227":{"start":{"line":471,"column":20},"end":{"line":471,"column":156}},"228":{"start":{"line":472,"column":20},"end":{"line":472,"column":40}},"229":{"start":{"line":479,"column":8},"end":{"line":546,"column":11}},"230":{"start":{"line":480,"column":12},"end":{"line":545,"column":15}},"231":{"start":{"line":498,"column":16},"end":{"line":498,"column":44}},"232":{"start":{"line":498,"column":25},"end":{"line":498,"column":44}},"233":{"start":{"line":499,"column":16},"end":{"line":499,"column":47}},"234":{"start":{"line":499,"column":26},"end":{"line":499,"column":47}},"235":{"start":{"line":502,"column":33},"end":{"line":515,"column":17}},"236":{"start":{"line":517,"column":16},"end":{"line":544,"column":19}},"237":{"start":{"line":529,"column":20},"end":{"line":529,"column":48}},"238":{"start":{"line":529,"column":29},"end":{"line":529,"column":48}},"239":{"start":{"line":531,"column":34},"end":{"line":538,"column":23}},"240":{"start":{"line":531,"column":61},"end":{"line":538,"column":21}},"241":{"start":{"line":540,"column":20},"end":{"line":540,"column":43}},"242":{"start":{"line":541,"column":40},"end":{"line":541,"column":98}},"243":{"start":{"line":541,"column":56},"end":{"line":541,"column":97}},"244":{"start":{"line":542,"column":20},"end":{"line":542,"column":85}},"245":{"start":{"line":542,"column":37},"end":{"line":542,"column":85}},"246":{"start":{"line":543,"column":20},"end":{"line":543,"column":38}},"247":{"start":{"line":550,"column":8},"end":{"line":550,"column":84}},"248":{"start":{"line":553,"column":21},"end":{"line":567,"column":10}},"249":{"start":{"line":554,"column":12},"end":{"line":566,"column":15}},"250":{"start":{"line":555,"column":16},"end":{"line":565,"column":17}},"251":{"start":{"line":555,"column":33},"end":{"line":555,"column":52}},"252":{"start":{"line":558,"column":42},"end":{"line":562,"column":21}},"253":{"start":{"line":563,"column":20},"end":{"line":563,"column":167}},"254":{"start":{"line":564,"column":20},"end":{"line":564,"column":43}},"255":{"start":{"line":569,"column":8},"end":{"line":569,"column":82}},"256":{"start":{"line":572,"column":8},"end":{"line":575,"column":9}},"257":{"start":{"line":573,"column":12},"end":{"line":573,"column":83}},"258":{"start":{"line":574,"column":12},"end":{"line":574,"column":22}},"259":{"start":{"line":577,"column":8},"end":{"line":824,"column":11}},"260":{"start":{"line":579,"column":31},"end":{"line":579,"column":89}},"261":{"start":{"line":581,"column":12},"end":{"line":581,"column":84}},"262":{"start":{"line":583,"column":12},"end":{"line":823,"column":13}},"263":{"start":{"line":584,"column":28},"end":{"line":646,"column":17}},"264":{"start":{"line":647,"column":16},"end":{"line":677,"column":19}},"265":{"start":{"line":648,"column":20},"end":{"line":676,"column":25}},"266":{"start":{"line":648,"column":29},"end":{"line":648,"column":41}},"267":{"start":{"line":649,"column":25},"end":{"line":676,"column":25}},"268":{"start":{"line":649,"column":48},"end":{"line":676,"column":21}},"269":{"start":{"line":680,"column":34},"end":{"line":680,"column":48}},"270":{"start":{"line":681,"column":37},"end":{"line":681,"column":71}},"271":{"start":{"line":683,"column":16},"end":{"line":686,"column":158}},"272":{"start":{"line":683,"column":54},"end":{"line":683,"column":120}},"273":{"start":{"line":684,"column":21},"end":{"line":686,"column":158}},"274":{"start":{"line":684,"column":62},"end":{"line":684,"column":137}},"275":{"start":{"line":685,"column":21},"end":{"line":686,"column":158}},"276":{"start":{"line":685,"column":63},"end":{"line":685,"column":173}},"277":{"start":{"line":686,"column":21},"end":{"line":686,"column":158}},"278":{"start":{"line":686,"column":90},"end":{"line":686,"column":158}},"279":{"start":{"line":687,"column":16},"end":{"line":687,"column":162}},"280":{"start":{"line":691,"column":39},"end":{"line":691,"column":76}},"281":{"start":{"line":691,"column":60},"end":{"line":691,"column":75}},"282":{"start":{"line":692,"column":37},"end":{"line":692,"column":76}},"283":{"start":{"line":692,"column":62},"end":{"line":692,"column":65}},"284":{"start":{"line":694,"column":28},"end":{"line":774,"column":17}},"285":{"start":{"line":776,"column":31},"end":{"line":776,"column":64}},"286":{"start":{"line":778,"column":16},"end":{"line":822,"column":19}},"287":{"start":{"line":779,"column":20},"end":{"line":821,"column":21}},"288":{"start":{"line":779,"column":29},"end":{"line":779,"column":41}},"289":{"start":{"line":781,"column":47},"end":{"line":781,"column":110}},"290":{"start":{"line":782,"column":50},"end":{"line":782,"column":119}},"291":{"start":{"line":784,"column":43},"end":{"line":784,"column":78}},"292":{"start":{"line":786,"column":24},"end":{"line":820,"column":29}},"293":{"start":{"line":786,"column":47},"end":{"line":820,"column":25}},"294":{"start":{"line":829,"column":32},"end":{"line":831,"column":10}},"295":{"start":{"line":830,"column":12},"end":{"line":830,"column":141}},"296":{"start":{"line":830,"column":127},"end":{"line":830,"column":139}},"297":{"start":{"line":832,"column":8},"end":{"line":832,"column":77}},"298":{"start":{"line":832,"column":30},"end":{"line":832,"column":77}},"299":{"start":{"line":833,"column":29},"end":{"line":836,"column":9}},"300":{"start":{"line":837,"column":27},"end":{"line":837,"column":68}},"301":{"start":{"line":839,"column":8},"end":{"line":841,"column":9}},"302":{"start":{"line":840,"column":12},"end":{"line":840,"column":95}},"303":{"start":{"line":844,"column":28},"end":{"line":846,"column":10}},"304":{"start":{"line":845,"column":12},"end":{"line":845,"column":158}},"305":{"start":{"line":845,"column":144},"end":{"line":845,"column":156}},"306":{"start":{"line":847,"column":25},"end":{"line":850,"column":16}},"307":{"start":{"line":852,"column":8},"end":{"line":854,"column":9}},"308":{"start":{"line":853,"column":12},"end":{"line":853,"column":130}},"309":{"start":{"line":857,"column":8},"end":{"line":864,"column":9}},"310":{"start":{"line":858,"column":29},"end":{"line":860,"column":14}},"311":{"start":{"line":859,"column":16},"end":{"line":859,"column":156}},"312":{"start":{"line":859,"column":142},"end":{"line":859,"column":154}},"313":{"start":{"line":861,"column":12},"end":{"line":863,"column":13}},"314":{"start":{"line":862,"column":16},"end":{"line":862,"column":85}},"315":{"start":{"line":867,"column":28},"end":{"line":869,"column":10}},"316":{"start":{"line":868,"column":12},"end":{"line":868,"column":164}},"317":{"start":{"line":868,"column":150},"end":{"line":868,"column":162}},"318":{"start":{"line":871,"column":8},"end":{"line":888,"column":9}},"319":{"start":{"line":873,"column":31},"end":{"line":875,"column":14}},"320":{"start":{"line":874,"column":16},"end":{"line":874,"column":147}},"321":{"start":{"line":874,"column":133},"end":{"line":874,"column":145}},"322":{"start":{"line":877,"column":12},"end":{"line":887,"column":13}},"323":{"start":{"line":878,"column":35},"end":{"line":878,"column":56}},"324":{"start":{"line":879,"column":34},"end":{"line":881,"column":18}},"325":{"start":{"line":880,"column":20},"end":{"line":880,"column":210}},"326":{"start":{"line":880,"column":189},"end":{"line":880,"column":208}},"327":{"start":{"line":883,"column":36},"end":{"line":883,"column":94}},"328":{"start":{"line":883,"column":58},"end":{"line":883,"column":93}},"329":{"start":{"line":884,"column":16},"end":{"line":886,"column":17}},"330":{"start":{"line":885,"column":20},"end":{"line":885,"column":121}},"331":{"start":{"line":891,"column":8},"end":{"line":895,"column":11}},"332":{"start":{"line":892,"column":12},"end":{"line":894,"column":14}},"333":{"start":{"line":893,"column":68},"end":{"line":893,"column":97}},"334":{"start":{"line":898,"column":24},"end":{"line":898,"column":37}},"335":{"start":{"line":899,"column":26},"end":{"line":901,"column":10}},"336":{"start":{"line":900,"column":12},"end":{"line":900,"column":186}},"337":{"start":{"line":900,"column":164},"end":{"line":900,"column":184}},"338":{"start":{"line":902,"column":23},"end":{"line":906,"column":16}},"339":{"start":{"line":909,"column":8},"end":{"line":925,"column":9}},"340":{"start":{"line":911,"column":12},"end":{"line":914,"column":15}},"341":{"start":{"line":912,"column":16},"end":{"line":913,"column":64}},"342":{"start":{"line":913,"column":53},"end":{"line":913,"column":62}},"343":{"start":{"line":916,"column":12},"end":{"line":916,"column":24}},"344":{"start":{"line":917,"column":12},"end":{"line":919,"column":15}},"345":{"start":{"line":918,"column":16},"end":{"line":918,"column":190}},"346":{"start":{"line":918,"column":168},"end":{"line":918,"column":188}},"347":{"start":{"line":920,"column":12},"end":{"line":924,"column":21}},"348":{"start":{"line":927,"column":8},"end":{"line":958,"column":9}},"349":{"start":{"line":929,"column":12},"end":{"line":932,"column":15}},"350":{"start":{"line":930,"column":31},"end":{"line":930,"column":54}},"351":{"start":{"line":931,"column":16},"end":{"line":931,"column":146}},"352":{"start":{"line":931,"column":115},"end":{"line":931,"column":144}},"353":{"start":{"line":933,"column":12},"end":{"line":935,"column":15}},"354":{"start":{"line":934,"column":16},"end":{"line":934,"column":163}},"355":{"start":{"line":934,"column":132},"end":{"line":934,"column":161}},"356":{"start":{"line":938,"column":12},"end":{"line":940,"column":15}},"357":{"start":{"line":939,"column":16},"end":{"line":939,"column":185}},"358":{"start":{"line":939,"column":154},"end":{"line":939,"column":183}},"359":{"start":{"line":941,"column":12},"end":{"line":957,"column":15}},"360":{"start":{"line":942,"column":16},"end":{"line":956,"column":17}},"361":{"start":{"line":943,"column":32},"end":{"line":943,"column":64}},"362":{"start":{"line":944,"column":20},"end":{"line":944,"column":124}},"363":{"start":{"line":947,"column":43},"end":{"line":947,"column":70}},"364":{"start":{"line":948,"column":20},"end":{"line":955,"column":88}},"365":{"start":{"line":955,"column":34},"end":{"line":955,"column":86}},"366":{"start":{"line":962,"column":8},"end":{"line":964,"column":9}},"367":{"start":{"line":963,"column":12},"end":{"line":963,"column":75}},"368":{"start":{"line":967,"column":29},"end":{"line":969,"column":10}},"369":{"start":{"line":968,"column":12},"end":{"line":968,"column":123}},"370":{"start":{"line":968,"column":109},"end":{"line":968,"column":121}},"371":{"start":{"line":970,"column":8},"end":{"line":970,"column":74}},"372":{"start":{"line":970,"column":27},"end":{"line":970,"column":74}},"373":{"start":{"line":971,"column":27},"end":{"line":971,"column":68}},"374":{"start":{"line":972,"column":8},"end":{"line":974,"column":9}},"375":{"start":{"line":973,"column":12},"end":{"line":973,"column":94}},"376":{"start":{"line":977,"column":8},"end":{"line":981,"column":11}},"377":{"start":{"line":978,"column":12},"end":{"line":980,"column":14}},"378":{"start":{"line":979,"column":68},"end":{"line":979,"column":97}},"379":{"start":{"line":984,"column":8},"end":{"line":986,"column":11}},"380":{"start":{"line":985,"column":12},"end":{"line":985,"column":180}},"381":{"start":{"line":985,"column":149},"end":{"line":985,"column":178}},"382":{"start":{"line":989,"column":8},"end":{"line":1005,"column":11}},"383":{"start":{"line":990,"column":12},"end":{"line":1004,"column":13}},"384":{"start":{"line":991,"column":28},"end":{"line":991,"column":60}},"385":{"start":{"line":992,"column":16},"end":{"line":992,"column":121}},"386":{"start":{"line":995,"column":39},"end":{"line":995,"column":66}},"387":{"start":{"line":996,"column":16},"end":{"line":1003,"column":85}},"388":{"start":{"line":1003,"column":30},"end":{"line":1003,"column":83}},"389":{"start":{"line":1009,"column":8},"end":{"line":1011,"column":9}},"390":{"start":{"line":1010,"column":12},"end":{"line":1010,"column":83}},"391":{"start":{"line":1014,"column":8},"end":{"line":1018,"column":11}},"392":{"start":{"line":1015,"column":12},"end":{"line":1017,"column":14}},"393":{"start":{"line":1016,"column":68},"end":{"line":1016,"column":97}},"394":{"start":{"line":1021,"column":8},"end":{"line":1034,"column":11}},"395":{"start":{"line":1022,"column":12},"end":{"line":1033,"column":13}},"396":{"start":{"line":1023,"column":28},"end":{"line":1023,"column":60}},"397":{"start":{"line":1024,"column":39},"end":{"line":1024,"column":66}},"398":{"start":{"line":1025,"column":16},"end":{"line":1032,"column":82}},"399":{"start":{"line":1032,"column":30},"end":{"line":1032,"column":80}},"400":{"start":{"line":1048,"column":8},"end":{"line":1052,"column":11}},"401":{"start":{"line":1049,"column":12},"end":{"line":1051,"column":14}},"402":{"start":{"line":1050,"column":60},"end":{"line":1050,"column":89}},"403":{"start":{"line":1057,"column":23},"end":{"line":1057,"column":70}},"404":{"start":{"line":1058,"column":8},"end":{"line":1058,"column":66}},"405":{"start":{"line":1058,"column":21},"end":{"line":1058,"column":66}},"406":{"start":{"line":1060,"column":8},"end":{"line":1082,"column":11}},"407":{"start":{"line":1061,"column":12},"end":{"line":1081,"column":14}},"408":{"start":{"line":1064,"column":20},"end":{"line":1064,"column":48}},"409":{"start":{"line":1064,"column":29},"end":{"line":1064,"column":48}},"410":{"start":{"line":1065,"column":42},"end":{"line":1065,"column":53}},"411":{"start":{"line":1067,"column":20},"end":{"line":1079,"column":21}},"412":{"start":{"line":1068,"column":24},"end":{"line":1075,"column":25}},"413":{"start":{"line":1069,"column":28},"end":{"line":1074,"column":31}},"414":{"start":{"line":1070,"column":32},"end":{"line":1073,"column":34}},"415":{"start":{"line":1072,"column":43},"end":{"line":1072,"column":61}},"416":{"start":{"line":1076,"column":24},"end":{"line":1076,"column":114}},"417":{"start":{"line":1078,"column":24},"end":{"line":1078,"column":34}},"418":{"start":{"line":1087,"column":19},"end":{"line":1087,"column":60}},"419":{"start":{"line":1088,"column":8},"end":{"line":1088,"column":55}},"420":{"start":{"line":1088,"column":17},"end":{"line":1088,"column":55}},"421":{"start":{"line":1089,"column":8},"end":{"line":1089,"column":116}},"422":{"start":{"line":1089,"column":33},"end":{"line":1089,"column":116}},"423":{"start":{"line":1092,"column":84},"end":{"line":1092,"column":92}},"424":{"start":{"line":1093,"column":28},"end":{"line":1093,"column":61}},"425":{"start":{"line":1096,"column":8},"end":{"line":1100,"column":11}},"426":{"start":{"line":1097,"column":12},"end":{"line":1099,"column":14}},"427":{"start":{"line":1098,"column":52},"end":{"line":1098,"column":81}},"428":{"start":{"line":1103,"column":8},"end":{"line":1111,"column":11}},"429":{"start":{"line":1104,"column":12},"end":{"line":1110,"column":14}},"430":{"start":{"line":1107,"column":20},"end":{"line":1107,"column":48}},"431":{"start":{"line":1107,"column":29},"end":{"line":1107,"column":48}},"432":{"start":{"line":1108,"column":20},"end":{"line":1108,"column":87}},"433":{"start":{"line":1116,"column":19},"end":{"line":1116,"column":60}},"434":{"start":{"line":1117,"column":8},"end":{"line":1117,"column":55}},"435":{"start":{"line":1117,"column":17},"end":{"line":1117,"column":55}},"436":{"start":{"line":1118,"column":8},"end":{"line":1118,"column":116}},"437":{"start":{"line":1118,"column":33},"end":{"line":1118,"column":116}},"438":{"start":{"line":1119,"column":8},"end":{"line":1119,"column":98}},"439":{"start":{"line":1119,"column":34},"end":{"line":1119,"column":98}},"440":{"start":{"line":1122,"column":21},"end":{"line":1122,"column":70}},"441":{"start":{"line":1122,"column":40},"end":{"line":1122,"column":69}},"442":{"start":{"line":1123,"column":8},"end":{"line":1123,"column":70}},"443":{"start":{"line":1123,"column":19},"end":{"line":1123,"column":70}},"444":{"start":{"line":1126,"column":8},"end":{"line":1130,"column":11}},"445":{"start":{"line":1127,"column":12},"end":{"line":1129,"column":14}},"446":{"start":{"line":1128,"column":25},"end":{"line":1128,"column":54}},"447":{"start":{"line":1133,"column":8},"end":{"line":1137,"column":11}},"448":{"start":{"line":1134,"column":12},"end":{"line":1136,"column":14}},"449":{"start":{"line":1135,"column":55},"end":{"line":1135,"column":84}},"450":{"start":{"line":1139,"column":8},"end":{"line":1139,"column":61}},"451":{"start":{"line":1144,"column":19},"end":{"line":1144,"column":60}},"452":{"start":{"line":1145,"column":8},"end":{"line":1145,"column":55}},"453":{"start":{"line":1145,"column":17},"end":{"line":1145,"column":55}},"454":{"start":{"line":1146,"column":8},"end":{"line":1146,"column":116}},"455":{"start":{"line":1146,"column":33},"end":{"line":1146,"column":116}},"456":{"start":{"line":1148,"column":8},"end":{"line":1155,"column":9}},"457":{"start":{"line":1149,"column":12},"end":{"line":1154,"column":15}},"458":{"start":{"line":1150,"column":16},"end":{"line":1153,"column":18}},"459":{"start":{"line":1152,"column":29},"end":{"line":1152,"column":58}},"460":{"start":{"line":1156,"column":8},"end":{"line":1156,"column":33}},"461":{"start":{"line":1160,"column":19},"end":{"line":1160,"column":60}},"462":{"start":{"line":1161,"column":8},"end":{"line":1161,"column":55}},"463":{"start":{"line":1161,"column":17},"end":{"line":1161,"column":55}},"464":{"start":{"line":1162,"column":8},"end":{"line":1162,"col
[...]
:{"line":1167,"column":8},"end":{"line":1167,"column":80}},{"start":{},"end":{}}],"line":1167},"246":{"loc":{"start":{"line":1168,"column":8},"end":{"line":1168,"column":111}},"type":"if","locations":[{"start":{"line":1168,"column":8},"end":{"line":1168,"column":111}},{"start":{},"end":{}}],"line":1168},"247":{"loc":{"start":{"line":1171,"column":8},"end":{"line":1199,"column":9}},"type":"if","locations":[{"start":{"line":1171,"column":8},"end":{"line":1199,"column":9}},{"start":{},"end":{}}],"line":1171},"248":{"loc":{"start":{"line":1171,"column":12},"end":{"line":1171,"column":76}},"type":"binary-expr","locations":[{"start":{"line":1171,"column":12},"end":{"line":1171,"column":22}},{"start":{"line":1171,"column":26},"end":{"line":1171,"column":51}},{"start":{"line":1171,"column":55},"end":{"line":1171,"column":76}}],"line":1171},"249":{"loc":{"start":{"line":1173,"column":34},"end":{"line":1173,"column":62}},"type":"binary-expr","locations":[{"start":{"line":1173,"column":34},"end":{"line":1173,"column":48}},{"start":{"line":1173,"column":52},"end":{"line":1173,"column":62}}],"line":1173},"250":{"loc":{"start":{"line":1174,"column":33},"end":{"line":1174,"column":59}},"type":"binary-expr","locations":[{"start":{"line":1174,"column":33},"end":{"line":1174,"column":46}},{"start":{"line":1174,"column":50},"end":{"line":1174,"column":59}}],"line":1174},"251":{"loc":{"start":{"line":1177,"column":16},"end":{"line":1191,"column":17}},"type":"if","locations":[{"start":{"line":1177,"column":16},"end":{"line":1191,"column":17}},{"start":{},"end":{}}],"line":1177},"252":{"loc":{"start":{"line":1177,"column":20},"end":{"line":1177,"column":48}},"type":"binary-expr","locations":[{"start":{"line":1177,"column":20},"end":{"line":1177,"column":27}},{"start":{"line":1177,"column":31},"end":{"line":1177,"column":48}}],"line":1177},"253":{"loc":{"start":{"line":1182,"column":32},"end":{"line":1183,"column":58}},"type":"if","locations":[{"start":{"line":1182,"column":32},"end":{"line":1183,"column":58}},{"start":{"line":1183,"column":37},"end":{"line":1183,"column":58}}],"line":1182},"254":{"loc":{"start":{"line":1183,"column":45},"end":{"line":1183,"column":56}},"type":"binary-expr","locations":[{"start":{"line":1183,"column":45},"end":{"line":1183,"column":48}},{"start":{"line":1183,"column":52},"end":{"line":1183,"column":56}}],"line":1183},"255":{"loc":{"start":{"line":1186,"column":24},"end":{"line":1186,"column":55}},"type":"if","locations":[{"start":{"line":1186,"column":24},"end":{"line":1186,"column":55}},{"start":{},"end":{}}],"line":1186},"256":{"loc":{"start":{"line":1194,"column":81},"end":{"line":1194,"column":107}},"type":"binary-expr","locations":[{"start":{"line":1194,"column":81},"end":{"line":1194,"column":101}},{"start":{"line":1194,"column":105},"end":{"line":1194,"column":107}}],"line":1194},"257":{"loc":{"start":{"line":1195,"column":33},"end":{"line":1195,"column":62}},"type":"cond-expr","locations":[{"start":{"line":1195,"column":39},"end":{"line":1195,"column":50}},{"start":{"line":1195,"column":53},"end":{"line":1195,"column":62}}],"line":1195},"258":{"loc":{"start":{"line":1201,"column":8},"end":{"line":1201,"column":118}},"type":"if","locations":[{"start":{"line":1201,"column":8},"end":{"line":1201,"column":118}},{"start":{},"end":{}}],"line":1201},"259":{"loc":{"start":{"line":1201,"column":12},"end":{"line":1201,"column":76}},"type":"binary-expr","locations":[{"start":{"line":1201,"column":12},"end":{"line":1201,"column":32}},{"start":{"line":1201,"column":37},"end":{"line":1201,"column":48}},{"start":{"line":1201,"column":52},"end":{"line":1201,"column":75}}],"line":1201},"260":{"loc":{"start":{"line":1203,"column":8},"end":{"line":1217,"column":9}},"type":"if","locations":[{"start":{"line":1203,"column":8},"end":{"line":1217,"column":9}},{"start":{"line":1214,"column":15},"end":{"line":1217,"column":9}}],"line":1203},"261":{"loc":{"start":{"line":1208,"column":24},"end":{"line":1208,"column":52}},"type":"if","locations":[{"start":{"line":1208,"column":24},"end":{"line":1208,"column":52}},{"start":{},"end":{}}],"line":1208},"262":{"loc":{"start":{"line":1222,"column":8},"end":{"line":1222,"column":55}},"type":"if","locations":[{"start":{"line":1222,"column":8},"end":{"line":1222,"column":55}},{"start":{},"end":{}}],"line":1222},"263":{"loc":{"start":{"line":1223,"column":8},"end":{"line":1223,"column":92}},"type":"if","locations":[{"start":{"line":1223,"column":8},"end":{"line":1223,"column":92}},{"start":{},"end":{}}],"line":1223},"264":{"loc":{"start":{"line":1224,"column":8},"end":{"line":1224,"column":111}},"type":"if","locations":[{"start":{"line":1224,"column":8},"end":{"line":1224,"column":111}},{"start":{},"end":{}}],"line":1224},"265":{"loc":{"start":{"line":1229,"column":16},"end":{"line":1230,"column":40}},"type":"if","locations":[{"start":{"line":1229,"column":16},"end":{"line":1230,"column":40}},{"start":{"line":1230,"column":21},"end":{"line":1230,"column":40}}],"line":1229},"266":{"loc":{"start":{"line":1233,"column":8},"end":{"line":1233,"column":132}},"type":"if","locations":[{"start":{"line":1233,"column":8},"end":{"line":1233,"column":132}},{"start":{},"end":{}}],"line":1233},"267":{"loc":{"start":{"line":1238,"column":16},"end":{"line":1239,"column":40}},"type":"if","locations":[{"start":{"line":1238,"column":16},"end":{"line":1239,"column":40}},{"start":{"line":1239,"column":21},"end":{"line":1239,"column":40}}],"line":1238},"268":{"loc":{"start":{"line":1242,"column":8},"end":{"line":1242,"column":119}},"type":"if","locations":[{"start":{"line":1242,"column":8},"end":{"line":1242,"column":119}},{"start":{},"end":{}}],"line":1242},"269":{"loc":{"start":{"line":1247,"column":25},"end":{"line":1247,"column":54}},"type":"cond-expr","locations":[{"start":{"line":1247,"column":31},"end":{"line":1247,"column":42}},{"start":{"line":1247,"column":45},"end":{"line":1247,"column":54}}],"line":1247},"270":{"loc":{"start":{"line":1252,"column":25},"end":{"line":1252,"column":71}},"type":"cond-expr","locations":[{"start":{"line":1252,"column":31},"end":{"line":1252,"column":42}},{"start":{"line":1252,"column":45},"end":{"line":1252,"column":71}}],"line":1252},"271":{"loc":{"start":{"line":1265,"column":16},"end":{"line":1274,"column":21}},"type":"if","locations":[{"start":{"line":1265,"column":16},"end":{"line":1274,"column":21}},{"start":{"line":1266,"column":21},"end":{"line":1274,"column":21}}],"line":1265},"272":{"loc":{"start":{"line":1267,"column":28},"end":{"line":1267,"column":48}},"type":"binary-expr","locations":[{"start":{"line":1267,"column":28},"end":{"line":1267,"column":36}},{"start":{"line":1267,"column":40},"end":{"line":1267,"column":48}}],"line":1267},"273":{"loc":{"start":{"line":1268,"column":29},"end":{"line":1268,"column":51}},"type":"binary-expr","locations":[{"start":{"line":1268,"column":29},"end":{"line":1268,"column":38}},{"start":{"line":1268,"column":42},"end":{"line":1268,"column":51}}],"line":1268},"274":{"loc":{"start":{"line":1270,"column":31},"end":{"line":1270,"column":57}},"type":"binary-expr","locations":[{"start":{"line":1270,"column":31},"end":{"line":1270,"column":42}},{"start":{"line":1270,"column":46},"end":{"line":1270,"column":57}}],"line":1270},"275":{"loc":{"start":{"line":1271,"column":32},"end":{"line":1271,"column":60}},"type":"binary-expr","locations":[{"start":{"line":1271,"column":32},"end":{"line":1271,"column":44}},{"start":{"line":1271,"column":48},"end":{"line":1271,"column":60}}],"line":1271},"276":{"loc":{"start":{"line":1272,"column":34},"end":{"line":1272,"column":66}},"type":"binary-expr","locations":[{"start":{"line":1272,"column":34},"end":{"line":1272,"column":48}},{"start":{"line":1272,"column":52},"end":{"line":1272,"column":66}}],"line":1272},"277":{"loc":{"start":{"line":1273,"column":31},"end":{"line":1273,"column":57}},"type":"binary-expr","locations":[{"start":{"line":1273,"column":31},"end":{"line":1273,"column":42}},{"start":{"line":1273,"column":46},"end":{"line":1273,"column":57}}],"line":1273},"278":{"loc":{"start":{"line":1287,"column":20},"end":{"line":1287,"column":48}},"type":"if","locations":[{"start":{"line":1287,"column":20},"end":{"line":1287,"column":48}},{"start":{},"end":{}}],"line":1287},"279":{"loc":{"start":{"line":1297,"column":25},"end":{"line":1297,"column":71}},"type":"cond-expr","locations":[{"start":{"line":1297,"column":31},"end":{"line":1297,"column":42}},{"start":{"line":1297,"column":45},"end":{"line":1297,"column":71}}],"line":1297},"280":{"loc":{"start":{"line":1310,"column":16},"end":{"line":1311,"column":34}},"type":"if","locations":[{"start":{"line":1310,"column":16},"end":{"line":1311,"column":34}},{"start":{"line":1311,"column":21},"end":{"line":1311,"column":34}}],"line":1310},"281":{"loc":{"start":{"line":1315,"column":8},"end":{"line":1315,"column":61}},"type":"if","locations":[{"start":{"line":1315,"column":8},"end":{"line":1315,"column":61}},{"start":{},"end":{}}],"line":1315},"282":{"loc":{"start":{"line":1317,"column":25},"end":{"line":1317,"column":83}},"type":"binary-expr","locations":[{"start":{"line":1317,"column":25},"end":{"line":1317,"column":52}},{"start":{"line":1317,"column":56},"end":{"line":1317,"column":83}}],"line":1317},"283":{"loc":{"start":{"line":1318,"column":8},"end":{"line":1320,"column":9}},"type":"if","locations":[{"start":{"line":1318,"column":8},"end":{"line":1320,"column":9}},{"start":{},"end":{}}],"line":1318},"284":{"loc":{"start":{"line":1324,"column":8},"end":{"line":1336,"column":9}},"type":"if","locations":[{"start":{"line":1324,"column":8},"end":{"line":1336,"column":9}},{"start":{},"end":{}}],"line":1324},"285":{"loc":{"start":{"line":1328,"column":24},"end":{"line":1329,"column":42}},"type":"if","locations":[{"start":{"line":1328,"column":24},"end":{"line":1329,"column":42}},{"start":{"line":1329,"column":29},"end":{"line":1329,"column":42}}],"line":1328},"286":{"loc":{"start":{"line":1332,"column":12},"end":{"line":1335,"column":13}},"type":"if","locations":[{"start":{"line":1332,"column":12},"end":{"line":1335,"column":13}},{"start":{},"end":{}}],"line":1332},"287":{"loc":{"start":{"line":1333,"column":33},"end":{"line":1333,"column":67}},"type":"binary-expr","locations":[{"start":{"line":1333,"column":33},"end":{"line":1333,"column":48}},{"start":{"line":1333,"column":52},"end":{"line":1333,"column":67}}],"line":1333},"288":{"loc":{"start":{"line":1340,"column":8},"end":{"line":1342,"column":9}},"type":"if","locations":[{"start":{"line":1340,"column":8},"end":{"line":1342,"column":9}},{"start":{},"end":{}}],"line":1340}},"s":{"0":1,"1":0,"2":0,"3":0,"4":0,"5":0,"6":0,"7":0,"8":0,"9":0,"10":0,"11":0,"12":0,"13":0,"14":0,"15":0,"16":0,"17":0,"18":0,"19":1,"20":1,"21":1,"22":1,"23":6,"24":6,"25":6,"26":6,"27":6,"28":6,"29":0,"30":0,"31":0,"32":1,"33":1,"34":4,"35":1,"36":1,"37":1,"38":1,"39":1,"40":1,"41":1,"42":1,"43":1,"44":4,"45":4,"46":4,"47":0,"48":0,"49":1,"50":1,"51":1,"52":1,"53":1,"54":1,"55":0,"56":0,"57":0,"58":0,"59":0,"60":0,"61":0,"62":0,"63":0,"64":0,"65":0,"66":0,"67":0,"68":0,"69":0,"70":0,"71":0,"72":0,"73":0,"74":0,"75":0,"76":0,"77":0,"78":0,"79":0,"80":0,"81":0,"82":0,"83":0,"84":0,"85":0,"86":0,"87":0,"88":0,"89":0,"90":0,"91":0,"92":0,"93":0,"94":0,"95":0,"96":0,"97":0,"98":0,"99":0,"100":0,"101":0,"102":0,"103":0,"104":0,"105":0,"106":0,"107":0,"108":0,"109":0,"110":0,"111":0,"112":0,"113":0,"114":0,"115":0,"116":0,"117":0,"118":0,"119":0,"120":0,"121":0,"122":0,"123":0,"124":0,"125":0,"126":0,"127":0,"128":0,"129":0,"130":0,"131":0,"132":0,"133":0,"134":0,"135":0,"136":0,"137":1,"138":1,"139":1,"140":0,"141":1,"142":1,"143":0,"144":1,"145":0,"146":0,"147":0,"148":0,"149":0,"150":0,"151":0,"152":0,"153":0,"154":0,"155":0,"156":0,"157":0,"158":0,"159":0,"160":0,"161":0,"162":0,"163":0,"164":0,"165":0,"166":0,"167":0,"168":0,"169":0,"170":0,"171":0,"172":0,"173":0,"174":0,"175":0,"176":0,"177":0,"178":0,"179":0,"180":0,"181":0,"182":0,"183":0,"184":0,"185":0,"186":0,"187":0,"188":0,"189":0,"190":0,"191":0,"192":0,"193":0,"194":0,"195":0,"196":0,"197":0,"198":0,"199":0,"200":0,"201":0,"202":0,"203":0,"204":0,"205":0,"206":0,"207":0,"208":0,"209":0,"210":0,"211":0,"212":0,"213":0,"214":0,"215":0,"216":0,"217":0,"218":0,"219":0,"220":0,"221":0,"222":0,"223":0,"224":0,"225":0,"226":0,"227":0,"228":0,"229":0,"230":0,"231":0,"232":0,"233":0,"234":0,"235":0,"236":0,"237":0,"238":0,"239":0,"240":0,"241":0,"242":0,"243":0,"244":0,"245":0,"246":0,"247":0,"248":0,"249":0,"250":0,"251":0,"252":0,"253":0,"254":0,"255":0,"256":0,"257":0,"258":0,"259":0,"260":0,"261":0,"262":0,"263":0,"264":0,"265":0,"266":0,"267":0,"268":0,"269":0,"270":0,"271":0,"272":0,"273":0,"274":0,"275":0,"276":0,"277":0,"278":0,"279":0,"280":0,"281":0,"282":0,"283":0,"284":0,"285":0,"286":0,"287":0,"288":0,"289":0,"290":0,"291":0,"292":0,"293":0,"294":0,"295":0,"296":0,"297":0,"298":0,"299":0,"300":0,"301":0,"302":0,"303":0,"304":0,"305":0,"306":0,"307":0,"308":0,"309":0,"310":0,"311":0,"312":0,"313":0,"314":0,"315":0,"316":0,"317":0,"318":0,"319":0,"320":0,"321":0,"322":0,"323":0,"324":0,"325":0,"326":0,"327":0,"328":0,"329":0,"330":0,"331":0,"332":0,"333":0,"334":0,"335":0,"336":0,"337":0,"338":0,"339":0,"340":0,"341":0,"342":0,"343":0,"344":0,"345":0,"346":0,"347":0,"348":0,"349":0,"350":0,"351":0,"352":0,"353":0,"354":0,"355":0,"356":0,"357":0,"358":0,"359":0,"360":0,"361":0,"362":0,"363":0,"364":0,"365":0,"366":0,"367":0,"368":0,"369":0,"370":0,"371":0,"372":0,"373":0,"374":0,"375":0,"376":0,"377":0,"378":0,"379":0,"380":0,"381":0,"382":0,"383":0,"384":0,"385":0,"386":0,"387":0,"388":0,"389":0,"390":0,"391":0,"392":0,"393":0,"394":0,"395":0,"396":0,"397":0,"398":0,"399":0,"400":0,"401":0,"402":0,"403":0,"404":0,"405":0,"406":0,"407":0,"408":0,"409":0,"410":0,"411":0,"412":0,"413":0,"414":0,"415":0,"416":0,"417":0,"418":0,"419":0,"420":0,"421":0,"422":0,"423":0,"424":0,"425":0,"426":0,"427":0,"428":0,"429":0,"430":0,"431":0,"432":0,"433":0,"434":0,"435":0,"436":0,"437":0,"438":0,"439":0,"440":0,"441":0,"442":0,"443":0,"444":0,"445":0,"446":0,"447":0,"448":0,"449":0,"450":0,"451":0,"452":0,"453":0,"454":0,"455":0,"456":0,"457":0,"458":0,"459":0,"460":0,"461":0,"462":0,"463":0,"464":0,"465":0,"466":0,"467":0,"468":0,"469":0,"470":0,"471":0,"472":0,"473":0,"474":0,"475":0,"476":0,"477":0,"478":0,"479":0,"480":0,"481":0,"482":0,"483":0,"484":0,"485":0,"486":0,"487":0,"488":0,"489":0,"490":0,"491":0,"492":0,"493":0,"494":0,"495":0,"496":0,"497":0,"498":0,"499":0,"500":0,"501":0,"502":0,"503":0,"504":0,"505":0,"506":0,"507":0,"508":0,"509":0,"510":0,"511":0,"512":0,"513":0,"514":0,"515":0,"516":0,"517":0,"518":0,"519":0,"520":0,"521":0,"522":0,"523":0,"524":0,"525":0,"526":0,"527":0,"528":0,"529":0,"530":0,"531":0,"532":0,"533":0,"534":0,"535":0,"536":0,"537":0,"538":0,"539":0,"540":0,"541":0,"542":0,"543":0,"544":0,"545":0,"546":0,"547":0,"548":0,"549":0,"550":0,"551":0,"552":0,"553":0,"554":0,"555":0,"556":0,"557":0,"558":0,"559":0,"560":0,"561":0,"562":0,"563":0,"564":0,"565":0,"566":0,"567":0,"568":0,"569":0,"570":1},"f":{"0":0,"1":0,"2":0,"3":0,"4":0,"5":0,"6":0,"7":1,"8":6,"9":6,"10":4,"11":1,"12":1,"13":4,"14":4,"15":1,"16":1,"17":0,"18":0,"19":0,"20":0,"21":0,"22":0,"23":0,"24":0,"25":0,"26":0,"27":0,"28":0,"29":0,"30":0,"31":0,"32":0,"33":0,"34":0,"35":0,"36":0,"37":0,"38":0,"39":0,"40":0,"41":0,"42":0,"43":0,"44":0,"45":1,"46":1,"47":1,"48":1,"49":0,"50":0,"51":0,"52":0,"53":0,"54":0,"55":0,"56":0,"57":0,"58":0,"59":0,"60":0,"61":0,"62":0,"63":0,"64":0,"65":0,"66":0,"67":0,"68":0,"69":0,"70":0,"71":0,"72":0,"73":0,"74":0,"75":0,"76":0,"77":0,"78":0,"79":0,"80":0,"81":0,"82":0,"83":0,"84":0,"85":0,"86":0,"87":0,"88":0,"89":0,"90":0,"91":0,"92":0,"93":0,"94":0,"95":0,"96":0,"97":0,"98":0,"99":0,"100":0,"101":0,"102":0,"103":0,"104":0,"105":0,"106":0,"107":0,"108":0,"109":0,"110":0,"111":0,"112":0,"113":0,"114":0,"115":0,"116":0,"117":0,"118":0,"119":0,"120":0,"121":0,"122":0,"123":0,"124":0,"125":0,"126":0,"127":0,"128":0,"129":0,"130":0,"131":0,"132":0,"133":0,"134":0,"135":0,"136":0,"137":0,"138":0,"139":0,"140":0,"141":0,"142":0,"143":0,"144":0,"145":0,"146":0,"147":0,"148":0,"149":0,"150":0,"151":0,"152":0,"153":0,"154":0,"155":0,"156":0,"157":0,"158":0,"159":0,"160":0,"161":0,"162":0,"163":0,"164":0,"165":0,"166":0,"167":0,"168":0,"169":0,"170":0,"171":0,"172":0,"173":0,"174":0,"175":0,"176":0,"177":0,"178":0,"179":0,"180":0,"181":0,"182":0,"183":0,"184":0,"185":0,"186":0,"187":0,"188":0,"189":0,"190":0,"191":0,"192":0},"b":{"0":[0],"1":[0,0],"2":[0,0],"3":[0,0],"4":[0,0],"5":[0,0],"6":[0,0],"7":[6,0],"8":[6,6],"9":[1,0],"10":[1,0],"11":[1,1],"12":[1,0],"13":[0],"14":[0,0],"15":[0,0],"16":[0,0],"17":[0,0],"18":[0,0],"19":[0,0],"20":[0,0],"21":[0,0],"22":[0,0],"23":[0,0],"24":[0,0],"25":[0,0],"26":[0,0],"27":[0,0],"28":[0,0],"29":[0,0],"30":[0,0],"31":[0,0],"32":[0,0],"33":[0,0],"34":[0,0],"35":[0,0],"36":[0,0],"37":[0,0],"38":[0,0],"39":[0,0],"40":[0,0],"41":[0,0],"42":[0,0],"43":[0,0],"44":[0,0],"45":[0,1],"46":[0,1],"47":[0,0],"48":[0,0],"49":[0,0],"50":[0,0],"51":[0,0],"52":[0,0],"53":[0,0],"54":[0,0],"55":[0,0],"56":[0,0],"57":[0,0],"58":[0,0],"59":[0],"60":[0,0],"61":[0,0],"62":[0,0],"63":[0,0],"64":[0,0],"65":[0,0],"66":[0,0],"67":[0,0],"68":[0,0],"69":[0,0],"70":[0,0,0],"71":[0,0],"72":[0,0],"73":[0,0],"74":[0,0],"75":[0,0],"76":[0,0],"77":[0,0],"78":[0,0,0],"79":[0,0],"80":[0,0],"81":[0,0],"82":[0,0],"83":[0,0],"84":[0,0],"85":[0,0],"86":[0,0,0],"87":[0,0],"88":[0,0],"89":[0,0,0],"90":[0,0],"91":[0,0],"92":[0,0],"93":[0,0],"94":[0,0],"95":[0,0],"96":[0,0],"97":[0,0],"98":[0,0],"99":[0,0],"100":[0,0],"101":[0,0],"102":[0,0],"103":[0,0],"104":[0,0,0],"105":[0,0],"106":[0,0],"107":[0,0],"108":[0,0,0],"109":[0,0,0],"110":[0,0],"111":[0,0],"112":[0,0],"113":[0,0],"114":[0,0],"115":[0,0],"116":[0,0],"117":[0,0],"118":[0,0],"119":[0,0],"120":[0,0],"121":[0,0],"122":[0,0],"123":[0,0],"124":[0,0],"125":[0,0],"126":[0,0],"127":[0,0,0],"128":[0,0,0],"129":[0,0,0],"130":[0,0],"131":[0,0,0],"132":[0,0],"133":[0,0],"134":[0,0],"135":[0,0],"136":[0,0],"137":[0,0],"138":[0,0],"139":[0,0],"140":[0,0],"141":[0,0],"142":[0,0],"143":[0,0],"144":[0,0],"145":[0,0],"146":[0,0],"147":[0,0],"148":[0,0],"149":[0,0],"150":[0,0],"151":[0,0],"152":[0,0],"153":[0,0],"154":[0,0],"155":[0,0],"156":[0,0],"157":[0,0],"158":[0,0],"159":[0,0],"160":[0,0],"161":[0,0],"162":[0,0],"163":[0,0],"164":[0,0],"165":[0,0],"166":[0,0],"167":[0,0],"168":[0,0],"169":[0,0],"170":[0,0],"171":[0,0],"172":[0,0],"173":[0,0],"174":[0,0],"175":[0,0],"176":[0,0],"177":[0,0],"178":[0,0],"179":[0,0],"180":[0,0],"181":[0,0],"182":[0,0],"183":[0,0],"184":[0,0],"185":[0,0],"186":[0,0],"187":[0,0],"188":[0,0],"189":[0,0],"190":[0,0],"191":[0,0],"192":[0,0],"193":[0,0],"194":[0,0],"195":[0,0],"196":[0,0],"197":[0,0],"198":[0,0],"199":[0,0],"200":[0,0],"201":[0,0],"202":[0,0],"203":[0,0],"204":[0,0],"205":[0,0],"206":[0,0],"207":[0,0],"208":[0,0],"209":[0,0],"210":[0,0],"211":[0,0],"212":[0,0],"213":[0,0],"214":[0,0],"215":[0,0],"216":[0,0],"217":[0,0],"218":[0,0],"219":[0,0],"220":[0,0],"221":[0,0],"222":[0,0],"223":[0,0],"224":[0,0],"225":[0,0],"226":[0,0],"227":[0,0],"228":[0,0],"229":[0,0],"230":[0,0],"231":[0,0],"232":[0,0],"233":[0,0],"234":[0,0],"235":[0,0],"236":[0,0],"237":[0,0],"238":[0,0],"239":[0,0],"240":[0,0],"241":[0,0],"242":[0,0],"243":[0,0],"244":[0,0],"245":[0,0],"246":[0,0],"247":[0,0],"248":[0,0,0],"249":[0,0],"250":[0,0],"251":[0,0],"252":[0,0],"253":[0,0],"254":[0,0],"255":[0,0],"256":[0,0],"257":[0,0],"258":[0,0],"259":[0,0,0],"260":[0,0],"261":[0,0],"262":[0,0],"263":[0,0],"264":[0,0],"265":[0,0],"266":[0,0],"267":[0,0],"268":[0,0],"269":[0,0],"270":[0,0],"271":[0,0],"272":[0,0],"273":[0,0],"274":[0,0],"275":[0,0],"276":[0,0],"277":[0,0],"278":[0,0],"279":[0,0],"280":[0,0],"281":[0,0],"282":[0,0],"283":[0,0],"284":[0,0],"285":[0,0],"286":[0,0],"287":[0,0],"288":[0,0]},"_coverageSchema":"1a1c01bbd47fc00a2c39e90264f33305004495a9","hash":"1e2d9204ea9b6f3782fd1689ab6276fd7dfff2b8"}
}
