TN:
SF:config/database.js
FN:23,(anonymous_0)
FN:69,(anonymous_1)
FN:102,(anonymous_2)
FN:114,(anonymous_3)
FN:117,(anonymous_4)
FN:138,(anonymous_5)
FN:143,(anonymous_6)
FN:149,(anonymous_7)
FN:182,(anonymous_8)
FN:209,(anonymous_9)
FN:216,(anonymous_10)
FN:224,(anonymous_11)
FN:232,(anonymous_12)
FN:240,(anonymous_13)
FN:249,(anonymous_14)
FN:256,(anonymous_15)
FN:258,(anonymous_16)
FN:260,(anonymous_17)
FN:270,(anonymous_18)
FN:278,(anonymous_19)
FN:287,(anonymous_20)
FN:295,(anonymous_21)
FN:296,(anonymous_22)
FN:302,(anonymous_23)
FN:312,(anonymous_24)
FN:619,(anonymous_25)
FN:620,(anonymous_26)
FN:653,(anonymous_27)
FN:654,(anonymous_28)
FN:718,(anonymous_29)
FN:719,(anonymous_30)
FN:730,(anonymous_31)
FN:731,(anonymous_32)
FN:735,(anonymous_33)
FN:738,(anonymous_34)
FN:754,(anonymous_35)
FN:755,(anonymous_36)
FN:767,(anonymous_37)
FN:768,(anonymous_38)
FN:781,(anonymous_39)
FN:782,(anonymous_40)
FN:795,(anonymous_41)
FN:796,(anonymous_42)
FN:814,(anonymous_43)
FN:815,(anonymous_44)
FN:860,(anonymous_45)
FN:861,(anonymous_46)
FNF:47
FNH:10
FNDA:13,(anonymous_0)
FNDA:0,(anonymous_1)
FNDA:0,(anonymous_2)
FNDA:145,(anonymous_3)
FNDA:30,(anonymous_4)
FNDA:145,(anonymous_5)
FNDA:301,(anonymous_6)
FNDA:147,(anonymous_7)
FNDA:41,(anonymous_8)
FNDA:0,(anonymous_9)
FNDA:80,(anonymous_10)
FNDA:9,(anonymous_11)
FNDA:56,(anonymous_12)
FNDA:0,(anonymous_13)
FNDA:0,(anonymous_14)
FNDA:0,(anonymous_15)
FNDA:0,(anonymous_16)
FNDA:0,(anonymous_17)
FNDA:0,(anonymous_18)
FNDA:0,(anonymous_19)
FNDA:0,(anonymous_20)
FNDA:0,(anonymous_21)
FNDA:0,(anonymous_22)
FNDA:0,(anonymous_23)
FNDA:0,(anonymous_24)
FNDA:0,(anonymous_25)
FNDA:0,(anonymous_26)
FNDA:0,(anonymous_27)
FNDA:0,(anonymous_28)
FNDA:0,(anonymous_29)
FNDA:0,(anonymous_30)
FNDA:0,(anonymous_31)
FNDA:0,(anonymous_32)
FNDA:0,(anonymous_33)
FNDA:0,(anonymous_34)
FNDA:0,(anonymous_35)
FNDA:0,(anonymous_36)
FNDA:0,(anonymous_37)
FNDA:0,(anonymous_38)
FNDA:0,(anonymous_39)
FNDA:0,(anonymous_40)
FNDA:0,(anonymous_41)
FNDA:0,(anonymous_42)
FNDA:0,(anonymous_43)
FNDA:0,(anonymous_44)
FNDA:0,(anonymous_45)
FNDA:0,(anonymous_46)
DA:1,13
DA:2,13
DA:3,0
DA:7,13
DA:8,13
DA:9,13
DA:10,13
DA:11,13
DA:12,13
DA:13,13
DA:14,13
DA:15,13
DA:18,13
DA:21,13
DA:26,13
DA:27,13
DA:28,13
DA:29,13
DA:30,13
DA:32,13
DA:33,0
DA:37,13
DA:40,13
DA:43,13
DA:44,0
DA:47,13
DA:51,13
DA:52,0
DA:53,0
DA:54,0
DA:62,0
DA:63,0
DA:68,0
DA:69,0
DA:71,0
DA:75,13
DA:87,13
DA:88,0
DA:91,13
DA:92,13
DA:95,13
DA:96,13
DA:97,13
DA:99,0
DA:102,13
DA:103,0
DA:106,13
DA:109,13
DA:110,13
DA:115,145
DA:117,145
DA:120,145
DA:121,0
DA:122,0
DA:127,145
DA:129,43
DA:130,21
DA:134,145
DA:143,301
DA:145,145
DA:146,145
DA:150,147
DA:152,2
DA:154,145
DA:156,145
DA:157,145
DA:158,145
DA:162,145
DA:163,145
DA:164,0
DA:166,145
DA:167,145
DA:168,141
DA:171,141
DA:172,141
DA:173,141
DA:174,141
DA:175,55
DA:179,141
DA:180,41
DA:181,41
DA:182,41
DA:183,41
DA:184,41
DA:185,41
DA:187,0
DA:191,141
DA:192,141
DA:193,132
DA:194,76
DA:197,4
DA:198,4
DA:200,145
DA:201,145
DA:203,145
DA:204,2
DA:213,0
DA:217,80
DA:218,1
DA:219,1
DA:221,80
DA:225,9
DA:226,0
DA:227,0
DA:229,9
DA:233,56
DA:234,0
DA:235,0
DA:237,56
DA:241,0
DA:242,0
DA:243,0
DA:244,0
DA:245,0
DA:250,0
DA:252,0
DA:256,0
DA:258,0
DA:260,0
DA:261,0
DA:262,0
DA:270,0
DA:271,0
DA:273,0
DA:278,0
DA:279,0
DA:280,0
DA:287,0
DA:288,0
DA:290,0
DA:295,0
DA:296,0
DA:297,0
DA:298,0
DA:299,0
DA:300,0
DA:303,0
DA:304,0
DA:307,0
DA:312,0
DA:313,0
DA:314,0
DA:319,0
DA:619,0
DA:620,0
DA:621,0
DA:622,0
DA:623,0
DA:625,0
DA:627,0
DA:628,0
DA:634,0
DA:653,0
DA:654,0
DA:655,0
DA:656,0
DA:657,0
DA:662,0
DA:718,0
DA:719,0
DA:720,0
DA:721,0
DA:722,0
DA:727,0
DA:730,0
DA:731,0
DA:732,0
DA:735,0
DA:736,0
DA:737,0
DA:738,0
DA:739,0
DA:740,0
DA:745,0
DA:750,0
DA:754,0
DA:755,0
DA:756,0
DA:757,0
DA:758,0
DA:763,0
DA:767,0
DA:768,0
DA:769,0
DA:770,0
DA:771,0
DA:776,0
DA:781,0
DA:782,0
DA:783,0
DA:784,0
DA:785,0
DA:790,0
DA:795,0
DA:796,0
DA:797,0
DA:798,0
DA:799,0
DA:804,0
DA:814,0
DA:815,0
DA:816,0
DA:818,0
DA:820,0
DA:827,0
DA:832,0
DA:860,0
DA:861,0
DA:862,0
DA:863,0
DA:864,0
DA:869,0
DA:870,0
DA:876,13
DA:879,13
LF:215
LH:88
BRDA:2,0,0,0
BRDA:2,0,1,13
BRDA:12,1,0,13
BRDA:12,1,1,0
BRDA:12,2,0,13
BRDA:12,2,1,13
BRDA:26,3,0,13
BRDA:26,3,1,0
BRDA:26,3,2,0
BRDA:26,4,0,0
BRDA:26,4,1,0
BRDA:27,5,0,13
BRDA:27,5,1,0
BRDA:27,5,2,0
BRDA:28,6,0,13
BRDA:28,6,1,0
BRDA:28,6,2,0
BRDA:29,7,0,13
BRDA:29,7,1,0
BRDA:30,8,0,13
BRDA:30,8,1,0
BRDA:30,8,2,0
BRDA:32,9,0,0
BRDA:32,9,1,13
BRDA:32,10,0,13
BRDA:32,10,1,0
BRDA:40,11,0,13
BRDA:40,11,1,0
BRDA:40,11,2,0
BRDA:43,12,0,0
BRDA:43,12,1,13
BRDA:43,13,0,13
BRDA:43,13,1,13
BRDA:47,14,0,13
BRDA:47,14,1,0
BRDA:51,15,0,0
BRDA:51,15,1,13
BRDA:51,16,0,13
BRDA:51,16,1,13
BRDA:51,16,2,13
BRDA:62,17,0,0
BRDA:62,17,1,0
BRDA:82,18,0,0
BRDA:82,18,1,13
BRDA:87,19,0,0
BRDA:87,19,1,13
BRDA:87,20,0,13
BRDA:87,20,1,13
BRDA:120,21,0,0
BRDA:120,21,1,145
BRDA:127,22,0,43
BRDA:127,22,1,102
BRDA:129,23,0,21
BRDA:129,23,1,22
BRDA:143,24,0,145
BRDA:143,24,1,0
BRDA:143,25,0,0
BRDA:143,25,1,301
BRDA:143,26,0,301
BRDA:143,26,1,301
BRDA:143,26,2,301
BRDA:150,27,0,2
BRDA:150,27,1,145
BRDA:154,28,0,0
BRDA:154,28,1,145
BRDA:163,29,0,0
BRDA:163,29,1,145
BRDA:172,30,0,0
BRDA:172,30,1,141
BRDA:173,31,0,141
BRDA:173,31,1,0
BRDA:174,32,0,55
BRDA:174,32,1,86
BRDA:179,33,0,41
BRDA:179,33,1,100
BRDA:179,34,0,141
BRDA:179,34,1,141
BRDA:179,34,2,41
BRDA:183,35,0,41
BRDA:183,35,1,0
BRDA:191,36,0,141
BRDA:191,36,1,0
BRDA:192,37,0,9
BRDA:192,37,1,132
BRDA:193,38,0,56
BRDA:193,38,1,76
BRDA:198,39,0,4
BRDA:198,39,1,0
BRDA:203,40,0,2
BRDA:203,40,1,143
BRDA:213,41,0,0
BRDA:213,41,1,0
BRDA:216,42,0,0
BRDA:217,43,0,1
BRDA:217,43,1,79
BRDA:224,44,0,0
BRDA:225,45,0,0
BRDA:225,45,1,9
BRDA:232,46,0,1
BRDA:233,47,0,0
BRDA:233,47,1,56
BRDA:241,48,0,0
BRDA:241,48,1,0
BRDA:250,49,0,0
BRDA:250,49,1,0
BRDA:261,50,0,0
BRDA:261,50,1,0
BRDA:261,51,0,0
BRDA:261,51,1,0
BRDA:279,52,0,0
BRDA:279,52,1,0
BRDA:279,53,0,0
BRDA:279,53,1,0
BRDA:297,54,0,0
BRDA:297,54,1,0
BRDA:297,55,0,0
BRDA:297,55,1,0
BRDA:303,56,0,0
BRDA:303,56,1,0
BRDA:313,57,0,0
BRDA:313,57,1,0
BRDA:313,58,0,0
BRDA:313,58,1,0
BRDA:314,59,0,0
BRDA:314,59,1,0
BRDA:621,60,0,0
BRDA:621,60,1,0
BRDA:655,61,0,0
BRDA:655,61,1,0
BRDA:720,62,0,0
BRDA:720,62,1,0
BRDA:732,63,0,0
BRDA:732,63,1,0
BRDA:736,64,0,0
BRDA:736,64,1,0
BRDA:736,65,0,0
BRDA:736,65,1,0
BRDA:736,65,2,0
BRDA:739,66,0,0
BRDA:739,66,1,0
BRDA:740,67,0,0
BRDA:740,67,1,0
BRDA:756,68,0,0
BRDA:756,68,1,0
BRDA:769,69,0,0
BRDA:769,69,1,0
BRDA:783,70,0,0
BRDA:783,70,1,0
BRDA:797,71,0,0
BRDA:797,71,1,0
BRDA:816,72,0,0
BRDA:816,72,1,0
BRDA:862,73,0,0
BRDA:862,73,1,0
BRF:154
BRH:61
end_of_record
TN:
SF:services/WorkflowService.js
FN:4,determineReviewScope
FN:14,(anonymous_1)
FN:15,(anonymous_2)
FN:18,(anonymous_3)
FN:26,(anonymous_4)
FN:27,(anonymous_5)
FN:28,(anonymous_6)
FN:35,(anonymous_7)
FN:53,(anonymous_8)
FN:54,(anonymous_9)
FN:78,(anonymous_10)
FN:84,(anonymous_11)
FN:85,(anonymous_12)
FN:95,(anonymous_13)
FN:97,(anonymous_14)
FN:109,(anonymous_15)
FN:110,(anonymous_16)
FN:118,(anonymous_17)
FN:121,(anonymous_18)
FN:127,(anonymous_19)
FN:133,(anonymous_20)
FN:134,(anonymous_21)
FN:145,(anonymous_22)
FN:157,(anonymous_23)
FN:158,(anonymous_24)
FN:161,(anonymous_25)
FN:167,(anonymous_26)
FN:171,(anonymous_27)
FN:186,(anonymous_28)
FN:187,(anonymous_29)
FN:208,(anonymous_30)
FN:213,(anonymous_31)
FN:214,(anonymous_32)
FN:215,(anonymous_33)
FN:227,(anonymous_34)
FN:228,(anonymous_35)
FN:229,(anonymous_36)
FN:248,(anonymous_37)
FN:258,(anonymous_38)
FN:259,(anonymous_39)
FN:261,(anonymous_40)
FN:269,(anonymous_41)
FN:278,(anonymous_42)
FN:279,(anonymous_43)
FN:280,(anonymous_44)
FN:295,(anonymous_45)
FN:296,(anonymous_46)
FN:298,(anonymous_47)
FN:301,(anonymous_48)
FN:309,(anonymous_49)
FN:310,(anonymous_50)
FN:311,(anonymous_51)
FN:318,(anonymous_52)
FN:320,(anonymous_53)
FN:321,(anonymous_54)
FN:327,(anonymous_55)
FN:338,(anonymous_56)
FN:349,(anonymous_57)
FN:352,(anonymous_58)
FN:356,(anonymous_59)
FN:365,(anonymous_60)
FN:366,(anonymous_61)
FN:376,(anonymous_62)
FN:377,(anonymous_63)
FN:382,(anonymous_64)
FN:395,(anonymous_65)
FN:399,(anonymous_66)
FN:411,(anonymous_67)
FN:414,(anonymous_68)
FN:432,(anonymous_69)
FN:435,(anonymous_70)
FN:438,(anonymous_71)
FN:439,(anonymous_72)
FN:442,(anonymous_73)
FN:443,(anonymous_74)
FN:448,(anonymous_75)
FN:451,(anonymous_76)
FN:456,(anonymous_77)
FN:462,(anonymous_78)
FN:465,(anonymous_79)
FN:478,(anonymous_80)
FN:479,(anonymous_81)
FN:497,(anonymous_82)
FN:528,(anonymous_83)
FN:531,(anonymous_84)
FN:541,(anonymous_85)
FN:549,(anonymous_86)
FN:553,(anonymous_87)
FN:554,(anonymous_88)
FN:577,(anonymous_89)
FN:647,(anonymous_90)
FN:649,(anonymous_91)
FN:691,(anonymous_92)
FN:692,(anonymous_93)
FN:778,(anonymous_94)
FN:786,(anonymous_95)
FN:827,(anonymous_96)
FN:829,(anonymous_97)
FN:830,(anonymous_98)
FN:844,(anonymous_99)
FN:845,(anonymous_100)
FN:858,(anonymous_101)
FN:859,(anonymous_102)
FN:867,(anonymous_103)
FN:868,(anonymous_104)
FN:873,(anonymous_105)
FN:874,(anonymous_106)
FN:879,(anonymous_107)
FN:880,(anonymous_108)
FN:883,(anonymous_109)
FN:891,(anonymous_110)
FN:893,(anonymous_111)
FN:899,(anonymous_112)
FN:900,(anonymous_113)
FN:911,(anonymous_114)
FN:913,(anonymous_115)
FN:917,(anonymous_116)
FN:918,(anonymous_117)
FN:929,(anonymous_118)
FN:931,(anonymous_119)
FN:933,(anonymous_120)
FN:934,(anonymous_121)
FN:938,(anonymous_122)
FN:939,(anonymous_123)
FN:941,(anonymous_124)
FN:955,(anonymous_125)
FN:961,(anonymous_126)
FN:967,(anonymous_127)
FN:968,(anonymous_128)
FN:977,(anonymous_129)
FN:979,(anonymous_130)
FN:984,(anonymous_131)
FN:985,(anonymous_132)
FN:989,(anonymous_133)
FN:1003,(anonymous_134)
FN:1008,(anonymous_135)
FN:1014,(anonymous_136)
FN:1016,(anonymous_137)
FN:1021,(anonymous_138)
FN:1032,(anonymous_139)
FN:1037,(anonymous_140)
FN:1048,(anonymous_141)
FN:1050,(anonymous_142)
FN:1056,(anonymous_143)
FN:1060,(anonymous_144)
FN:1063,(anonymous_145)
FN:1069,(anonymous_146)
FN:1072,(anonymous_147)
FN:1085,(anonymous_148)
FN:1096,(anonymous_149)
FN:1098,(anonymous_150)
FN:1103,(anonymous_151)
FN:1106,(anonymous_152)
FN:1114,(anonymous_153)
FN:1122,(anonymous_154)
FN:1126,(anonymous_155)
FN:1128,(anonymous_156)
FN:1133,(anonymous_157)
FN:1135,(anonymous_158)
FN:1142,(anonymous_159)
FN:1149,(anonymous_160)
FN:1152,(anonymous_161)
FN:1159,(anonymous_162)
FN:1180,(anonymous_163)
FN:1181,(anonymous_164)
FN:1192,(anonymous_165)
FN:1195,(anonymous_166)
FN:1205,(anonymous_167)
FN:1207,(anonymous_168)
FN:1220,(anonymous_169)
FN:1227,(anonymous_170)
FN:1228,(anonymous_171)
FN:1236,(anonymous_172)
FN:1237,(anonymous_173)
FN:1245,(anonymous_174)
FN:1247,(anonymous_175)
FN:1250,(anonymous_176)
FN:1252,(anonymous_177)
FN:1259,(anonymous_178)
FN:1260,(anonymous_179)
FN:1264,(anonymous_180)
FN:1266,(anonymous_181)
FN:1279,(anonymous_182)
FN:1280,(anonymous_183)
FN:1286,(anonymous_184)
FN:1294,(anonymous_185)
FN:1295,(anonymous_186)
FN:1297,(anonymous_187)
FN:1304,(anonymous_188)
FN:1308,(anonymous_189)
FN:1309,(anonymous_190)
FN:1325,(anonymous_191)
FN:1327,(anonymous_192)
FNF:193
FNH:14
FNDA:0,determineReviewScope
FNDA:0,(anonymous_1)
FNDA:0,(anonymous_2)
FNDA:0,(anonymous_3)
FNDA:0,(anonymous_4)
FNDA:0,(anonymous_5)
FNDA:0,(anonymous_6)
FNDA:1,(anonymous_7)
FNDA:6,(anonymous_8)
FNDA:6,(anonymous_9)
FNDA:4,(anonymous_10)
FNDA:1,(anonymous_11)
FNDA:1,(anonymous_12)
FNDA:4,(anonymous_13)
FNDA:4,(anonymous_14)
FNDA:1,(anonymous_15)
FNDA:1,(anonymous_16)
FNDA:0,(anonymous_17)
FNDA:0,(anonymous_18)
FNDA:0,(anonymous_19)
FNDA:0,(anonymous_20)
FNDA:0,(anonymous_21)
FNDA:0,(anonymous_22)
FNDA:0,(anonymous_23)
FNDA:0,(anonymous_24)
FNDA:0,(anonymous_25)
FNDA:0,(anonymous_26)
FNDA:0,(anonymous_27)
FNDA:0,(anonymous_28)
FNDA:0,(anonymous_29)
FNDA:0,(anonymous_30)
FNDA:0,(anonymous_31)
FNDA:0,(anonymous_32)
FNDA:0,(anonymous_33)
FNDA:0,(anonymous_34)
FNDA:0,(anonymous_35)
FNDA:0,(anonymous_36)
FNDA:0,(anonymous_37)
FNDA:0,(anonymous_38)
FNDA:0,(anonymous_39)
FNDA:0,(anonymous_40)
FNDA:0,(anonymous_41)
FNDA:0,(anonymous_42)
FNDA:0,(anonymous_43)
FNDA:0,(anonymous_44)
FNDA:1,(anonymous_45)
FNDA:1,(anonymous_46)
FNDA:1,(anonymous_47)
FNDA:1,(anonymous_48)
FNDA:0,(anonymous_49)
FNDA:0,(anonymous_50)
FNDA:0,(anonymous_51)
FNDA:0,(anonymous_52)
FNDA:0,(anonymous_53)
FNDA:0,(anonymous_54)
FNDA:0,(anonymous_55)
FNDA:0,(anonymous_56)
FNDA:0,(anonymous_57)
FNDA:0,(anonymous_58)
FNDA:0,(anonymous_59)
FNDA:0,(anonymous_60)
FNDA:0,(anonymous_61)
FNDA:0,(anonymous_62)
FNDA:0,(anonymous_63)
FNDA:0,(anonymous_64)
FNDA:0,(anonymous_65)
FNDA:0,(anonymous_66)
FNDA:0,(anonymous_67)
FNDA:0,(anonymous_68)
FNDA:0,(anonymous_69)
FNDA:0,(anonymous_70)
FNDA:0,(anonymous_71)
FNDA:0,(anonymous_72)
FNDA:0,(anonymous_73)
FNDA:0,(anonymous_74)
FNDA:0,(anonymous_75)
FNDA:0,(anonymous_76)
FNDA:0,(anonymous_77)
FNDA:0,(anonymous_78)
FNDA:0,(anonymous_79)
FNDA:0,(anonymous_80)
FNDA:0,(anonymous_81)
FNDA:0,(anonymous_82)
FNDA:0,(anonymous_83)
FNDA:0,(anonymous_84)
FNDA:0,(anonymous_85)
FNDA:0,(anonymous_86)
FNDA:0,(anonymous_87)
FNDA:0,(anonymous_88)
FNDA:0,(anonymous_89)
FNDA:0,(anonymous_90)
FNDA:0,(anonymous_91)
FNDA:0,(anonymous_92)
FNDA:0,(anonymous_93)
FNDA:0,(anonymous_94)
FNDA:0,(anonymous_95)
FNDA:0,(anonymous_96)
FNDA:0,(anonymous_97)
FNDA:0,(anonymous_98)
FNDA:0,(anonymous_99)
FNDA:0,(anonymous_100)
FNDA:0,(anonymous_101)
FNDA:0,(anonymous_102)
FNDA:0,(anonymous_103)
FNDA:0,(anonymous_104)
FNDA:0,(anonymous_105)
FNDA:0,(anonymous_106)
FNDA:0,(anonymous_107)
FNDA:0,(anonymous_108)
FNDA:0,(anonymous_109)
FNDA:0,(anonymous_110)
FNDA:0,(anonymous_111)
FNDA:0,(anonymous_112)
FNDA:0,(anonymous_113)
FNDA:0,(anonymous_114)
FNDA:0,(anonymous_115)
FNDA:0,(anonymous_116)
FNDA:0,(anonymous_117)
FNDA:0,(anonymous_118)
FNDA:0,(anonymous_119)
FNDA:0,(anonymous_120)
FNDA:0,(anonymous_121)
FNDA:0,(anonymous_122)
FNDA:0,(anonymous_123)
FNDA:0,(anonymous_124)
FNDA:0,(anonymous_125)
FNDA:0,(anonymous_126)
FNDA:0,(anonymous_127)
FNDA:0,(anonymous_128)
FNDA:0,(anonymous_129)
FNDA:0,(anonymous_130)
FNDA:0,(anonymous_131)
FNDA:0,(anonymous_132)
FNDA:0,(anonymous_133)
FNDA:0,(anonymous_134)
FNDA:0,(anonymous_135)
FNDA:0,(anonymous_136)
FNDA:0,(anonymous_137)
FNDA:0,(anonymous_138)
FNDA:0,(anonymous_139)
FNDA:0,(anonymous_140)
FNDA:0,(anonymous_141)
FNDA:0,(anonymous_142)
FNDA:0,(anonymous_143)
FNDA:0,(anonymous_144)
FNDA:0,(anonymous_145)
FNDA:0,(anonymous_146)
FNDA:0,(anonymous_147)
FNDA:0,(anonymous_148)
FNDA:0,(anonymous_149)
FNDA:0,(anonymous_150)
FNDA:0,(anonymous_151)
FNDA:0,(anonymous_152)
FNDA:0,(anonymous_153)
FNDA:0,(anonymous_154)
FNDA:0,(anonymous_155)
FNDA:0,(anonymous_156)
FNDA:0,(anonymous_157)
FNDA:0,(anonymous_158)
FNDA:0,(anonymous_159)
FNDA:0,(anonymous_160)
FNDA:0,(anonymous_161)
FNDA:0,(anonymous_162)
FNDA:0,(anonymous_163)
FNDA:0,(anonymous_164)
FNDA:0,(anonymous_165)
FNDA:0,(anonymous_166)
FNDA:0,(anonymous_167)
FNDA:0,(anonymous_168)
FNDA:0,(anonymous_169)
FNDA:0,(anonymous_170)
FNDA:0,(anonymous_171)
FNDA:0,(anonymous_172)
FNDA:0,(anonymous_173)
FNDA:0,(anonymous_174)
FNDA:0,(anonymous_175)
FNDA:0,(anonymous_176)
FNDA:0,(anonymous_177)
FNDA:0,(anonymous_178)
FNDA:0,(anonymous_179)
FNDA:0,(anonymous_180)
FNDA:0,(anonymous_181)
FNDA:0,(anonymous_182)
FNDA:0,(anonymous_183)
FNDA:0,(anonymous_184)
FNDA:0,(anonymous_185)
FNDA:0,(anonymous_186)
FNDA:0,(anonymous_187)
FNDA:0,(anonymous_188)
FNDA:0,(anonymous_189)
FNDA:0,(anonymous_190)
FNDA:0,(anonymous_191)
FNDA:0,(anonymous_192)
DA:1,1
DA:5,0
DA:6,0
DA:7,0
DA:8,0
DA:9,0
DA:15,0
DA:16,0
DA:19,0
DA:20,0
DA:27,0
DA:28,0
DA:29,0
DA:30,0
DA:36,1
DA:45,1
DA:47,1
DA:50,1
DA:51,6
DA:53,6
DA:54,6
DA:57,6
DA:58,6
DA:60,0
DA:61,0
DA:64,0
DA:70,1
DA:78,4
DA:80,1
DA:81,1
DA:84,1
DA:85,1
DA:89,1
DA:90,1
DA:91,1
DA:94,1
DA:95,4
DA:96,4
DA:97,4
DA:101,0
DA:102,0
DA:106,1
DA:107,1
DA:109,1
DA:110,1
DA:112,1
DA:119,0
DA:121,0
DA:122,0
DA:124,0
DA:125,0
DA:127,0
DA:128,0
DA:129,0
DA:133,0
DA:134,0
DA:137,0
DA:138,0
DA:139,0
DA:140,0
DA:143,0
DA:146,0
DA:147,0
DA:148,0
DA:151,0
DA:152,0
DA:154,0
DA:156,0
DA:157,0
DA:158,0
DA:159,0
DA:161,0
DA:166,0
DA:168,0
DA:169,0
DA:172,0
DA:173,0
DA:176,0
DA:181,0
DA:187,0
DA:188,0
DA:202,0
DA:203,0
DA:204,0
DA:205,0
DA:208,0
DA:209,0
DA:212,0
DA:213,0
DA:214,0
DA:215,0
DA:217,0
DA:219,0
DA:221,0
DA:228,0
DA:229,0
DA:230,0
DA:231,0
DA:233,0
DA:249,0
DA:250,0
DA:251,0
DA:259,0
DA:261,0
DA:262,0
DA:264,0
DA:265,0
DA:266,0
DA:269,0
DA:270,0
DA:271,0
DA:279,0
DA:280,0
DA:281,0
DA:282,0
DA:283,0
DA:296,1
DA:298,1
DA:299,1
DA:301,1
DA:302,1
DA:303,1
DA:310,0
DA:311,0
DA:312,0
DA:313,0
DA:320,0
DA:321,0
DA:322,0
DA:324,0
DA:325,0
DA:327,0
DA:328,0
DA:329,0
DA:333,0
DA:334,0
DA:335,0
DA:338,0
DA:339,0
DA:340,0
DA:350,0
DA:352,0
DA:353,0
DA:356,0
DA:360,0
DA:361,0
DA:362,0
DA:365,0
DA:366,0
DA:367,0
DA:368,0
DA:372,0
DA:376,0
DA:377,0
DA:380,0
DA:382,0
DA:389,0
DA:390,0
DA:391,0
DA:395,0
DA:396,0
DA:397,0
DA:400,0
DA:401,0
DA:402,0
DA:404,0
DA:405,0
DA:408,0
DA:409,0
DA:410,0
DA:411,0
DA:412,0
DA:414,0
DA:418,0
DA:420,0
DA:421,0
DA:434,0
DA:435,0
DA:438,0
DA:439,0
DA:440,0
DA:442,0
DA:443,0
DA:448,0
DA:449,0
DA:452,0
DA:453,0
DA:456,0
DA:457,0
DA:458,0
DA:462,0
DA:463,0
DA:465,0
DA:470,0
DA:471,0
DA:472,0
DA:479,0
DA:480,0
DA:498,0
DA:499,0
DA:502,0
DA:517,0
DA:529,0
DA:531,0
DA:540,0
DA:541,0
DA:542,0
DA:543,0
DA:550,0
DA:553,0
DA:554,0
DA:555,0
DA:558,0
DA:563,0
DA:564,0
DA:569,0
DA:572,0
DA:573,0
DA:574,0
DA:577,0
DA:579,0
DA:581,0
DA:583,0
DA:584,0
DA:647,0
DA:648,0
DA:649,0
DA:680,0
DA:681,0
DA:683,0
DA:684,0
DA:685,0
DA:686,0
DA:687,0
DA:691,0
DA:692,0
DA:694,0
DA:776,0
DA:778,0
DA:779,0
DA:781,0
DA:782,0
DA:784,0
DA:786,0
DA:829,0
DA:830,0
DA:832,0
DA:833,0
DA:837,0
DA:839,0
DA:840,0
DA:844,0
DA:845,0
DA:847,0
DA:852,0
DA:853,0
DA:857,0
DA:858,0
DA:859,0
DA:861,0
DA:862,0
DA:867,0
DA:868,0
DA:871,0
DA:873,0
DA:874,0
DA:877,0
DA:878,0
DA:879,0
DA:880,0
DA:883,0
DA:884,0
DA:885,0
DA:891,0
DA:892,0
DA:893,0
DA:898,0
DA:899,0
DA:900,0
DA:902,0
DA:909,0
DA:911,0
DA:912,0
DA:913,0
DA:916,0
DA:917,0
DA:918,0
DA:920,0
DA:927,0
DA:929,0
DA:930,0
DA:931,0
DA:933,0
DA:934,0
DA:938,0
DA:939,0
DA:941,0
DA:942,0
DA:943,0
DA:944,0
DA:947,0
DA:948,0
DA:955,0
DA:962,0
DA:963,0
DA:967,0
DA:968,0
DA:970,0
DA:971,0
DA:972,0
DA:973,0
DA:977,0
DA:978,0
DA:979,0
DA:984,0
DA:985,0
DA:989,0
DA:990,0
DA:991,0
DA:992,0
DA:995,0
DA:996,0
DA:1003,0
DA:1009,0
DA:1010,0
DA:1014,0
DA:1015,0
DA:1016,0
DA:1021,0
DA:1022,0
DA:1023,0
DA:1024,0
DA:1025,0
DA:1032,0
DA:1048,0
DA:1049,0
DA:1050,0
DA:1057,0
DA:1058,0
DA:1060,0
DA:1061,0
DA:1064,0
DA:1065,0
DA:1067,0
DA:1068,0
DA:1069,0
DA:1070,0
DA:1072,0
DA:1076,0
DA:1078,0
DA:1087,0
DA:1088,0
DA:1089,0
DA:1092,0
DA:1093,0
DA:1096,0
DA:1097,0
DA:1098,0
DA:1103,0
DA:1104,0
DA:1107,0
DA:1108,0
DA:1116,0
DA:1117,0
DA:1118,0
DA:1119,0
DA:1122,0
DA:1123,0
DA:1126,0
DA:1127,0
DA:1128,0
DA:1133,0
DA:1134,0
DA:1135,0
DA:1139,0
DA:1144,0
DA:1145,0
DA:1146,0
DA:1148,0
DA:1149,0
DA:1150,0
DA:1152,0
DA:1156,0
DA:1160,0
DA:1161,0
DA:1162,0
DA:1164,0
DA:1165,0
DA:1166,0
DA:1167,0
DA:1168,0
DA:1171,0
DA:1172,0
DA:1173,0
DA:1174,0
DA:1176,0
DA:1177,0
DA:1179,0
DA:1180,0
DA:1181,0
DA:1182,0
DA:1183,0
DA:1186,0
DA:1189,0
DA:1192,0
DA:1193,0
DA:1195,0
DA:1201,0
DA:1203,0
DA:1204,0
DA:1205,0
DA:1206,0
DA:1208,0
DA:1209,0
DA:1210,0
DA:1215,0
DA:1216,0
DA:1221,0
DA:1222,0
DA:1223,0
DA:1224,0
DA:1227,0
DA:1228,0
DA:1229,0
DA:1230,0
DA:1233,0
DA:1236,0
DA:1237,0
DA:1238,0
DA:1239,0
DA:1242,0
DA:1245,0
DA:1246,0
DA:1247,0
DA:1250,0
DA:1251,0
DA:1252,0
DA:1260,0
DA:1261,0
DA:1265,0
DA:1266,0
DA:1280,0
DA:1282,0
DA:1287,0
DA:1288,0
DA:1295,0
DA:1296,0
DA:1297,0
DA:1308,0
DA:1309,0
DA:1310,0
DA:1311,0
DA:1315,0
DA:1317,0
DA:1318,0
DA:1319,0
DA:1323,0
DA:1324,0
DA:1325,0
DA:1326,0
DA:1328,0
DA:1329,0
DA:1332,0
DA:1333,0
DA:1334,0
DA:1339,0
DA:1340,0
DA:1341,0
DA:1344,0
DA:1348,1
LF:470
LH:35
BRDA:4,0,0,0
BRDA:6,1,0,0
BRDA:6,1,1,0
BRDA:7,2,0,0
BRDA:7,2,1,0
BRDA:8,3,0,0
BRDA:8,3,1,0
BRDA:8,4,0,0
BRDA:8,4,1,0
BRDA:19,5,0,0
BRDA:19,5,1,0
BRDA:29,6,0,0
BRDA:29,6,1,0
BRDA:57,7,0,6
BRDA:57,7,1,0
BRDA:58,8,0,6
BRDA:58,8,1,6
BRDA:80,9,0,1
BRDA:80,9,1,0
BRDA:89,10,0,1
BRDA:89,10,1,0
BRDA:90,11,0,1
BRDA:90,11,1,1
BRDA:106,12,0,1
BRDA:106,12,1,0
BRDA:118,13,0,0
BRDA:124,14,0,0
BRDA:124,14,1,0
BRDA:124,15,0,0
BRDA:124,15,1,0
BRDA:127,16,0,0
BRDA:127,16,1,0
BRDA:128,17,0,0
BRDA:128,17,1,0
BRDA:137,18,0,0
BRDA:137,18,1,0
BRDA:139,19,0,0
BRDA:139,19,1,0
BRDA:146,20,0,0
BRDA:146,20,1,0
BRDA:151,21,0,0
BRDA:151,21,1,0
BRDA:152,22,0,0
BRDA:152,22,1,0
BRDA:156,23,0,0
BRDA:156,23,1,0
BRDA:156,24,0,0
BRDA:156,24,1,0
BRDA:160,25,0,0
BRDA:160,25,1,0
BRDA:160,26,0,0
BRDA:160,26,1,0
BRDA:161,27,0,0
BRDA:161,27,1,0
BRDA:203,28,0,0
BRDA:203,28,1,0
BRDA:209,29,0,0
BRDA:209,29,1,0
BRDA:215,30,0,0
BRDA:215,30,1,0
BRDA:230,31,0,0
BRDA:230,31,1,0
BRDA:231,32,0,0
BRDA:231,32,1,0
BRDA:249,33,0,0
BRDA:249,33,1,0
BRDA:262,34,0,0
BRDA:262,34,1,0
BRDA:264,35,0,0
BRDA:264,35,1,0
BRDA:265,36,0,0
BRDA:265,36,1,0
BRDA:265,37,0,0
BRDA:265,37,1,0
BRDA:270,38,0,0
BRDA:270,38,1,0
BRDA:281,39,0,0
BRDA:281,39,1,0
BRDA:282,40,0,0
BRDA:282,40,1,0
BRDA:284,41,0,0
BRDA:284,41,1,0
BRDA:285,42,0,0
BRDA:285,42,1,0
BRDA:288,43,0,0
BRDA:288,43,1,0
BRDA:289,44,0,0
BRDA:289,44,1,0
BRDA:299,45,0,0
BRDA:299,45,1,1
BRDA:302,46,0,0
BRDA:302,46,1,1
BRDA:312,47,0,0
BRDA:312,47,1,0
BRDA:322,48,0,0
BRDA:322,48,1,0
BRDA:324,49,0,0
BRDA:324,49,1,0
BRDA:325,50,0,0
BRDA:325,50,1,0
BRDA:328,51,0,0
BRDA:328,51,1,0
BRDA:329,52,0,0
BRDA:329,52,1,0
BRDA:329,53,0,0
BRDA:329,53,1,0
BRDA:334,54,0,0
BRDA:334,54,1,0
BRDA:334,55,0,0
BRDA:334,55,1,0
BRDA:339,56,0,0
BRDA:339,56,1,0
BRDA:340,57,0,0
BRDA:340,57,1,0
BRDA:340,58,0,0
BRDA:340,58,1,0
BRDA:349,59,0,0
BRDA:356,60,0,0
BRDA:356,60,1,0
BRDA:360,61,0,0
BRDA:360,61,1,0
BRDA:361,62,0,0
BRDA:361,62,1,0
BRDA:367,63,0,0
BRDA:367,63,1,0
BRDA:377,64,0,0
BRDA:377,64,1,0
BRDA:380,65,0,0
BRDA:380,65,1,0
BRDA:382,66,0,0
BRDA:382,66,1,0
BRDA:383,67,0,0
BRDA:383,67,1,0
BRDA:384,68,0,0
BRDA:384,68,1,0
BRDA:385,69,0,0
BRDA:385,69,1,0
BRDA:386,70,0,0
BRDA:386,70,1,0
BRDA:386,70,2,0
BRDA:389,71,0,0
BRDA:389,71,1,0
BRDA:400,72,0,0
BRDA:400,72,1,0
BRDA:404,73,0,0
BRDA:404,73,1,0
BRDA:413,74,0,0
BRDA:413,74,1,0
BRDA:414,75,0,0
BRDA:414,75,1,0
BRDA:443,76,0,0
BRDA:443,76,1,0
BRDA:452,77,0,0
BRDA:452,77,1,0
BRDA:457,78,0,0
BRDA:457,78,1,0
BRDA:457,78,2,0
BRDA:458,79,0,0
BRDA:458,79,1,0
BRDA:459,80,0,0
BRDA:459,80,1,0
BRDA:460,81,0,0
BRDA:460,81,1,0
BRDA:464,82,0,0
BRDA:464,82,1,0
BRDA:465,83,0,0
BRDA:465,83,1,0
BRDA:498,84,0,0
BRDA:498,84,1,0
BRDA:499,85,0,0
BRDA:499,85,1,0
BRDA:503,86,0,0
BRDA:503,86,1,0
BRDA:503,86,2,0
BRDA:504,87,0,0
BRDA:504,87,1,0
BRDA:505,88,0,0
BRDA:505,88,1,0
BRDA:506,89,0,0
BRDA:506,89,1,0
BRDA:506,89,2,0
BRDA:507,90,0,0
BRDA:507,90,1,0
BRDA:509,91,0,0
BRDA:509,91,1,0
BRDA:510,92,0,0
BRDA:510,92,1,0
BRDA:511,93,0,0
BRDA:511,93,1,0
BRDA:512,94,0,0
BRDA:512,94,1,0
BRDA:512,95,0,0
BRDA:512,95,1,0
BRDA:513,96,0,0
BRDA:513,96,1,0
BRDA:514,97,0,0
BRDA:514,97,1,0
BRDA:529,98,0,0
BRDA:529,98,1,0
BRDA:531,99,0,0
BRDA:531,99,1,0
BRDA:532,100,0,0
BRDA:532,100,1,0
BRDA:533,101,0,0
BRDA:533,101,1,0
BRDA:534,102,0,0
BRDA:534,102,1,0
BRDA:535,103,0,0
BRDA:535,103,1,0
BRDA:537,104,0,0
BRDA:537,104,1,0
BRDA:537,104,2,0
BRDA:542,105,0,0
BRDA:542,105,1,0
BRDA:555,106,0,0
BRDA:555,106,1,0
BRDA:555,107,0,0
BRDA:555,107,1,0
BRDA:560,108,0,0
BRDA:560,108,1,0
BRDA:560,108,2,0
BRDA:561,109,0,0
BRDA:561,109,1,0
BRDA:561,109,2,0
BRDA:572,110,0,0
BRDA:572,110,1,0
BRDA:579,111,0,0
BRDA:579,111,1,0
BRDA:583,112,0,0
BRDA:583,112,1,0
BRDA:648,113,0,0
BRDA:648,113,1,0
BRDA:650,114,0,0
BRDA:650,114,1,0
BRDA:651,115,0,0
BRDA:651,115,1,0
BRDA:652,116,0,0
BRDA:652,116,1,0
BRDA:653,117,0,0
BRDA:653,117,1,0
BRDA:654,118,0,0
BRDA:654,118,1,0
BRDA:656,119,0,0
BRDA:656,119,1,0
BRDA:657,120,0,0
BRDA:657,120,1,0
BRDA:658,121,0,0
BRDA:658,121,1,0
BRDA:659,122,0,0
BRDA:659,122,1,0
BRDA:660,123,0,0
BRDA:660,123,1,0
BRDA:661,124,0,0
BRDA:661,124,1,0
BRDA:662,125,0,0
BRDA:662,125,1,0
BRDA:663,126,0,0
BRDA:663,126,1,0
BRDA:665,127,0,0
BRDA:665,127,1,0
BRDA:665,127,2,0
BRDA:666,128,0,0
BRDA:666,128,1,0
BRDA:666,128,2,0
BRDA:667,129,0,0
BRDA:667,129,1,0
BRDA:667,129,2,0
BRDA:668,130,0,0
BRDA:668,130,1,0
BRDA:669,131,0,0
BRDA:669,131,1,0
BRDA:669,131,2,0
BRDA:670,132,0,0
BRDA:670,132,1,0
BRDA:671,133,0,0
BRDA:671,133,1,0
BRDA:671,134,0,0
BRDA:671,134,1,0
BRDA:672,135,0,0
BRDA:672,135,1,0
BRDA:672,136,0,0
BRDA:672,136,1,0
BRDA:673,137,0,0
BRDA:673,137,1,0
BRDA:673,138,0,0
BRDA:673,138,1,0
BRDA:674,139,0,0
BRDA:674,139,1,0
BRDA:674,140,0,0
BRDA:674,140,1,0
BRDA:675,141,0,0
BRDA:675,141,1,0
BRDA:681,142,0,0
BRDA:681,142,1,0
BRDA:683,143,0,0
BRDA:683,143,1,0
BRDA:684,144,0,0
BRDA:684,144,1,0
BRDA:685,145,0,0
BRDA:685,145,1,0
BRDA:686,146,0,0
BRDA:686,146,1,0
BRDA:686,147,0,0
BRDA:686,147,1,0
BRDA:779,148,0,0
BRDA:779,148,1,0
BRDA:784,149,0,0
BRDA:784,149,1,0
BRDA:788,150,0,0
BRDA:788,150,1,0
BRDA:804,151,0,0
BRDA:804,151,1,0
BRDA:805,152,0,0
BRDA:805,152,1,0
BRDA:808,153,0,0
BRDA:808,153,1,0
BRDA:809,154,0,0
BRDA:809,154,1,0
BRDA:810,155,0,0
BRDA:810,155,1,0
BRDA:813,156,0,0
BRDA:813,156,1,0
BRDA:815,157,0,0
BRDA:815,157,1,0
BRDA:815,158,0,0
BRDA:815,158,1,0
BRDA:815,159,0,0
BRDA:815,159,1,0
BRDA:815,160,0,0
BRDA:815,160,1,0
BRDA:816,161,0,0
BRDA:816,161,1,0
BRDA:816,162,0,0
BRDA:816,162,1,0
BRDA:817,163,0,0
BRDA:817,163,1,0
BRDA:817,164,0,0
BRDA:817,164,1,0
BRDA:818,165,0,0
BRDA:818,165,1,0
BRDA:818,166,0,0
BRDA:818,166,1,0
BRDA:832,167,0,0
BRDA:832,167,1,0
BRDA:835,168,0,0
BRDA:835,168,1,0
BRDA:837,169,0,0
BRDA:837,169,1,0
BRDA:839,170,0,0
BRDA:839,170,1,0
BRDA:847,171,0,0
BRDA:847,171,1,0
BRDA:849,172,0,0
BRDA:849,172,1,0
BRDA:852,173,0,0
BRDA:852,173,1,0
BRDA:852,174,0,0
BRDA:852,174,1,0
BRDA:852,175,0,0
BRDA:852,175,1,0
BRDA:853,176,0,0
BRDA:853,176,1,0
BRDA:857,177,0,0
BRDA:857,177,1,0
BRDA:861,178,0,0
BRDA:861,178,1,0
BRDA:861,179,0,0
BRDA:861,179,1,0
BRDA:871,180,0,0
BRDA:871,180,1,0
BRDA:871,181,0,0
BRDA:871,181,1,0
BRDA:871,182,0,0
BRDA:871,182,1,0
BRDA:877,183,0,0
BRDA:877,183,1,0
BRDA:880,184,0,0
BRDA:880,184,1,0
BRDA:884,185,0,0
BRDA:884,185,1,0
BRDA:893,186,0,0
BRDA:893,186,1,0
BRDA:900,187,0,0
BRDA:900,187,1,0
BRDA:902,188,0,0
BRDA:902,188,1,0
BRDA:903,189,0,0
BRDA:903,189,1,0
BRDA:904,190,0,0
BRDA:904,190,1,0
BRDA:905,191,0,0
BRDA:905,191,1,0
BRDA:909,192,0,0
BRDA:909,192,1,0
BRDA:918,193,0,0
BRDA:918,193,1,0
BRDA:920,194,0,0
BRDA:920,194,1,0
BRDA:921,195,0,0
BRDA:921,195,1,0
BRDA:922,196,0,0
BRDA:922,196,1,0
BRDA:923,197,0,0
BRDA:923,197,1,0
BRDA:927,198,0,0
BRDA:927,198,1,0
BRDA:931,199,0,0
BRDA:931,199,1,0
BRDA:934,200,0,0
BRDA:934,200,1,0
BRDA:939,201,0,0
BRDA:939,201,1,0
BRDA:942,202,0,0
BRDA:942,202,1,0
BRDA:943,203,0,0
BRDA:943,203,1,0
BRDA:962,204,0,0
BRDA:962,204,1,0
BRDA:962,205,0,0
BRDA:962,205,1,0
BRDA:970,206,0,0
BRDA:970,206,1,0
BRDA:971,207,0,0
BRDA:971,207,1,0
BRDA:972,208,0,0
BRDA:972,208,1,0
BRDA:979,209,0,0
BRDA:979,209,1,0
BRDA:985,210,0,0
BRDA:985,210,1,0
BRDA:990,211,0,0
BRDA:990,211,1,0
BRDA:991,212,0,0
BRDA:991,212,1,0
BRDA:1009,213,0,0
BRDA:1009,213,1,0
BRDA:1009,214,0,0
BRDA:1009,214,1,0
BRDA:1016,215,0,0
BRDA:1016,215,1,0
BRDA:1022,216,0,0
BRDA:1022,216,1,0
BRDA:1023,217,0,0
BRDA:1023,217,1,0
BRDA:1050,218,0,0
BRDA:1050,218,1,0
BRDA:1058,219,0,0
BRDA:1058,219,1,0
BRDA:1062,220,0,0
BRDA:1062,220,1,0
BRDA:1064,221,0,0
BRDA:1064,221,1,0
BRDA:1071,222,0,0
BRDA:1071,222,1,0
BRDA:1071,223,0,0
BRDA:1071,223,1,0
BRDA:1072,224,0,0
BRDA:1072,224,1,0
BRDA:1088,225,0,0
BRDA:1088,225,1,0
BRDA:1089,226,0,0
BRDA:1089,226,1,0
BRDA:1093,227,0,0
BRDA:1093,227,1,0
BRDA:1098,228,0,0
BRDA:1098,228,1,0
BRDA:1105,229,0,0
BRDA:1105,229,1,0
BRDA:1105,230,0,0
BRDA:1105,230,1,0
BRDA:1107,231,0,0
BRDA:1107,231,1,0
BRDA:1117,232,0,0
BRDA:1117,232,1,0
BRDA:1118,233,0,0
BRDA:1118,233,1,0
BRDA:1119,234,0,0
BRDA:1119,234,1,0
BRDA:1123,235,0,0
BRDA:1123,235,1,0
BRDA:1128,236,0,0
BRDA:1128,236,1,0
BRDA:1135,237,0,0
BRDA:1135,237,1,0
BRDA:1145,238,0,0
BRDA:1145,238,1,0
BRDA:1146,239,0,0
BRDA:1146,239,1,0
BRDA:1152,240,0,0
BRDA:1152,240,1,0
BRDA:1161,241,0,0
BRDA:1161,241,1,0
BRDA:1162,242,0,0
BRDA:1162,242,1,0
BRDA:1162,243,0,0
BRDA:1162,243,1,0
BRDA:1166,244,0,0
BRDA:1166,244,1,0
BRDA:1167,245,0,0
BRDA:1167,245,1,0
BRDA:1168,246,0,0
BRDA:1168,246,1,0
BRDA:1171,247,0,0
BRDA:1171,247,1,0
BRDA:1171,248,0,0
BRDA:1171,248,1,0
BRDA:1171,248,2,0
BRDA:1173,249,0,0
BRDA:1173,249,1,0
BRDA:1174,250,0,0
BRDA:1174,250,1,0
BRDA:1177,251,0,0
BRDA:1177,251,1,0
BRDA:1177,252,0,0
BRDA:1177,252,1,0
BRDA:1182,253,0,0
BRDA:1182,253,1,0
BRDA:1183,254,0,0
BRDA:1183,254,1,0
BRDA:1186,255,0,0
BRDA:1186,255,1,0
BRDA:1194,256,0,0
BRDA:1194,256,1,0
BRDA:1195,257,0,0
BRDA:1195,257,1,0
BRDA:1201,258,0,0
BRDA:1201,258,1,0
BRDA:1201,259,0,0
BRDA:1201,259,1,0
BRDA:1201,259,2,0
BRDA:1203,260,0,0
BRDA:1203,260,1,0
BRDA:1208,261,0,0
BRDA:1208,261,1,0
BRDA:1222,262,0,0
BRDA:1222,262,1,0
BRDA:1223,263,0,0
BRDA:1223,263,1,0
BRDA:1224,264,0,0
BRDA:1224,264,1,0
BRDA:1229,265,0,0
BRDA:1229,265,1,0
BRDA:1233,266,0,0
BRDA:1233,266,1,0
BRDA:1238,267,0,0
BRDA:1238,267,1,0
BRDA:1242,268,0,0
BRDA:1242,268,1,0
BRDA:1247,269,0,0
BRDA:1247,269,1,0
BRDA:1252,270,0,0
BRDA:1252,270,1,0
BRDA:1265,271,0,0
BRDA:1265,271,1,0
BRDA:1267,272,0,0
BRDA:1267,272,1,0
BRDA:1268,273,0,0
BRDA:1268,273,1,0
BRDA:1270,274,0,0
BRDA:1270,274,1,0
BRDA:1271,275,0,0
BRDA:1271,275,1,0
BRDA:1272,276,0,0
BRDA:1272,276,1,0
BRDA:1273,277,0,0
BRDA:1273,277,1,0
BRDA:1287,278,0,0
BRDA:1287,278,1,0
BRDA:1297,279,0,0
BRDA:1297,279,1,0
BRDA:1310,280,0,0
BRDA:1310,280,1,0
BRDA:1315,281,0,0
BRDA:1315,281,1,0
BRDA:1317,282,0,0
BRDA:1317,282,1,0
BRDA:1318,283,0,0
BRDA:1318,283,1,0
BRDA:1324,284,0,0
BRDA:1324,284,1,0
BRDA:1328,285,0,0
BRDA:1328,285,1,0
BRDA:1332,286,0,0
BRDA:1332,286,1,0
BRDA:1333,287,0,0
BRDA:1333,287,1,0
BRDA:1340,288,0,0
BRDA:1340,288,1,0
BRF:588
BRH:10
end_of_record
